<?xml version="1.0" encoding="UTF-8"?>
<testsuite name="com.nortal.clark.training.simulator.TrainingSimulatorSpeedCalculationTest" tests="5" skipped="0" failures="0" errors="0" timestamp="2022-06-25T08:34:07" hostname="DESKTOP-UME1DA6" time="0.003">
  <properties/>
  <testcase name="testCalculateAchievedSpeedsWithNoEffort()" classname="com.nortal.clark.training.simulator.TrainingSimulatorSpeedCalculationTest" time="0.0"/>
  <testcase name="testCalculateNewSpeedWithDrag()" classname="com.nortal.clark.training.simulator.TrainingSimulatorSpeedCalculationTest" time="0.0"/>
  <testcase name="testCalculateAchievedSpeedsMovingVerticalDirection()" classname="com.nortal.clark.training.simulator.TrainingSimulatorSpeedCalculationTest" time="0.001"/>
  <testcase name="testCalculateNewSpeedWithDragWhileStopping()" classname="com.nortal.clark.training.simulator.TrainingSimulatorSpeedCalculationTest" time="0.001"/>
  <testcase name="testCalculateNewSpeedFormula()" classname="com.nortal.clark.training.simulator.TrainingSimulatorSpeedCalculationTest" time="0.0"/>
  <system-out><![CDATA[]]></system-out>
  <system-err><![CDATA[]]></system-err>
</testsuite>
