<?xml version="1.0" encoding="UTF-8"?>
<testsuite name="com.nortal.clark.training.test.provided.SimpleStraightTest" tests="4" skipped="0" failures="0" errors="0" timestamp="2022-06-25T08:34:14" hostname="DESKTOP-UME1DA6" time="7.896">
  <properties/>
  <testcase name="targetsDiagonal()" classname="com.nortal.clark.training.test.provided.SimpleStraightTest" time="2.923"/>
  <testcase name="testStraightLineSingleTarget()" classname="com.nortal.clark.training.test.provided.SimpleStraightTest" time="1.586"/>
  <testcase name="twoTargetsXAxis()" classname="com.nortal.clark.training.test.provided.SimpleStraightTest" time="2.099"/>
  <testcase name="twoTargetsYAxis()" classname="com.nortal.clark.training.test.provided.SimpleStraightTest" time="1.287"/>
  <system-out><![CDATA[Clark {horizontal=0.0, vertical=0.0, position=(1 ; 1)} ->> x=100, y=100
VoiceCommand(direction=EAST, speedLevel=L4_MACH_9350)
Clark {horizontal=1.2, vertical=0.0, position=(1 ; 1)} ->> x=100, y=100
VoiceCommand(direction=EAST, speedLevel=L4_MACH_9350)
Clark {horizontal=2.3964, vertical=0.0, position=(2 ; 1)} ->> x=100, y=100
VoiceCommand(direction=EAST, speedLevel=L4_MACH_9350)
Clark {horizontal=3.5820431675999997, vertical=0.0, position=(3 ; 1)} ->> x=100, y=100
VoiceCommand(direction=EAST, speedLevel=L4_MACH_9350)
Clark {horizontal=4.7499655844636255, vertical=0.0, position=(5 ; 1)} ->> x=100, y=100
VoiceCommand(direction=EAST, speedLevel=L4_MACH_9350)
Clark {horizontal=5.893560151829654, vertical=0.0, position=(8 ; 1)} ->> x=100, y=100
VoiceCommand(direction=EAST, speedLevel=L4_MACH_9350)
Clark {horizontal=7.006725023671567, vertical=0.0, position=(11 ; 1)} ->> x=100, y=100
VoiceCommand(direction=EAST, speedLevel=L4_MACH_9350)
Clark {horizontal=8.083989534778205, vertical=0.0, position=(15 ; 1)} ->> x=100, y=100
VoiceCommand(direction=EAST, speedLevel=L4_MACH_9350)
Clark {horizontal=9.120612317782196, vertical=0.0, position=(19 ; 1)} ->> x=100, y=100
VoiceCommand(direction=EAST, speedLevel=L4_MACH_9350)
Clark {horizontal=10.112648395153995, vertical=0.0, position=(24 ; 1)} ->> x=100, y=100
VoiceCommand(direction=EAST, speedLevel=L4_MACH_9350)
Clark {horizontal=11.056984251243968, vertical=0.0, position=(29 ; 1)} ->> x=100, y=100
VoiceCommand(direction=EAST, speedLevel=L4_MACH_9350)
Clark {horizontal=11.951341999413325, vertical=0.0, position=(35 ; 1)} ->> x=100, y=100
VoiceCommand(direction=EAST, speedLevel=L4_MACH_9350)
Clark {horizontal=12.794255560445972, vertical=0.0, position=(41 ; 1)} ->> x=100, y=100
VoiceCommand(direction=EAST, speedLevel=L4_MACH_9350)
Clark {horizontal=13.585023122080965, vertical=0.0, position=(48 ; 1)} ->> x=100, y=100
VoiceCommand(direction=EAST, speedLevel=L4_MACH_9350)
Clark {horizontal=14.32364098901228, vertical=0.0, position=(55 ; 1)} ->> x=100, y=100
VoiceCommand(direction=EAST, speedLevel=L2_SUB_SONIC)
Clark {horizontal=14.010724261056998, vertical=0.0, position=(62 ; 1)} ->> x=100, y=100
VoiceCommand(direction=EAST, speedLevel=L2_SUB_SONIC)
Clark {horizontal=13.719973275258571, vertical=0.0, position=(69 ; 1)} ->> x=100, y=100
VoiceCommand(direction=EAST, speedLevel=L2_SUB_SONIC)
Clark {horizontal=13.449379108574048, vertical=0.0, position=(76 ; 1)} ->> x=100, y=100
VoiceCommand(direction=EAST, speedLevel=L2_SUB_SONIC)
Clark {horizontal=13.197164612558678, vertical=0.0, position=(83 ; 1)} ->> x=100, y=100
VoiceCommand(direction=EAST, speedLevel=L2_SUB_SONIC)
Clark {horizontal=12.96175172803125, vertical=0.0, position=(90 ; 1)} ->> x=100, y=100
VoiceCommand(direction=EAST, speedLevel=L3_SUPER_SONIC)
Clark {horizontal=13.241734208383448, vertical=0.0, position=(97 ; 1)} ->> x=100, y=100
VoiceCommand(direction=EAST, speedLevel=L3_SUPER_SONIC)
Clark {horizontal=13.503375396269767, vertical=0.0, position=(104 ; 1)} ->> x=100, y=100
VoiceCommand(direction=WEST, speedLevel=L3_SUPER_SONIC)
Clark {horizontal=10.747522528538308, vertical=0.0, position=(110 ; 1)} ->> x=100, y=100
VoiceCommand(direction=WEST, speedLevel=L3_SUPER_SONIC)
Clark {horizontal=8.158749427284711, vertical=0.0, position=(115 ; 1)} ->> x=100, y=100
VoiceCommand(direction=WEST, speedLevel=L2_SUB_SONIC)
Clark {horizontal=6.192336446741664, vertical=0.0, position=(119 ; 1)} ->> x=100, y=100
VoiceCommand(direction=WEST, speedLevel=L2_SUB_SONIC)
Clark {horizontal=4.296473870067551, vertical=0.0, position=(122 ; 1)} ->> x=100, y=100
VoiceCommand(direction=WEST, speedLevel=L2_SUB_SONIC)
Clark {horizontal=2.4503246507771177, vertical=0.0, position=(124 ; 1)} ->> x=100, y=100
VoiceCommand(direction=WEST, speedLevel=L2_SUB_SONIC)
Clark {horizontal=0.6353144235416026, vertical=0.0, position=(125 ; 1)} ->> x=100, y=100
VoiceCommand(direction=WEST, speedLevel=L2_SUB_SONIC)
Clark {horizontal=-1.1656946375002974, vertical=0.0, position=(125 ; 1)} ->> x=100, y=100
VoiceCommand(direction=WEST, speedLevel=L2_SUB_SONIC)
Clark {horizontal=-1.362297527530555, vertical=0.0, position=(124 ; 1)} ->> x=100, y=100
VoiceCommand(direction=WEST, speedLevel=L2_SUB_SONIC)
Clark {horizontal=-1.5576578911467656, vertical=0.0, position=(123 ; 1)} ->> x=100, y=100
VoiceCommand(direction=WEST, speedLevel=L2_SUB_SONIC)
Clark {horizontal=-1.7515921458821362, vertical=0.0, position=(122 ; 1)} ->> x=100, y=100
VoiceCommand(direction=WEST, speedLevel=L2_SUB_SONIC)
Clark {horizontal=-1.943921958268346, vertical=0.0, position=(121 ; 1)} ->> x=100, y=100
VoiceCommand(direction=WEST, speedLevel=L2_SUB_SONIC)
Clark {horizontal=-2.1344748768187514, vertical=0.0, position=(120 ; 1)} ->> x=100, y=100
VoiceCommand(direction=WEST, speedLevel=L2_SUB_SONIC)
Clark {horizontal=-2.3230849193193253, vertical=0.0, position=(119 ; 1)} ->> x=100, y=100
VoiceCommand(direction=WEST, speedLevel=L2_SUB_SONIC)
Clark {horizontal=-2.509593110463403, vertical=0.0, position=(118 ; 1)} ->> x=100, y=100
VoiceCommand(direction=WEST, speedLevel=L2_SUB_SONIC)
Clark {horizontal=-2.6938479665131894, vertical=0.0, position=(117 ; 1)} ->> x=100, y=100
VoiceCommand(direction=WEST, speedLevel=L2_SUB_SONIC)
Clark {horizontal=-2.8757059243464713, vertical=0.0, position=(116 ; 1)} ->> x=100, y=100
VoiceCommand(direction=WEST, speedLevel=L2_SUB_SONIC)
Clark {horizontal=-3.0550317129381677, vertical=0.0, position=(115 ; 1)} ->> x=100, y=100
VoiceCommand(direction=WEST, speedLevel=L2_SUB_SONIC)
Clark {horizontal=-3.231698666020523, vertical=0.0, position=(113 ; 1)} ->> x=100, y=100
VoiceCommand(direction=WEST, speedLevel=L2_SUB_SONIC)
Clark {horizontal=-3.405588975350626, vertical=0.0, position=(111 ; 1)} ->> x=100, y=100
VoiceCommand(direction=WEST, speedLevel=L2_SUB_SONIC)
Clark {horizontal=-3.5765938846780516, vertical=0.0, position=(109 ; 1)} ->> x=100, y=100
VoiceCommand(direction=WEST, speedLevel=L3_SUPER_SONIC)
Clark {horizontal=-4.24461382513826, vertical=0.0, position=(107 ; 1)} ->> x=100, y=100
VoiceCommand(direction=WEST, speedLevel=L3_SUPER_SONIC)
Clark {horizontal=-4.899571958826873, vertical=0.0, position=(105 ; 1)} ->> x=100, y=100
VoiceCommand(direction=WEST, speedLevel=L3_SUPER_SONIC)
Clark {horizontal=-5.539557445377566, vertical=0.0, position=(102 ; 1)} ->> x=100, y=100
VoiceCommand(direction=NORTH, speedLevel=L4_MACH_9350)
Clark {horizontal=-4.662840703650971, vertical=1.2, position=(99 ; 1)} ->> x=100, y=100
VoiceCommand(direction=NORTH, speedLevel=L4_MACH_9350)
Clark {horizontal=-3.8084854950819107, vertical=2.3964, position=(97 ; 2)} ->> x=100, y=100
VoiceCommand(direction=EAST, speedLevel=L3_SUPER_SONIC)
Clark {horizontal=-1.4722240906662876, vertical=1.5820431675999997, position=(96 ; 3)} ->> x=100, y=100
VoiceCommand(direction=EAST, speedLevel=L3_SUPER_SONIC)
Clark {horizontal=0.8331945187665579, vertical=0.7757860161396251, position=(96 ; 4)} ->> x=100, y=100
VoiceCommand(direction=EAST, speedLevel=L3_SUPER_SONIC)
Clark {horizontal=1.5314589860013013, vertical=0.0, position=(97 ; 4)} ->> x=100, y=100
VoiceCommand(direction=EAST, speedLevel=L3_SUPER_SONIC)
Clark {horizontal=2.225595569436791, vertical=0.0, position=(98 ; 4)} ->> x=100, y=100
VoiceCommand(direction=NORTH, speedLevel=L4_MACH_9350)
Clark {horizontal=1.4132123803400491, vertical=1.2, position=(99 ; 4)} ->> x=100, y=100
VoiceCommand(direction=NORTH, speedLevel=L4_MACH_9350)
Clark {horizontal=0.6082194572601831, vertical=2.3964, position=(100 ; 5)} ->> x=100, y=100
VoiceCommand(direction=NORTH, speedLevel=L4_MACH_9350)
Clark {horizontal=0.0, vertical=3.5820431675999997, position=(100 ; 6)} ->> x=100, y=100
VoiceCommand(direction=NORTH, speedLevel=L4_MACH_9350)
Clark {horizontal=0.0, vertical=4.7499655844636255, position=(100 ; 8)} ->> x=100, y=100
VoiceCommand(direction=NORTH, speedLevel=L4_MACH_9350)
Clark {horizontal=0.0, vertical=5.893560151829654, position=(100 ; 11)} ->> x=100, y=100
VoiceCommand(direction=NORTH, speedLevel=L4_MACH_9350)
Clark {horizontal=0.0, vertical=7.006725023671567, position=(100 ; 14)} ->> x=100, y=100
VoiceCommand(direction=NORTH, speedLevel=L4_MACH_9350)
Clark {horizontal=0.0, vertical=8.083989534778205, position=(100 ; 18)} ->> x=100, y=100
VoiceCommand(direction=NORTH, speedLevel=L4_MACH_9350)
Clark {horizontal=0.0, vertical=9.120612317782196, position=(100 ; 22)} ->> x=100, y=100
VoiceCommand(direction=NORTH, speedLevel=L4_MACH_9350)
Clark {horizontal=0.0, vertical=10.112648395153995, position=(100 ; 27)} ->> x=100, y=100
VoiceCommand(direction=NORTH, speedLevel=L4_MACH_9350)
Clark {horizontal=0.0, vertical=11.056984251243968, position=(100 ; 32)} ->> x=100, y=100
VoiceCommand(direction=NORTH, speedLevel=L4_MACH_9350)
Clark {horizontal=0.0, vertical=11.951341999413325, position=(100 ; 38)} ->> x=100, y=100
VoiceCommand(direction=NORTH, speedLevel=L4_MACH_9350)
Clark {horizontal=0.0, vertical=12.794255560445972, position=(100 ; 44)} ->> x=100, y=100
VoiceCommand(direction=NORTH, speedLevel=L4_MACH_9350)
Clark {horizontal=0.0, vertical=13.585023122080965, position=(100 ; 51)} ->> x=100, y=100
VoiceCommand(direction=NORTH, speedLevel=L4_MACH_9350)
Clark {horizontal=0.0, vertical=14.32364098901228, position=(100 ; 58)} ->> x=100, y=100
VoiceCommand(direction=NORTH, speedLevel=L2_SUB_SONIC)
Clark {horizontal=0.0, vertical=14.010724261056998, position=(100 ; 65)} ->> x=100, y=100
VoiceCommand(direction=NORTH, speedLevel=L2_SUB_SONIC)
Clark {horizontal=0.0, vertical=13.719973275258571, position=(100 ; 72)} ->> x=100, y=100
VoiceCommand(direction=NORTH, speedLevel=L2_SUB_SONIC)
Clark {horizontal=0.0, vertical=13.449379108574048, position=(100 ; 79)} ->> x=100, y=100
VoiceCommand(direction=NORTH, speedLevel=L2_SUB_SONIC)
Clark {horizontal=0.0, vertical=13.197164612558678, position=(100 ; 86)} ->> x=100, y=100
VoiceCommand(direction=NORTH, speedLevel=L2_SUB_SONIC)
Clark {horizontal=0.0, vertical=12.96175172803125, position=(100 ; 93)} ->> x=100, y=100
VoiceCommand(direction=NORTH, speedLevel=L3_SUPER_SONIC)
Clark {horizontal=0.0, vertical=13.241734208383448, position=(100 ; 100)} ->> x=100, y=100
Removing target
VoiceCommand(direction=SOUTH, speedLevel=L0_RUNNING_HUMAN)
Clark {horizontal=0.0, vertical=12.003375396269767, position=(100 ; 106)} ->> x=150, y=150
VoiceCommand(direction=EAST, speedLevel=L4_MACH_9350)
Clark {horizontal=1.2, vertical=10.843172844010331, position=(100 ; 112)} ->> x=150, y=150
VoiceCommand(direction=EAST, speedLevel=L4_MACH_9350)
Clark {horizontal=2.3964, vertical=9.749236850697624, position=(101 ; 117)} ->> x=150, y=150
VoiceCommand(direction=EAST, speedLevel=L4_MACH_9350)
Clark {horizontal=3.5820431675999997, vertical=8.711617802770123, position=(102 ; 122)} ->> x=150, y=150
VoiceCommand(direction=EAST, speedLevel=L4_MACH_9350)
Clark {horizontal=4.7499655844636255, vertical=7.721887090916269, position=(104 ; 126)} ->> x=150, y=150
VoiceCommand(direction=EAST, speedLevel=L4_MACH_9350)
Clark {horizontal=5.893560151829654, vertical=6.772818240304121, position=(107 ; 130)} ->> x=150, y=150
VoiceCommand(direction=EAST, speedLevel=L2_SUB_SONIC)
Clark {horizontal=6.006725023671567, vertical=5.85814057301363, position=(110 ; 133)} ->> x=150, y=150
VoiceCommand(direction=EAST, speedLevel=L2_SUB_SONIC)
Clark {horizontal=6.116523159896562, vertical=4.972346045580659, position=(113 ; 136)} ->> x=150, y=150
VoiceCommand(direction=EAST, speedLevel=L2_SUB_SONIC)
Clark {horizontal=6.222993520982684, vertical=4.110535482588155, position=(116 ; 138)} ->> x=150, y=150
VoiceCommand(direction=EAST, speedLevel=L2_SUB_SONIC)
Clark {horizontal=6.326179400077203, vertical=3.2682942277041143, position=(119 ; 140)} ->> x=150, y=150
VoiceCommand(direction=EAST, speedLevel=L2_SUB_SONIC)
Clark {horizontal=6.4261280355723, vertical=2.4415898598070043, position=(122 ; 141)} ->> x=150, y=150
VoiceCommand(direction=EAST, speedLevel=L2_SUB_SONIC)
Clark {horizontal=6.522890231748379, vertical=1.6266864571982231, position=(125 ; 142)} ->> x=150, y=150
VoiceCommand(direction=EAST, speedLevel=L2_SUB_SONIC)
Clark {horizontal=6.616519989309783, vertical=0.8200711851231428, position=(128 ; 143)} ->> x=150, y=150
VoiceCommand(direction=EAST, speedLevel=L2_SUB_SONIC)
Clark {horizontal=6.707074147387443, vertical=0.018389893251469558, position=(131 ; 143)} ->> x=150, y=150
VoiceCommand(direction=EAST, speedLevel=L2_SUB_SONIC)
Clark {horizontal=6.794612038341061, vertical=0.0, position=(134 ; 143)} ->> x=150, y=150
VoiceCommand(direction=EAST, speedLevel=L2_SUB_SONIC)
Clark {horizontal=6.879195156462138, vertical=0.0, position=(137 ; 143)} ->> x=150, y=150
VoiceCommand(direction=EAST, speedLevel=L3_SUPER_SONIC)
Clark {horizontal=7.4608868414604075, vertical=0.0, position=(141 ; 143)} ->> x=150, y=150
VoiceCommand(direction=EAST, speedLevel=L3_SUPER_SONIC)
Clark {horizontal=8.021724760307714, vertical=0.0, position=(145 ; 143)} ->> x=150, y=150
VoiceCommand(direction=EAST, speedLevel=L3_SUPER_SONIC)
Clark {horizontal=8.56085458998238, vertical=0.0, position=(149 ; 143)} ->> x=150, y=150
VoiceCommand(direction=NORTH, speedLevel=L3_SUPER_SONIC)
Clark {horizontal=7.5776340117053245, vertical=0.7, position=(153 ; 143)} ->> x=150, y=150
VoiceCommand(direction=WEST, speedLevel=L3_SUPER_SONIC)
Clark {horizontal=5.134082668666942, vertical=0.0, position=(156 ; 143)} ->> x=150, y=150
VoiceCommand(direction=WEST, speedLevel=L3_SUPER_SONIC)
Clark {horizontal=2.768185656545176, vertical=0.0, position=(158 ; 143)} ->> x=150, y=150
VoiceCommand(direction=WEST, speedLevel=L3_SUPER_SONIC)
Clark {horizontal=0.4490285269724197, vertical=0.0, position=(159 ; 143)} ->> x=150, y=150
VoiceCommand(direction=WEST, speedLevel=L3_SUPER_SONIC)
Clark {horizontal=-1.851475539572668, vertical=0.0, position=(159 ; 143)} ->> x=150, y=150
VoiceCommand(direction=WEST, speedLevel=L3_SUPER_SONIC)
Clark {horizontal=-2.5429056353885784, vertical=0.0, position=(158 ; 143)} ->> x=150, y=150
VoiceCommand(direction=WEST, speedLevel=L3_SUPER_SONIC)
Clark {horizontal=-3.2267397127123507, vertical=0.0, position=(157 ; 143)} ->> x=150, y=150
VoiceCommand(direction=WEST, speedLevel=L3_SUPER_SONIC)
Clark {horizontal=-3.900710089778363, vertical=0.0, position=(155 ; 143)} ->> x=150, y=150
VoiceCommand(direction=WEST, speedLevel=L3_SUPER_SONIC)
Clark {horizontal=-4.5626712417671165, vertical=0.0, position=(153 ; 143)} ->> x=150, y=150
VoiceCommand(direction=WEST, speedLevel=L3_SUPER_SONIC)
Clark {horizontal=-5.2106263196159945, vertical=0.0, position=(151 ; 143)} ->> x=150, y=150
VoiceCommand(direction=NORTH, speedLevel=L3_SUPER_SONIC)
Clark {horizontal=-4.342749753009307, vertical=0.7, position=(149 ; 143)} ->> x=150, y=150
VoiceCommand(direction=NORTH, speedLevel=L3_SUPER_SONIC)
Clark {horizontal=-3.495601064466151, vertical=1.3987749999999999, position=(147 ; 144)} ->> x=150, y=150
VoiceCommand(direction=EAST, speedLevel=L3_SUPER_SONIC)
Clark {horizontal=-1.1650529974614083, vertical=0.5938835712484374, position=(146 ; 144)} ->> x=150, y=150
VoiceCommand(direction=EAST, speedLevel=L3_SUPER_SONIC)
Clark {horizontal=1.1383403737558262, vertical=0.0, position=(146 ; 144)} ->> x=150, y=150
VoiceCommand(direction=EAST, speedLevel=L3_SUPER_SONIC)
Clark {horizontal=1.8351008267395197, vertical=0.0, position=(147 ; 144)} ->> x=150, y=150
VoiceCommand(direction=EAST, speedLevel=L3_SUPER_SONIC)
Clark {horizontal=2.5266818391287695, vertical=0.0, position=(148 ; 144)} ->> x=150, y=150
VoiceCommand(direction=NORTH, speedLevel=L3_SUPER_SONIC)
Clark {horizontal=1.7107215363383115, vertical=0.7, position=(149 ; 144)} ->> x=150, y=150
VoiceCommand(direction=NORTH, speedLevel=L3_SUPER_SONIC)
Clark {horizontal=0.9034051159010822, vertical=1.3987749999999999, position=(150 ; 145)} ->> x=150, y=150
VoiceCommand(direction=NORTH, speedLevel=L3_SUPER_SONIC)
Clark {horizontal=0.1013647638924915, vertical=2.0938835712484374, position=(150 ; 146)} ->> x=150, y=150
VoiceCommand(direction=NORTH, speedLevel=L3_SUPER_SONIC)
Clark {horizontal=0.0, vertical=2.782922700223577, position=(150 ; 147)} ->> x=150, y=150
VoiceCommand(direction=NORTH, speedLevel=L3_SUPER_SONIC)
Clark {horizontal=0.0, vertical=3.463561053335028, position=(150 ; 149)} ->> x=150, y=150
Removing target
VoiceCommand(direction=SOUTH, speedLevel=L0_RUNNING_HUMAN)
Clark {horizontal=0.0, vertical=2.63357041540958, position=(150 ; 151)} ->> x=250, y=250
VoiceCommand(direction=EAST, speedLevel=L4_MACH_9350)
Clark {horizontal=1.2, vertical=1.8162311825772783, position=(150 ; 152)} ->> x=250, y=250
VoiceCommand(direction=EAST, speedLevel=L4_MACH_9350)
Clark {horizontal=2.3964, vertical=1.0079844433058631, position=(151 ; 153)} ->> x=250, y=250
VoiceCommand(direction=EAST, speedLevel=L4_MACH_9350)
Clark {horizontal=3.5820431675999997, vertical=0.20544436171099645, position=(152 ; 153)} ->> x=250, y=250
VoiceCommand(direction=EAST, speedLevel=L4_MACH_9350)
Clark {horizontal=4.7499655844636255, vertical=0.0, position=(154 ; 153)} ->> x=250, y=250
VoiceCommand(direction=EAST, speedLevel=L4_MACH_9350)
Clark {horizontal=5.893560151829654, vertical=0.0, position=(157 ; 153)} ->> x=250, y=250
VoiceCommand(direction=EAST, speedLevel=L4_MACH_9350)
Clark {horizontal=7.006725023671567, vertical=0.0, position=(160 ; 153)} ->> x=250, y=250
VoiceCommand(direction=EAST, speedLevel=L4_MACH_9350)
Clark {horizontal=8.083989534778205, vertical=0.0, position=(164 ; 153)} ->> x=250, y=250
VoiceCommand(direction=EAST, speedLevel=L4_MACH_9350)
Clark {horizontal=9.120612317782196, vertical=0.0, position=(168 ; 153)} ->> x=250, y=250
VoiceCommand(direction=EAST, speedLevel=L4_MACH_9350)
Clark {horizontal=10.112648395153995, vertical=0.0, position=(173 ; 153)} ->> x=250, y=250
VoiceCommand(direction=EAST, speedLevel=L4_MACH_9350)
Clark {horizontal=11.056984251243968, vertical=0.0, position=(178 ; 153)} ->> x=250, y=250
VoiceCommand(direction=EAST, speedLevel=L4_MACH_9350)
Clark {horizontal=11.951341999413325, vertical=0.0, position=(184 ; 153)} ->> x=250, y=250
VoiceCommand(direction=EAST, speedLevel=L4_MACH_9350)
Clark {horizontal=12.794255560445972, vertical=0.0, position=(190 ; 153)} ->> x=250, y=250
VoiceCommand(direction=EAST, speedLevel=L4_MACH_9350)
Clark {horizontal=13.585023122080965, vertical=0.0, position=(197 ; 153)} ->> x=250, y=250
VoiceCommand(direction=EAST, speedLevel=L4_MACH_9350)
Clark {horizontal=14.32364098901228, vertical=0.0, position=(204 ; 153)} ->> x=250, y=250
VoiceCommand(direction=EAST, speedLevel=L4_MACH_9350)
Clark {horizontal=15.010724261056998, vertical=0.0, position=(211 ; 153)} ->> x=250, y=250
VoiceCommand(direction=EAST, speedLevel=L2_SUB_SONIC)
Clark {horizontal=14.647419653953285, vertical=0.0, position=(218 ; 153)} ->> x=250, y=250
VoiceCommand(direction=EAST, speedLevel=L2_SUB_SONIC)
Clark {horizontal=14.311052397655743, vertical=0.0, position=(225 ; 153)} ->> x=250, y=250
VoiceCommand(direction=EAST, speedLevel=L2_SUB_SONIC)
Clark {horizontal=13.999036845834622, vertical=0.0, position=(232 ; 153)} ->> x=250, y=250
VoiceCommand(direction=EAST, speedLevel=L2_SUB_SONIC)
Clark {horizontal=13.709104264307033, vertical=0.0, position=(239 ; 153)} ->> x=250, y=250
VoiceCommand(direction=EAST, speedLevel=L3_SUPER_SONIC)
Clark {horizontal=13.93925541498293, vertical=0.0, position=(246 ; 153)} ->> x=250, y=250
VoiceCommand(direction=EAST, speedLevel=L3_SUPER_SONIC)
Clark {horizontal=14.153498311172603, vertical=0.0, position=(253 ; 153)} ->> x=250, y=250
VoiceCommand(direction=WEST, speedLevel=L3_SUPER_SONIC)
Clark {horizontal=11.35269452506169, vertical=0.0, position=(259 ; 153)} ->> x=250, y=250
VoiceCommand(direction=WEST, speedLevel=L3_SUPER_SONIC)
Clark {horizontal=8.730485342613274, vertical=0.0, position=(264 ; 153)} ->> x=250, y=250
VoiceCommand(direction=WEST, speedLevel=L2_SUB_SONIC)
Clark {horizontal=6.7399319068193115, vertical=0.0, position=(268 ; 153)} ->> x=250, y=250
VoiceCommand(direction=WEST, speedLevel=L2_SUB_SONIC)
Clark {horizontal=4.826365201547909, vertical=0.0, position=(271 ; 153)} ->> x=250, y=250
VoiceCommand(direction=WEST, speedLevel=L2_SUB_SONIC)
Clark {horizontal=2.9681306989011276, vertical=0.0, position=(273 ; 153)} ->> x=250, y=250
VoiceCommand(direction=WEST, speedLevel=L2_SUB_SONIC)
Clark {horizontal=1.1461061992867294, vertical=0.0, position=(274 ; 153)} ->> x=250, y=250
VoiceCommand(direction=WEST, speedLevel=L2_SUB_SONIC)
Clark {horizontal=-0.6571776992633793, vertical=0.0, position=(274 ; 153)} ->> x=250, y=250
VoiceCommand(direction=WEST, speedLevel=L2_SUB_SONIC)
Clark {horizontal=-0.8560979929423566, vertical=0.0, position=(274 ; 153)} ->> x=250, y=250
VoiceCommand(direction=WEST, speedLevel=L2_SUB_SONIC)
Clark {horizontal=-1.0542657335085566, vertical=0.0, position=(274 ; 153)} ->> x=250, y=250
VoiceCommand(direction=WEST, speedLevel=L2_SUB_SONIC)
Clark {horizontal=-1.2514870429164306, vertical=0.0, position=(273 ; 153)} ->> x=250, y=250
VoiceCommand(direction=WEST, speedLevel=L2_SUB_SONIC)
Clark {horizontal=-1.4475714933699613, vertical=0.0, position=(272 ; 153)} ->> x=250, y=250
VoiceCommand(direction=WEST, speedLevel=L2_SUB_SONIC)
Clark {horizontal=-1.6423328352989177, vertical=0.0, position=(271 ; 153)} ->> x=250, y=250
VoiceCommand(direction=WEST, speedLevel=L2_SUB_SONIC)
Clark {horizontal=-1.8355896924441653, vertical=0.0, position=(270 ; 153)} ->> x=250, y=250
VoiceCommand(direction=WEST, speedLevel=L2_SUB_SONIC)
Clark {horizontal=-2.027166218646647, vertical=0.0, position=(269 ; 153)} ->> x=250, y=250
VoiceCommand(direction=WEST, speedLevel=L2_SUB_SONIC)
Clark {horizontal=-2.2168927114515915, vertical=0.0, position=(268 ; 153)} ->> x=250, y=250
VoiceCommand(direction=WEST, speedLevel=L2_SUB_SONIC)
Clark {horizontal=-2.4046061782163735, vertical=0.0, position=(267 ; 153)} ->> x=250, y=250
VoiceCommand(direction=WEST, speedLevel=L2_SUB_SONIC)
Clark {horizontal=-2.5901508510355824, vertical=0.0, position=(266 ; 153)} ->> x=250, y=250
VoiceCommand(direction=WEST, speedLevel=L2_SUB_SONIC)
Clark {horizontal=-2.7733786474577817, vertical=0.0, position=(265 ; 153)} ->> x=250, y=250
VoiceCommand(direction=WEST, speedLevel=L2_SUB_SONIC)
Clark {horizontal=-2.954149574652345, vertical=0.0, position=(264 ; 153)} ->> x=250, y=250
VoiceCommand(direction=WEST, speedLevel=L2_SUB_SONIC)
Clark {horizontal=-3.132332075378798, vertical=0.0, position=(262 ; 153)} ->> x=250, y=250
VoiceCommand(direction=WEST, speedLevel=L2_SUB_SONIC)
Clark {horizontal=-3.307803314802681, vertical=0.0, position=(260 ; 153)} ->> x=250, y=250
VoiceCommand(direction=WEST, speedLevel=L3_SUPER_SONIC)
Clark {horizontal=-3.980449407879132, vertical=0.0, position=(258 ; 153)} ->> x=250, y=250
VoiceCommand(direction=WEST, speedLevel=L3_SUPER_SONIC)
Clark {horizontal=-4.640839464157419, vertical=0.0, position=(256 ; 153)} ->> x=250, y=250
VoiceCommand(direction=WEST, speedLevel=L3_SUPER_SONIC)
Clark {horizontal=-5.2869959868272165, vertical=0.0, position=(254 ; 153)} ->> x=250, y=250
VoiceCommand(direction=WEST, speedLevel=L3_SUPER_SONIC)
Clark {horizontal=-5.917115170415399, vertical=0.0, position=(251 ; 153)} ->> x=250, y=250
VoiceCommand(direction=NORTH, speedLevel=L4_MACH_9350)
Clark {horizontal=-5.029584540565499, vertical=1.2, position=(248 ; 153)} ->> x=250, y=250
VoiceCommand(direction=NORTH, speedLevel=L4_MACH_9350)
Clark {horizontal=-4.16634273893876, vertical=2.3964, position=(246 ; 154)} ->> x=250, y=250
VoiceCommand(direction=EAST, speedLevel=L3_SUPER_SONIC)
Clark {horizontal=-1.8229467093929905, vertical=1.5820431675999997, position=(245 ; 155)} ->> x=250, y=250
VoiceCommand(direction=EAST, speedLevel=L3_SUPER_SONIC)
Clark {horizontal=0.4853611273702265, vertical=0.7757860161396251, position=(245 ; 156)} ->> x=250, y=250
VoiceCommand(direction=EAST, speedLevel=L3_SUPER_SONIC)
Clark {horizontal=1.1847721888103213, vertical=0.0, position=(245 ; 156)} ->> x=250, y=250
VoiceCommand(direction=EAST, speedLevel=L3_SUPER_SONIC)
Clark {horizontal=1.8812629759618753, vertical=0.0, position=(246 ; 156)} ->> x=250, y=250
VoiceCommand(direction=EAST, speedLevel=L3_SUPER_SONIC)
Clark {horizontal=2.572415100000063, vertical=0.0, position=(247 ; 156)} ->> x=250, y=250
VoiceCommand(direction=EAST, speedLevel=L3_SUPER_SONIC)
Clark {horizontal=3.255871801383292, vertical=0.0, position=(248 ; 156)} ->> x=250, y=250
VoiceCommand(direction=NORTH, speedLevel=L4_MACH_9350)
Clark {horizontal=2.429370048415685, vertical=1.2, position=(249 ; 156)} ->> x=250, y=250
VoiceCommand(direction=NORTH, speedLevel=L4_MACH_9350)
Clark {horizontal=1.6146154513353368, vertical=2.3964, position=(250 ; 157)} ->> x=250, y=250
VoiceCommand(direction=NORTH, speedLevel=L4_MACH_9350)
Clark {horizontal=0.8080979936961097, vertical=3.5820431675999997, position=(251 ; 158)} ->> x=250, y=250
VoiceCommand(direction=NORTH, speedLevel=L4_MACH_9350)
Clark {horizontal=0.006465437777570471, vertical=4.7499655844636255, position=(251 ; 160)} ->> x=250, y=250
VoiceCommand(direction=NORTH, speedLevel=L4_MACH_9350)
Clark {horizontal=0.0, vertical=5.893560151829654, position=(251 ; 163)} ->> x=250, y=250
VoiceCommand(direction=NORTH, speedLevel=L4_MACH_9350)
Clark {horizontal=0.0, vertical=7.006725023671567, position=(251 ; 166)} ->> x=250, y=250
VoiceCommand(direction=NORTH, speedLevel=L4_MACH_9350)
Clark {horizontal=0.0, vertical=8.083989534778205, position=(251 ; 170)} ->> x=250, y=250
VoiceCommand(direction=NORTH, speedLevel=L4_MACH_9350)
Clark {horizontal=0.0, vertical=9.120612317782196, position=(251 ; 174)} ->> x=250, y=250
VoiceCommand(direction=NORTH, speedLevel=L4_MACH_9350)
Clark {horizontal=0.0, vertical=10.112648395153995, position=(251 ; 179)} ->> x=250, y=250
VoiceCommand(direction=NORTH, speedLevel=L4_MACH_9350)
Clark {horizontal=0.0, vertical=11.056984251243968, position=(251 ; 184)} ->> x=250, y=250
VoiceCommand(direction=NORTH, speedLevel=L4_MACH_9350)
Clark {horizontal=0.0, vertical=11.951341999413325, position=(251 ; 190)} ->> x=250, y=250
VoiceCommand(direction=NORTH, speedLevel=L4_MACH_9350)
Clark {horizontal=0.0, vertical=12.794255560445972, position=(251 ; 196)} ->> x=250, y=250
VoiceCommand(direction=NORTH, speedLevel=L4_MACH_9350)
Clark {horizontal=0.0, vertical=13.585023122080965, position=(251 ; 203)} ->> x=250, y=250
VoiceCommand(direction=NORTH, speedLevel=L4_MACH_9350)
Clark {horizontal=0.0, vertical=14.32364098901228, position=(251 ; 210)} ->> x=250, y=250
VoiceCommand(direction=NORTH, speedLevel=L2_SUB_SONIC)
Clark {horizontal=0.0, vertical=14.010724261056998, position=(251 ; 217)} ->> x=250, y=250
VoiceCommand(direction=NORTH, speedLevel=L2_SUB_SONIC)
Clark {horizontal=0.0, vertical=13.719973275258571, position=(251 ; 224)} ->> x=250, y=250
VoiceCommand(direction=NORTH, speedLevel=L2_SUB_SONIC)
Clark {horizontal=0.0, vertical=13.449379108574048, position=(251 ; 231)} ->> x=250, y=250
VoiceCommand(direction=NORTH, speedLevel=L2_SUB_SONIC)
Clark {horizontal=0.0, vertical=13.197164612558678, position=(251 ; 238)} ->> x=250, y=250
VoiceCommand(direction=NORTH, speedLevel=L2_SUB_SONIC)
Clark {horizontal=0.0, vertical=12.96175172803125, position=(251 ; 245)} ->> x=250, y=250
VoiceCommand(direction=NORTH, speedLevel=L3_SUPER_SONIC)
Clark {horizontal=0.0, vertical=13.241734208383448, position=(251 ; 252)} ->> x=250, y=250
VoiceCommand(direction=SOUTH, speedLevel=L0_RUNNING_HUMAN)
Training is over in 93s
Training result COMPLETED
Clark {horizontal=0.0, vertical=0.0, position=(1 ; 1)} ->> x=200, y=200
VoiceCommand(direction=EAST, speedLevel=L4_MACH_9350)
Clark {horizontal=1.2, vertical=0.0, position=(1 ; 1)} ->> x=200, y=200
VoiceCommand(direction=EAST, speedLevel=L4_MACH_9350)
Clark {horizontal=2.3964, vertical=0.0, position=(2 ; 1)} ->> x=200, y=200
VoiceCommand(direction=EAST, speedLevel=L4_MACH_9350)
Clark {horizontal=3.5820431675999997, vertical=0.0, position=(3 ; 1)} ->> x=200, y=200
VoiceCommand(direction=EAST, speedLevel=L4_MACH_9350)
Clark {horizontal=4.7499655844636255, vertical=0.0, position=(5 ; 1)} ->> x=200, y=200
VoiceCommand(direction=EAST, speedLevel=L4_MACH_9350)
Clark {horizontal=5.893560151829654, vertical=0.0, position=(8 ; 1)} ->> x=200, y=200
VoiceCommand(direction=EAST, speedLevel=L4_MACH_9350)
Clark {horizontal=7.006725023671567, vertical=0.0, position=(11 ; 1)} ->> x=200, y=200
VoiceCommand(direction=EAST, speedLevel=L4_MACH_9350)
Clark {horizontal=8.083989534778205, vertical=0.0, position=(15 ; 1)} ->> x=200, y=200
VoiceCommand(direction=EAST, speedLevel=L4_MACH_9350)
Clark {horizontal=9.120612317782196, vertical=0.0, position=(19 ; 1)} ->> x=200, y=200
VoiceCommand(direction=EAST, speedLevel=L4_MACH_9350)
Clark {horizontal=10.112648395153995, vertical=0.0, position=(24 ; 1)} ->> x=200, y=200
VoiceCommand(direction=EAST, speedLevel=L4_MACH_9350)
Clark {horizontal=11.056984251243968, vertical=0.0, position=(29 ; 1)} ->> x=200, y=200
VoiceCommand(direction=EAST, speedLevel=L4_MACH_9350)
Clark {horizontal=11.951341999413325, vertical=0.0, position=(35 ; 1)} ->> x=200, y=200
VoiceCommand(direction=EAST, speedLevel=L4_MACH_9350)
Clark {horizontal=12.794255560445972, vertical=0.0, position=(41 ; 1)} ->> x=200, y=200
VoiceCommand(direction=EAST, speedLevel=L4_MACH_9350)
Clark {horizontal=13.585023122080965, vertical=0.0, position=(48 ; 1)} ->> x=200, y=200
VoiceCommand(direction=EAST, speedLevel=L4_MACH_9350)
Clark {horizontal=14.32364098901228, vertical=0.0, position=(55 ; 1)} ->> x=200, y=200
VoiceCommand(direction=EAST, speedLevel=L4_MACH_9350)
Clark {horizontal=15.010724261056998, vertical=0.0, position=(62 ; 1)} ->> x=200, y=200
VoiceCommand(direction=EAST, speedLevel=L4_MACH_9350)
Clark {horizontal=15.647419653953285, vertical=0.0, position=(70 ; 1)} ->> x=200, y=200
VoiceCommand(direction=EAST, speedLevel=L4_MACH_9350)
Clark {horizontal=16.235315299385977, vertical=0.0, position=(78 ; 1)} ->> x=200, y=200
VoiceCommand(direction=EAST, speedLevel=L4_MACH_9350)
Clark {horizontal=16.776351642209786, vertical=0.0, position=(86 ; 1)} ->> x=200, y=200
VoiceCommand(direction=EAST, speedLevel=L4_MACH_9350)
Clark {horizontal=17.2727367061521, vertical=0.0, position=(95 ; 1)} ->> x=200, y=200
VoiceCommand(direction=EAST, speedLevel=L4_MACH_9350)
Clark {horizontal=17.726868122851965, vertical=0.0, position=(104 ; 1)} ->> x=200, y=200
VoiceCommand(direction=EAST, speedLevel=L4_MACH_9350)
Clark {horizontal=18.141263489239503, vertical=0.0, position=(113 ; 1)} ->> x=200, y=200
VoiceCommand(direction=EAST, speedLevel=L4_MACH_9350)
Clark {horizontal=18.518499886774467, vertical=0.0, position=(122 ; 1)} ->> x=200, y=200
VoiceCommand(direction=EAST, speedLevel=L4_MACH_9350)
Clark {horizontal=18.8611627916333, vertical=0.0, position=(131 ; 1)} ->> x=200, y=200
VoiceCommand(direction=EAST, speedLevel=L4_MACH_9350)
Clark {horizontal=19.17180413700207, vertical=0.0, position=(141 ; 1)} ->> x=200, y=200
VoiceCommand(direction=EAST, speedLevel=L4_MACH_9350)
Clark {horizontal=19.452908952333146, vertical=0.0, position=(151 ; 1)} ->> x=200, y=200
VoiceCommand(direction=EAST, speedLevel=L4_MACH_9350)
Clark {horizontal=19.70686978556374, vertical=0.0, position=(161 ; 1)} ->> x=200, y=200
VoiceCommand(direction=EAST, speedLevel=L2_SUB_SONIC)
Clark {horizontal=18.935967993700828, vertical=0.0, position=(171 ; 1)} ->> x=200, y=200
VoiceCommand(direction=EAST, speedLevel=L2_SUB_SONIC)
Clark {horizontal=18.23954078405467, vertical=0.0, position=(180 ; 1)} ->> x=200, y=200
VoiceCommand(direction=EAST, speedLevel=L2_SUB_SONIC)
Clark {horizontal=17.60783866402169, vertical=0.0, position=(189 ; 1)} ->> x=200, y=200
VoiceCommand(direction=EAST, speedLevel=L3_SUPER_SONIC)
Clark {horizontal=17.532748707976147, vertical=0.0, position=(198 ; 1)} ->> x=200, y=200
VoiceCommand(direction=NORTH, speedLevel=L4_MACH_9350)
Clark {horizontal=15.96425551483355, vertical=1.2, position=(206 ; 1)} ->> x=200, y=200
VoiceCommand(direction=WEST, speedLevel=L3_SUPER_SONIC)
Clark {horizontal=13.027111879476315, vertical=0.39639999999999986, position=(213 ; 1)} ->> x=200, y=200
VoiceCommand(direction=WEST, speedLevel=L2_SUB_SONIC)
Clark {horizontal=10.802847769675333, vertical=0.0, position=(219 ; 1)} ->> x=200, y=200
VoiceCommand(direction=WEST, speedLevel=L2_SUB_SONIC)
Clark {horizontal=8.711093969838384, vertical=0.0, position=(224 ; 1)} ->> x=200, y=200
VoiceCommand(direction=WEST, speedLevel=L2_SUB_SONIC)
Clark {horizontal=6.721386074459997, vertical=0.0, position=(228 ; 1)} ->> x=200, y=200
VoiceCommand(direction=WEST, speedLevel=L2_SUB_SONIC)
Clark {horizontal=4.808443497555135, vertical=0.0, position=(231 ; 1)} ->> x=200, y=200
VoiceCommand(direction=WEST, speedLevel=L2_SUB_SONIC)
Clark {horizontal=2.9506406753821848, vertical=0.0, position=(233 ; 1)} ->> x=200, y=200
VoiceCommand(direction=WEST, speedLevel=L2_SUB_SONIC)
Clark {horizontal=1.128874974394135, vertical=0.0, position=(234 ; 1)} ->> x=200, y=200
VoiceCommand(direction=WEST, speedLevel=L2_SUB_SONIC)
Clark {horizontal=-0.6743109223753982, vertical=0.0, position=(234 ; 1)} ->> x=200, y=200
VoiceCommand(direction=WEST, speedLevel=L2_SUB_SONIC)
Clark {horizontal=-0.8731741843253114, vertical=0.0, position=(234 ; 1)} ->> x=200, y=200
VoiceCommand(direction=WEST, speedLevel=L2_SUB_SONIC)
Clark {horizontal=-1.0712681014348808, vertical=0.0, position=(234 ; 1)} ->> x=200, y=200
VoiceCommand(direction=WEST, speedLevel=L2_SUB_SONIC)
Clark {horizontal=-1.268399063072001, vertical=0.0, position=(233 ; 1)} ->> x=200, y=200
VoiceCommand(direction=WEST, speedLevel=L2_SUB_SONIC)
Clark {horizontal=-1.4643769726139961, vertical=0.0, position=(232 ; 1)} ->> x=200, y=200
VoiceCommand(direction=WEST, speedLevel=L2_SUB_SONIC)
Clark {horizontal=-1.6590159728191907, vertical=0.0, position=(231 ; 1)} ->> x=200, y=200
VoiceCommand(direction=WEST, speedLevel=L2_SUB_SONIC)
Clark {horizontal=-1.8521351378240176, vertical=0.0, position=(230 ; 1)} ->> x=200, y=200
VoiceCommand(direction=WEST, speedLevel=L2_SUB_SONIC)
Clark {horizontal=-2.0435591264021116, vertical=0.0, position=(229 ; 1)} ->> x=200, y=200
VoiceCommand(direction=WEST, speedLevel=L2_SUB_SONIC)
Clark {horizontal=-2.2331187916443582, vertical=0.0, position=(228 ; 1)} ->> x=200, y=200
VoiceCommand(direction=WEST, speedLevel=L2_SUB_SONIC)
Clark {horizontal=-2.4206517428003704, vertical=0.0, position=(227 ; 1)} ->> x=200, y=200
VoiceCommand(direction=WEST, speedLevel=L2_SUB_SONIC)
Clark {horizontal=-2.6060028556505643, vertical=0.0, position=(226 ; 1)} ->> x=200, y=200
VoiceCommand(direction=WEST, speedLevel=L2_SUB_SONIC)
Clark {horizontal=-2.789024728441417, vertical=0.0, position=(225 ; 1)} ->> x=200, y=200
VoiceCommand(direction=WEST, speedLevel=L2_SUB_SONIC)
Clark {horizontal=-2.9695780811017727, vertical=0.0, position=(224 ; 1)} ->> x=200, y=200
VoiceCommand(direction=WEST, speedLevel=L2_SUB_SONIC)
Clark {horizontal=-3.1475320961523723, vertical=0.0, position=(222 ; 1)} ->> x=200, y=200
VoiceCommand(direction=WEST, speedLevel=L2_SUB_SONIC)
Clark {horizontal=-3.3227647004115988, vertical=0.0, position=(220 ; 1)} ->> x=200, y=200
VoiceCommand(direction=WEST, speedLevel=L2_SUB_SONIC)
Clark {horizontal=-3.495162787275845, vertical=0.0, position=(218 ; 1)} ->> x=200, y=200
VoiceCommand(direction=WEST, speedLevel=L2_SUB_SONIC)
Clark {horizontal=-3.6646223800019504, vertical=0.0, position=(216 ; 1)} ->> x=200, y=200
VoiceCommand(direction=WEST, speedLevel=L2_SUB_SONIC)
Clark {horizontal=-3.8310487370319226, vertical=0.0, position=(214 ; 1)} ->> x=200, y=200
VoiceCommand(direction=WEST, speedLevel=L2_SUB_SONIC)
Clark {horizontal=-3.9943564009681376, vertical=0.0, position=(212 ; 1)} ->> x=200, y=200
VoiceCommand(direction=WEST, speedLevel=L2_SUB_SONIC)
Clark {horizontal=-4.15446919332325, vertical=0.0, position=(210 ; 1)} ->> x=200, y=200
VoiceCommand(direction=WEST, speedLevel=L3_SUPER_SONIC)
Clark {horizontal=-4.81132015762757, vertical=0.0, position=(208 ; 1)} ->> x=200, y=200
VoiceCommand(direction=WEST, speedLevel=L3_SUPER_SONIC)
Clark {horizontal=-5.453448153479586, vertical=0.0, position=(205 ; 1)} ->> x=200, y=200
VoiceCommand(direction=WEST, speedLevel=L3_SUPER_SONIC)
Clark {horizontal=-6.079097911572862, vertical=0.0, position=(202 ; 1)} ->> x=200, y=200
VoiceCommand(direction=NORTH, speedLevel=L4_MACH_9350)
Clark {horizontal=-5.186709333026638, vertical=1.2, position=(199 ; 1)} ->> x=200, y=200
VoiceCommand(direction=NORTH, speedLevel=L4_MACH_9350)
Clark {horizontal=-4.3194544487633735, vertical=2.3964, position=(197 ; 2)} ->> x=200, y=200
VoiceCommand(direction=EAST, speedLevel=L3_SUPER_SONIC)
Clark {horizontal=-1.9728102319260192, vertical=1.5820431675999997, position=(195 ; 3)} ->> x=200, y=200
VoiceCommand(direction=EAST, speedLevel=L3_SUPER_SONIC)
Clark {horizontal=0.33691971860196057, vertical=0.7757860161396251, position=(195 ; 4)} ->> x=200, y=200
VoiceCommand(direction=EAST, speedLevel=L3_SUPER_SONIC)
Clark {horizontal=1.0366359313600033, vertical=0.0, position=(195 ; 4)} ->> x=200, y=200
VoiceCommand(direction=EAST, speedLevel=L3_SUPER_SONIC)
Clark {horizontal=1.7339493962245367, vertical=0.0, position=(196 ; 4)} ->> x=200, y=200
VoiceCommand(direction=EAST, speedLevel=L3_SUPER_SONIC)
Clark {horizontal=2.426432944952868, vertical=0.0, position=(197 ; 4)} ->> x=200, y=200
VoiceCommand(direction=EAST, speedLevel=L3_SUPER_SONIC)
Clark {horizontal=3.1117140028619863, vertical=0.0, position=(198 ; 4)} ->> x=200, y=200
VoiceCommand(direction=NORTH, speedLevel=L4_MACH_9350)
Clark {horizontal=2.2875070927729677, vertical=1.2, position=(199 ; 4)} ->> x=200, y=200
VoiceCommand(direction=NORTH, speedLevel=L4_MACH_9350)
Clark {horizontal=1.474425371024251, vertical=2.3964, position=(200 ; 5)} ->> x=200, y=200
VoiceCommand(direction=NORTH, speedLevel=L4_MACH_9350)
Clark {horizontal=0.668990545587451, vertical=3.5820431675999997, position=(201 ; 6)} ->> x=200, y=200
VoiceCommand(direction=NORTH, speedLevel=L4_MACH_9350)
Clark {horizontal=0.0, vertical=4.7499655844636255, position=(201 ; 8)} ->> x=200, y=200
VoiceCommand(direction=NORTH, speedLevel=L4_MACH_9350)
Clark {horizontal=0.0, vertical=5.893560151829654, position=(201 ; 11)} ->> x=200, y=200
VoiceCommand(direction=NORTH, speedLevel=L4_MACH_9350)
Clark {horizontal=0.0, vertical=7.006725023671567, position=(201 ; 14)} ->> x=200, y=200
VoiceCommand(direction=NORTH, speedLevel=L4_MACH_9350)
Clark {horizontal=0.0, vertical=8.083989534778205, position=(201 ; 18)} ->> x=200, y=200
VoiceCommand(direction=NORTH, speedLevel=L4_MACH_9350)
Clark {horizontal=0.0, vertical=9.120612317782196, position=(201 ; 22)} ->> x=200, y=200
VoiceCommand(direction=NORTH, speedLevel=L4_MACH_9350)
Clark {horizontal=0.0, vertical=10.112648395153995, position=(201 ; 27)} ->> x=200, y=200
VoiceCommand(direction=NORTH, speedLevel=L4_MACH_9350)
Clark {horizontal=0.0, vertical=11.056984251243968, position=(201 ; 32)} ->> x=200, y=200
VoiceCommand(direction=NORTH, speedLevel=L4_MACH_9350)
Clark {horizontal=0.0, vertical=11.951341999413325, position=(201 ; 38)} ->> x=200, y=200
VoiceCommand(direction=NORTH, speedLevel=L4_MACH_9350)
Clark {horizontal=0.0, vertical=12.794255560445972, position=(201 ; 44)} ->> x=200, y=200
VoiceCommand(direction=NORTH, speedLevel=L4_MACH_9350)
Clark {horizontal=0.0, vertical=13.585023122080965, position=(201 ; 51)} ->> x=200, y=200
VoiceCommand(direction=NORTH, speedLevel=L4_MACH_9350)
Clark {horizontal=0.0, vertical=14.32364098901228, position=(201 ; 58)} ->> x=200, y=200
VoiceCommand(direction=NORTH, speedLevel=L4_MACH_9350)
Clark {horizontal=0.0, vertical=15.010724261056998, position=(201 ; 65)} ->> x=200, y=200
VoiceCommand(direction=NORTH, speedLevel=L4_MACH_9350)
Clark {horizontal=0.0, vertical=15.647419653953285, position=(201 ; 73)} ->> x=200, y=200
VoiceCommand(direction=NORTH, speedLevel=L4_MACH_9350)
Clark {horizontal=0.0, vertical=16.235315299385977, position=(201 ; 81)} ->> x=200, y=200
VoiceCommand(direction=NORTH, speedLevel=L4_MACH_9350)
Clark {horizontal=0.0, vertical=16.776351642209786, position=(201 ; 89)} ->> x=200, y=200
VoiceCommand(direction=NORTH, speedLevel=L4_MACH_9350)
Clark {horizontal=0.0, vertical=17.2727367061521, position=(201 ; 98)} ->> x=200, y=200
VoiceCommand(direction=NORTH, speedLevel=L4_MACH_9350)
Clark {horizontal=0.0, vertical=17.726868122851965, position=(201 ; 107)} ->> x=200, y=200
VoiceCommand(direction=NORTH, speedLevel=L4_MACH_9350)
Clark {horizontal=0.0, vertical=18.141263489239503, position=(201 ; 116)} ->> x=200, y=200
VoiceCommand(direction=NORTH, speedLevel=L4_MACH_9350)
Clark {horizontal=0.0, vertical=18.518499886774467, position=(201 ; 125)} ->> x=200, y=200
VoiceCommand(direction=NORTH, speedLevel=L4_MACH_9350)
Clark {horizontal=0.0, vertical=18.8611627916333, position=(201 ; 134)} ->> x=200, y=200
VoiceCommand(direction=NORTH, speedLevel=L4_MACH_9350)
Clark {horizontal=0.0, vertical=19.17180413700207, position=(201 ; 144)} ->> x=200, y=200
VoiceCommand(direction=NORTH, speedLevel=L4_MACH_9350)
Clark {horizontal=0.0, vertical=19.452908952333146, position=(201 ; 154)} ->> x=200, y=200
VoiceCommand(direction=NORTH, speedLevel=L4_MACH_9350)
Clark {horizontal=0.0, vertical=19.70686978556374, position=(201 ; 164)} ->> x=200, y=200
VoiceCommand(direction=NORTH, speedLevel=L2_SUB_SONIC)
Clark {horizontal=0.0, vertical=18.935967993700828, position=(201 ; 174)} ->> x=200, y=200
VoiceCommand(direction=NORTH, speedLevel=L2_SUB_SONIC)
Clark {horizontal=0.0, vertical=18.23954078405467, position=(201 ; 183)} ->> x=200, y=200
VoiceCommand(direction=NORTH, speedLevel=L2_SUB_SONIC)
Clark {horizontal=0.0, vertical=17.60783866402169, position=(201 ; 192)} ->> x=200, y=200
VoiceCommand(direction=NORTH, speedLevel=L3_SUPER_SONIC)
Clark {horizontal=0.0, vertical=17.532748707976147, position=(201 ; 201)} ->> x=200, y=200
Removing target
VoiceCommand(direction=SOUTH, speedLevel=L0_RUNNING_HUMAN)
Training is over in 50s
Training result COMPLETED
Clark {horizontal=0.0, vertical=0.0, position=(1 ; 1)} ->> x=100, y=200
VoiceCommand(direction=EAST, speedLevel=L4_MACH_9350)
Clark {horizontal=1.2, vertical=0.0, position=(1 ; 1)} ->> x=100, y=200
VoiceCommand(direction=EAST, speedLevel=L4_MACH_9350)
Clark {horizontal=2.3964, vertical=0.0, position=(2 ; 1)} ->> x=100, y=200
VoiceCommand(direction=EAST, speedLevel=L4_MACH_9350)
Clark {horizontal=3.5820431675999997, vertical=0.0, position=(3 ; 1)} ->> x=100, y=200
VoiceCommand(direction=EAST, speedLevel=L4_MACH_9350)
Clark {horizontal=4.7499655844636255, vertical=0.0, position=(5 ; 1)} ->> x=100, y=200
VoiceCommand(direction=EAST, speedLevel=L4_MACH_9350)
Clark {horizontal=5.893560151829654, vertical=0.0, position=(8 ; 1)} ->> x=100, y=200
VoiceCommand(direction=EAST, speedLevel=L4_MACH_9350)
Clark {horizontal=7.006725023671567, vertical=0.0, position=(11 ; 1)} ->> x=100, y=200
VoiceCommand(direction=EAST, speedLevel=L4_MACH_9350)
Clark {horizontal=8.083989534778205, vertical=0.0, position=(15 ; 1)} ->> x=100, y=200
VoiceCommand(direction=EAST, speedLevel=L4_MACH_9350)
Clark {horizontal=9.120612317782196, vertical=0.0, position=(19 ; 1)} ->> x=100, y=200
VoiceCommand(direction=EAST, speedLevel=L4_MACH_9350)
Clark {horizontal=10.112648395153995, vertical=0.0, position=(24 ; 1)} ->> x=100, y=200
VoiceCommand(direction=EAST, speedLevel=L4_MACH_9350)
Clark {horizontal=11.056984251243968, vertical=0.0, position=(29 ; 1)} ->> x=100, y=200
VoiceCommand(direction=EAST, speedLevel=L4_MACH_9350)
Clark {horizontal=11.951341999413325, vertical=0.0, position=(35 ; 1)} ->> x=100, y=200
VoiceCommand(direction=EAST, speedLevel=L4_MACH_9350)
Clark {horizontal=12.794255560445972, vertical=0.0, position=(41 ; 1)} ->> x=100, y=200
VoiceCommand(direction=EAST, speedLevel=L4_MACH_9350)
Clark {horizontal=13.585023122080965, vertical=0.0, position=(48 ; 1)} ->> x=100, y=200
VoiceCommand(direction=EAST, speedLevel=L4_MACH_9350)
Clark {horizontal=14.32364098901228, vertical=0.0, position=(55 ; 1)} ->> x=100, y=200
VoiceCommand(direction=EAST, speedLevel=L2_SUB_SONIC)
Clark {horizontal=14.010724261056998, vertical=0.0, position=(62 ; 1)} ->> x=100, y=200
VoiceCommand(direction=EAST, speedLevel=L2_SUB_SONIC)
Clark {horizontal=13.719973275258571, vertical=0.0, position=(69 ; 1)} ->> x=100, y=200
VoiceCommand(direction=EAST, speedLevel=L2_SUB_SONIC)
Clark {horizontal=13.449379108574048, vertical=0.0, position=(76 ; 1)} ->> x=100, y=200
VoiceCommand(direction=EAST, speedLevel=L2_SUB_SONIC)
Clark {horizontal=13.197164612558678, vertical=0.0, position=(83 ; 1)} ->> x=100, y=200
VoiceCommand(direction=EAST, speedLevel=L2_SUB_SONIC)
Clark {horizontal=12.96175172803125, vertical=0.0, position=(90 ; 1)} ->> x=100, y=200
VoiceCommand(direction=EAST, speedLevel=L3_SUPER_SONIC)
Clark {horizontal=13.241734208383448, vertical=0.0, position=(97 ; 1)} ->> x=100, y=200
VoiceCommand(direction=EAST, speedLevel=L3_SUPER_SONIC)
Clark {horizontal=13.503375396269767, vertical=0.0, position=(104 ; 1)} ->> x=100, y=200
VoiceCommand(direction=WEST, speedLevel=L3_SUPER_SONIC)
Clark {horizontal=10.747522528538308, vertical=0.0, position=(110 ; 1)} ->> x=100, y=200
VoiceCommand(direction=WEST, speedLevel=L3_SUPER_SONIC)
Clark {horizontal=8.158749427284711, vertical=0.0, position=(115 ; 1)} ->> x=100, y=200
VoiceCommand(direction=WEST, speedLevel=L2_SUB_SONIC)
Clark {horizontal=6.192336446741664, vertical=0.0, position=(119 ; 1)} ->> x=100, y=200
VoiceCommand(direction=WEST, speedLevel=L2_SUB_SONIC)
Clark {horizontal=4.296473870067551, vertical=0.0, position=(122 ; 1)} ->> x=100, y=200
VoiceCommand(direction=WEST, speedLevel=L2_SUB_SONIC)
Clark {horizontal=2.4503246507771177, vertical=0.0, position=(124 ; 1)} ->> x=100, y=200
VoiceCommand(direction=WEST, speedLevel=L2_SUB_SONIC)
Clark {horizontal=0.6353144235416026, vertical=0.0, position=(125 ; 1)} ->> x=100, y=200
VoiceCommand(direction=WEST, speedLevel=L2_SUB_SONIC)
Clark {horizontal=-1.1656946375002974, vertical=0.0, position=(125 ; 1)} ->> x=100, y=200
VoiceCommand(direction=WEST, speedLevel=L2_SUB_SONIC)
Clark {horizontal=-1.362297527530555, vertical=0.0, position=(124 ; 1)} ->> x=100, y=200
VoiceCommand(direction=WEST, speedLevel=L2_SUB_SONIC)
Clark {horizontal=-1.5576578911467656, vertical=0.0, position=(123 ; 1)} ->> x=100, y=200
VoiceCommand(direction=WEST, speedLevel=L2_SUB_SONIC)
Clark {horizontal=-1.7515921458821362, vertical=0.0, position=(122 ; 1)} ->> x=100, y=200
VoiceCommand(direction=WEST, speedLevel=L2_SUB_SONIC)
Clark {horizontal=-1.943921958268346, vertical=0.0, position=(121 ; 1)} ->> x=100, y=200
VoiceCommand(direction=WEST, speedLevel=L2_SUB_SONIC)
Clark {horizontal=-2.1344748768187514, vertical=0.0, position=(120 ; 1)} ->> x=100, y=200
VoiceCommand(direction=WEST, speedLevel=L2_SUB_SONIC)
Clark {horizontal=-2.3230849193193253, vertical=0.0, position=(119 ; 1)} ->> x=100, y=200
VoiceCommand(direction=WEST, speedLevel=L2_SUB_SONIC)
Clark {horizontal=-2.509593110463403, vertical=0.0, position=(118 ; 1)} ->> x=100, y=200
VoiceCommand(direction=WEST, speedLevel=L2_SUB_SONIC)
Clark {horizontal=-2.6938479665131894, vertical=0.0, position=(117 ; 1)} ->> x=100, y=200
VoiceCommand(direction=WEST, speedLevel=L2_SUB_SONIC)
Clark {horizontal=-2.8757059243464713, vertical=0.0, position=(116 ; 1)} ->> x=100, y=200
VoiceCommand(direction=WEST, speedLevel=L2_SUB_SONIC)
Clark {horizontal=-3.0550317129381677, vertical=0.0, position=(115 ; 1)} ->> x=100, y=200
VoiceCommand(direction=WEST, speedLevel=L2_SUB_SONIC)
Clark {horizontal=-3.231698666020523, vertical=0.0, position=(113 ; 1)} ->> x=100, y=200
VoiceCommand(direction=WEST, speedLevel=L2_SUB_SONIC)
Clark {horizontal=-3.405588975350626, vertical=0.0, position=(111 ; 1)} ->> x=100, y=200
VoiceCommand(direction=WEST, speedLevel=L2_SUB_SONIC)
Clark {horizontal=-3.5765938846780516, vertical=0.0, position=(109 ; 1)} ->> x=100, y=200
VoiceCommand(direction=WEST, speedLevel=L3_SUPER_SONIC)
Clark {horizontal=-4.24461382513826, vertical=0.0, position=(107 ; 1)} ->> x=100, y=200
VoiceCommand(direction=WEST, speedLevel=L3_SUPER_SONIC)
Clark {horizontal=-4.899571958826873, vertical=0.0, position=(105 ; 1)} ->> x=100, y=200
VoiceCommand(direction=WEST, speedLevel=L3_SUPER_SONIC)
Clark {horizontal=-5.539557445377566, vertical=0.0, position=(102 ; 1)} ->> x=100, y=200
VoiceCommand(direction=NORTH, speedLevel=L4_MACH_9350)
Clark {horizontal=-4.662840703650971, vertical=1.2, position=(99 ; 1)} ->> x=100, y=200
VoiceCommand(direction=NORTH, speedLevel=L4_MACH_9350)
Clark {horizontal=-3.8084854950819107, vertical=2.3964, position=(97 ; 2)} ->> x=100, y=200
VoiceCommand(direction=EAST, speedLevel=L3_SUPER_SONIC)
Clark {horizontal=-1.4722240906662876, vertical=1.5820431675999997, position=(96 ; 3)} ->> x=100, y=200
VoiceCommand(direction=EAST, speedLevel=L3_SUPER_SONIC)
Clark {horizontal=0.8331945187665579, vertical=0.7757860161396251, position=(96 ; 4)} ->> x=100, y=200
VoiceCommand(direction=EAST, speedLevel=L3_SUPER_SONIC)
Clark {horizontal=1.5314589860013013, vertical=0.0, position=(97 ; 4)} ->> x=100, y=200
VoiceCommand(direction=EAST, speedLevel=L3_SUPER_SONIC)
Clark {horizontal=2.225595569436791, vertical=0.0, position=(98 ; 4)} ->> x=100, y=200
VoiceCommand(direction=NORTH, speedLevel=L4_MACH_9350)
Clark {horizontal=1.4132123803400491, vertical=1.2, position=(99 ; 4)} ->> x=100, y=200
VoiceCommand(direction=NORTH, speedLevel=L4_MACH_9350)
Clark {horizontal=0.6082194572601831, vertical=2.3964, position=(100 ; 5)} ->> x=100, y=200
VoiceCommand(direction=NORTH, speedLevel=L4_MACH_9350)
Clark {horizontal=0.0, vertical=3.5820431675999997, position=(100 ; 6)} ->> x=100, y=200
VoiceCommand(direction=NORTH, speedLevel=L4_MACH_9350)
Clark {horizontal=0.0, vertical=4.7499655844636255, position=(100 ; 8)} ->> x=100, y=200
VoiceCommand(direction=NORTH, speedLevel=L4_MACH_9350)
Clark {horizontal=0.0, vertical=5.893560151829654, position=(100 ; 11)} ->> x=100, y=200
VoiceCommand(direction=NORTH, speedLevel=L4_MACH_9350)
Clark {horizontal=0.0, vertical=7.006725023671567, position=(100 ; 14)} ->> x=100, y=200
VoiceCommand(direction=NORTH, speedLevel=L4_MACH_9350)
Clark {horizontal=0.0, vertical=8.083989534778205, position=(100 ; 18)} ->> x=100, y=200
VoiceCommand(direction=NORTH, speedLevel=L4_MACH_9350)
Clark {horizontal=0.0, vertical=9.120612317782196, position=(100 ; 22)} ->> x=100, y=200
VoiceCommand(direction=NORTH, speedLevel=L4_MACH_9350)
Clark {horizontal=0.0, vertical=10.112648395153995, position=(100 ; 27)} ->> x=100, y=200
VoiceCommand(direction=NORTH, speedLevel=L4_MACH_9350)
Clark {horizontal=0.0, vertical=11.056984251243968, position=(100 ; 32)} ->> x=100, y=200
VoiceCommand(direction=NORTH, speedLevel=L4_MACH_9350)
Clark {horizontal=0.0, vertical=11.951341999413325, position=(100 ; 38)} ->> x=100, y=200
VoiceCommand(direction=NORTH, speedLevel=L4_MACH_9350)
Clark {horizontal=0.0, vertical=12.794255560445972, position=(100 ; 44)} ->> x=100, y=200
VoiceCommand(direction=NORTH, speedLevel=L4_MACH_9350)
Clark {horizontal=0.0, vertical=13.585023122080965, position=(100 ; 51)} ->> x=100, y=200
VoiceCommand(direction=NORTH, speedLevel=L4_MACH_9350)
Clark {horizontal=0.0, vertical=14.32364098901228, position=(100 ; 58)} ->> x=100, y=200
VoiceCommand(direction=NORTH, speedLevel=L4_MACH_9350)
Clark {horizontal=0.0, vertical=15.010724261056998, position=(100 ; 65)} ->> x=100, y=200
VoiceCommand(direction=NORTH, speedLevel=L4_MACH_9350)
Clark {horizontal=0.0, vertical=15.647419653953285, position=(100 ; 73)} ->> x=100, y=200
VoiceCommand(direction=NORTH, speedLevel=L4_MACH_9350)
Clark {horizontal=0.0, vertical=16.235315299385977, position=(100 ; 81)} ->> x=100, y=200
VoiceCommand(direction=NORTH, speedLevel=L4_MACH_9350)
Clark {horizontal=0.0, vertical=16.776351642209786, position=(100 ; 89)} ->> x=100, y=200
VoiceCommand(direction=NORTH, speedLevel=L4_MACH_9350)
Clark {horizontal=0.0, vertical=17.2727367061521, position=(100 ; 98)} ->> x=100, y=200
VoiceCommand(direction=NORTH, speedLevel=L4_MACH_9350)
Clark {horizontal=0.0, vertical=17.726868122851965, position=(100 ; 107)} ->> x=100, y=200
VoiceCommand(direction=NORTH, speedLevel=L4_MACH_9350)
Clark {horizontal=0.0, vertical=18.141263489239503, position=(100 ; 116)} ->> x=100, y=200
VoiceCommand(direction=NORTH, speedLevel=L4_MACH_9350)
Clark {horizontal=0.0, vertical=18.518499886774467, position=(100 ; 125)} ->> x=100, y=200
VoiceCommand(direction=NORTH, speedLevel=L4_MACH_9350)
Clark {horizontal=0.0, vertical=18.8611627916333, position=(100 ; 134)} ->> x=100, y=200
VoiceCommand(direction=NORTH, speedLevel=L4_MACH_9350)
Clark {horizontal=0.0, vertical=19.17180413700207, position=(100 ; 144)} ->> x=100, y=200
VoiceCommand(direction=NORTH, speedLevel=L4_MACH_9350)
Clark {horizontal=0.0, vertical=19.452908952333146, position=(100 ; 154)} ->> x=100, y=200
VoiceCommand(direction=NORTH, speedLevel=L4_MACH_9350)
Clark {horizontal=0.0, vertical=19.70686978556374, position=(100 ; 164)} ->> x=100, y=200
VoiceCommand(direction=NORTH, speedLevel=L2_SUB_SONIC)
Clark {horizontal=0.0, vertical=18.935967993700828, position=(100 ; 174)} ->> x=100, y=200
VoiceCommand(direction=NORTH, speedLevel=L2_SUB_SONIC)
Clark {horizontal=0.0, vertical=18.23954078405467, position=(100 ; 183)} ->> x=100, y=200
VoiceCommand(direction=NORTH, speedLevel=L2_SUB_SONIC)
Clark {horizontal=0.0, vertical=17.60783866402169, position=(100 ; 192)} ->> x=100, y=200
VoiceCommand(direction=NORTH, speedLevel=L3_SUPER_SONIC)
Clark {horizontal=0.0, vertical=17.532748707976147, position=(100 ; 201)} ->> x=100, y=200
Removing target
VoiceCommand(direction=SOUTH, speedLevel=L0_RUNNING_HUMAN)
Clark {horizontal=0.0, vertical=15.96425551483355, position=(100 ; 209)} ->> x=150, y=200
VoiceCommand(direction=EAST, speedLevel=L4_MACH_9350)
Clark {horizontal=1.2, vertical=14.527111879476315, position=(100 ; 217)} ->> x=150, y=200
VoiceCommand(direction=EAST, speedLevel=L4_MACH_9350)
Clark {horizontal=2.3964, vertical=13.199519430579262, position=(101 ; 224)} ->> x=150, y=200
VoiceCommand(direction=EAST, speedLevel=L4_MACH_9350)
Clark {horizontal=3.5820431675999997, vertical=11.963951147583662, position=(102 ; 230)} ->> x=150, y=200
VoiceCommand(direction=EAST, speedLevel=L4_MACH_9350)
Clark {horizontal=4.7499655844636255, vertical=10.806110829929242, position=(104 ; 236)} ->> x=150, y=200
VoiceCommand(direction=EAST, speedLevel=L4_MACH_9350)
Clark {horizontal=5.893560151829654, vertical=9.714180751757457, position=(107 ; 241)} ->> x=150, y=200
VoiceCommand(direction=EAST, speedLevel=L2_SUB_SONIC)
Clark {horizontal=6.006725023671567, vertical=8.67826748256292, position=(110 ; 246)} ->> x=150, y=200
VoiceCommand(direction=EAST, speedLevel=L2_SUB_SONIC)
Clark {horizontal=6.116523159896562, vertical=7.689986666315647, position=(113 ; 250)} ->> x=150, y=200
VoiceCommand(direction=EAST, speedLevel=L2_SUB_SONIC)
Clark {horizontal=6.222993520982684, vertical=6.742146928995366, position=(116 ; 254)} ->> x=150, y=200
VoiceCommand(direction=EAST, speedLevel=L2_SUB_SONIC)
Clark {horizontal=6.326179400077203, vertical=5.828505565964962, position=(119 ; 257)} ->> x=150, y=200
VoiceCommand(direction=EAST, speedLevel=L2_SUB_SONIC)
Clark {horizontal=6.4261280355723, vertical=4.94357687313375, position=(122 ; 260)} ->> x=150, y=200
VoiceCommand(direction=EAST, speedLevel=L2_SUB_SONIC)
Clark {horizontal=6.522890231748379, vertical=4.082479492382293, position=(125 ; 262)} ->> x=150, y=200
VoiceCommand(direction=EAST, speedLevel=L2_SUB_SONIC)
Clark {horizontal=6.616519989309783, vertical=3.2408128953679882, position=(128 ; 264)} ->> x=150, y=200
VoiceCommand(direction=EAST, speedLevel=L2_SUB_SONIC)
Clark {horizontal=6.707074147387443, vertical=2.4145557248110294, position=(131 ; 265)} ->> x=150, y=200
VoiceCommand(direction=EAST, speedLevel=L2_SUB_SONIC)
Clark {horizontal=6.794612038341061, vertical=1.599980526440485, position=(134 ; 266)} ->> x=150, y=200
VoiceCommand(direction=EAST, speedLevel=L2_SUB_SONIC)
Clark {horizontal=6.879195156462138, vertical=0.7935806822280129, position=(137 ; 267)} ->> x=150, y=200
VoiceCommand(direction=EAST, speedLevel=L3_SUPER_SONIC)
Clark {horizontal=7.4608868414604075, vertical=0.0, position=(141 ; 267)} ->> x=150, y=200
VoiceCommand(direction=EAST, speedLevel=L3_SUPER_SONIC)
Clark {horizontal=8.021724760307714, vertical=0.0, position=(145 ; 267)} ->> x=150, y=200
VoiceCommand(direction=EAST, speedLevel=L3_SUPER_SONIC)
Clark {horizontal=8.56085458998238, vertical=0.0, position=(149 ; 267)} ->> x=150, y=200
VoiceCommand(direction=SOUTH, speedLevel=L4_MACH_9350)
Clark {horizontal=7.5776340117053245, vertical=-1.2, position=(153 ; 267)} ->> x=150, y=200
VoiceCommand(direction=WEST, speedLevel=L3_SUPER_SONIC)
Clark {horizontal=5.134082668666942, vertical=-0.39639999999999986, position=(156 ; 267)} ->> x=150, y=200
VoiceCommand(direction=WEST, speedLevel=L3_SUPER_SONIC)
Clark {horizontal=2.768185656545176, vertical=0.0, position=(158 ; 267)} ->> x=150, y=200
VoiceCommand(direction=WEST, speedLevel=L3_SUPER_SONIC)
Clark {horizontal=0.4490285269724197, vertical=0.0, position=(159 ; 267)} ->> x=150, y=200
VoiceCommand(direction=WEST, speedLevel=L3_SUPER_SONIC)
Clark {horizontal=-1.851475539572668, vertical=0.0, position=(159 ; 267)} ->> x=150, y=200
VoiceCommand(direction=WEST, speedLevel=L3_SUPER_SONIC)
Clark {horizontal=-2.5429056353885784, vertical=0.0, position=(158 ; 267)} ->> x=150, y=200
VoiceCommand(direction=WEST, speedLevel=L3_SUPER_SONIC)
Clark {horizontal=-3.2267397127123507, vertical=0.0, position=(157 ; 267)} ->> x=150, y=200
VoiceCommand(direction=WEST, speedLevel=L3_SUPER_SONIC)
Clark {horizontal=-3.900710089778363, vertical=0.0, position=(155 ; 267)} ->> x=150, y=200
VoiceCommand(direction=WEST, speedLevel=L3_SUPER_SONIC)
Clark {horizontal=-4.5626712417671165, vertical=0.0, position=(153 ; 267)} ->> x=150, y=200
VoiceCommand(direction=WEST, speedLevel=L3_SUPER_SONIC)
Clark {horizontal=-5.2106263196159945, vertical=0.0, position=(151 ; 267)} ->> x=150, y=200
VoiceCommand(direction=SOUTH, speedLevel=L4_MACH_9350)
Clark {horizontal=-4.342749753009307, vertical=-1.2, position=(149 ; 267)} ->> x=150, y=200
VoiceCommand(direction=SOUTH, speedLevel=L4_MACH_9350)
Clark {horizontal=-3.495601064466151, vertical=-2.3964, position=(147 ; 266)} ->> x=150, y=200
VoiceCommand(direction=EAST, speedLevel=L3_SUPER_SONIC)
Clark {horizontal=-1.1650529974614083, vertical=-1.5820431675999997, position=(146 ; 265)} ->> x=150, y=200
VoiceCommand(direction=EAST, speedLevel=L3_SUPER_SONIC)
Clark {horizontal=1.1383403737558262, vertical=-0.7757860161396251, position=(146 ; 264)} ->> x=150, y=200
VoiceCommand(direction=EAST, speedLevel=L3_SUPER_SONIC)
Clark {horizontal=1.8351008267395197, vertical=0.0, position=(147 ; 264)} ->> x=150, y=200
VoiceCommand(direction=EAST, speedLevel=L3_SUPER_SONIC)
Clark {horizontal=2.5266818391287695, vertical=0.0, position=(148 ; 264)} ->> x=150, y=200
VoiceCommand(direction=SOUTH, speedLevel=L4_MACH_9350)
Clark {horizontal=1.7107215363383115, vertical=-1.2, position=(149 ; 264)} ->> x=150, y=200
VoiceCommand(direction=SOUTH, speedLevel=L4_MACH_9350)
Clark {horizontal=0.9034051159010822, vertical=-2.3964, position=(150 ; 263)} ->> x=150, y=200
VoiceCommand(direction=SOUTH, speedLevel=L4_MACH_9350)
Clark {horizontal=0.1013647638924915, vertical=-3.5820431675999997, position=(150 ; 262)} ->> x=150, y=200
VoiceCommand(direction=SOUTH, speedLevel=L4_MACH_9350)
Clark {horizontal=0.0, vertical=-4.7499655844636255, position=(150 ; 260)} ->> x=150, y=200
VoiceCommand(direction=SOUTH, speedLevel=L4_MACH_9350)
Clark {horizontal=0.0, vertical=-5.893560151829654, position=(150 ; 257)} ->> x=150, y=200
VoiceCommand(direction=SOUTH, speedLevel=L4_MACH_9350)
Clark {horizontal=0.0, vertical=-7.006725023671567, position=(150 ; 254)} ->> x=150, y=200
VoiceCommand(direction=SOUTH, speedLevel=L4_MACH_9350)
Clark {horizontal=0.0, vertical=-8.083989534778205, position=(150 ; 250)} ->> x=150, y=200
VoiceCommand(direction=SOUTH, speedLevel=L4_MACH_9350)
Clark {horizontal=0.0, vertical=-9.120612317782196, position=(150 ; 246)} ->> x=150, y=200
VoiceCommand(direction=SOUTH, speedLevel=L4_MACH_9350)
Clark {horizontal=0.0, vertical=-10.112648395153995, position=(150 ; 241)} ->> x=150, y=200
VoiceCommand(direction=SOUTH, speedLevel=L2_SUB_SONIC)
Clark {horizontal=0.0, vertical=-10.056984251243968, position=(150 ; 236)} ->> x=150, y=200
VoiceCommand(direction=SOUTH, speedLevel=L2_SUB_SONIC)
Clark {horizontal=0.0, vertical=-10.004126920669545, position=(150 ; 231)} ->> x=150, y=200
VoiceCommand(direction=SOUTH, speedLevel=L2_SUB_SONIC)
Clark {horizontal=0.0, vertical=-9.953920532057383, position=(150 ; 226)} ->> x=150, y=200
VoiceCommand(direction=SOUTH, speedLevel=L2_SUB_SONIC)
Clark {horizontal=0.0, vertical=-9.9062191971611, position=(150 ; 221)} ->> x=150, y=200
VoiceCommand(direction=SOUTH, speedLevel=L2_SUB_SONIC)
Clark {horizontal=0.0, vertical=-9.860886250205592, position=(150 ; 216)} ->> x=150, y=200
VoiceCommand(direction=SOUTH, speedLevel=L2_SUB_SONIC)
Clark {horizontal=0.0, vertical=-9.817793556106858, position=(150 ; 211)} ->> x=150, y=200
VoiceCommand(direction=SOUTH, speedLevel=L2_SUB_SONIC)
Clark {horizontal=0.0, vertical=-9.776820880331025, position=(150 ; 206)} ->> x=150, y=200
VoiceCommand(direction=SOUTH, speedLevel=L3_SUPER_SONIC)
Clark {horizontal=0.0, vertical=-10.237855314015833, position=(150 ; 201)} ->> x=150, y=200
Removing target
VoiceCommand(direction=SOUTH, speedLevel=L0_RUNNING_HUMAN)
Training is over in 66s
Training result COMPLETED
Clark {horizontal=0.0, vertical=0.0, position=(1 ; 1)} ->> x=100, y=200
VoiceCommand(direction=EAST, speedLevel=L4_MACH_9350)
Clark {horizontal=1.2, vertical=0.0, position=(1 ; 1)} ->> x=100, y=200
VoiceCommand(direction=EAST, speedLevel=L4_MACH_9350)
Clark {horizontal=2.3964, vertical=0.0, position=(2 ; 1)} ->> x=100, y=200
VoiceCommand(direction=EAST, speedLevel=L4_MACH_9350)
Clark {horizontal=3.5820431675999997, vertical=0.0, position=(3 ; 1)} ->> x=100, y=200
VoiceCommand(direction=EAST, speedLevel=L4_MACH_9350)
Clark {horizontal=4.7499655844636255, vertical=0.0, position=(5 ; 1)} ->> x=100, y=200
VoiceCommand(direction=EAST, speedLevel=L4_MACH_9350)
Clark {horizontal=5.893560151829654, vertical=0.0, position=(8 ; 1)} ->> x=100, y=200
VoiceCommand(direction=EAST, speedLevel=L4_MACH_9350)
Clark {horizontal=7.006725023671567, vertical=0.0, position=(11 ; 1)} ->> x=100, y=200
VoiceCommand(direction=EAST, speedLevel=L4_MACH_9350)
Clark {horizontal=8.083989534778205, vertical=0.0, position=(15 ; 1)} ->> x=100, y=200
VoiceCommand(direction=EAST, speedLevel=L4_MACH_9350)
Clark {horizontal=9.120612317782196, vertical=0.0, position=(19 ; 1)} ->> x=100, y=200
VoiceCommand(direction=EAST, speedLevel=L4_MACH_9350)
Clark {horizontal=10.112648395153995, vertical=0.0, position=(24 ; 1)} ->> x=100, y=200
VoiceCommand(direction=EAST, speedLevel=L4_MACH_9350)
Clark {horizontal=11.056984251243968, vertical=0.0, position=(29 ; 1)} ->> x=100, y=200
VoiceCommand(direction=EAST, speedLevel=L4_MACH_9350)
Clark {horizontal=11.951341999413325, vertical=0.0, position=(35 ; 1)} ->> x=100, y=200
VoiceCommand(direction=EAST, speedLevel=L4_MACH_9350)
Clark {horizontal=12.794255560445972, vertical=0.0, position=(41 ; 1)} ->> x=100, y=200
VoiceCommand(direction=EAST, speedLevel=L4_MACH_9350)
Clark {horizontal=13.585023122080965, vertical=0.0, position=(48 ; 1)} ->> x=100, y=200
VoiceCommand(direction=EAST, speedLevel=L4_MACH_9350)
Clark {horizontal=14.32364098901228, vertical=0.0, position=(55 ; 1)} ->> x=100, y=200
VoiceCommand(direction=EAST, speedLevel=L2_SUB_SONIC)
Clark {horizontal=14.010724261056998, vertical=0.0, position=(62 ; 1)} ->> x=100, y=200
VoiceCommand(direction=EAST, speedLevel=L2_SUB_SONIC)
Clark {horizontal=13.719973275258571, vertical=0.0, position=(69 ; 1)} ->> x=100, y=200
VoiceCommand(direction=EAST, speedLevel=L2_SUB_SONIC)
Clark {horizontal=13.449379108574048, vertical=0.0, position=(76 ; 1)} ->> x=100, y=200
VoiceCommand(direction=EAST, speedLevel=L2_SUB_SONIC)
Clark {horizontal=13.197164612558678, vertical=0.0, position=(83 ; 1)} ->> x=100, y=200
VoiceCommand(direction=EAST, speedLevel=L2_SUB_SONIC)
Clark {horizontal=12.96175172803125, vertical=0.0, position=(90 ; 1)} ->> x=100, y=200
VoiceCommand(direction=EAST, speedLevel=L3_SUPER_SONIC)
Clark {horizontal=13.241734208383448, vertical=0.0, position=(97 ; 1)} ->> x=100, y=200
VoiceCommand(direction=EAST, speedLevel=L3_SUPER_SONIC)
Clark {horizontal=13.503375396269767, vertical=0.0, position=(104 ; 1)} ->> x=100, y=200
VoiceCommand(direction=WEST, speedLevel=L3_SUPER_SONIC)
Clark {horizontal=10.747522528538308, vertical=0.0, position=(110 ; 1)} ->> x=100, y=200
VoiceCommand(direction=WEST, speedLevel=L3_SUPER_SONIC)
Clark {horizontal=8.158749427284711, vertical=0.0, position=(115 ; 1)} ->> x=100, y=200
VoiceCommand(direction=WEST, speedLevel=L2_SUB_SONIC)
Clark {horizontal=6.192336446741664, vertical=0.0, position=(119 ; 1)} ->> x=100, y=200
VoiceCommand(direction=WEST, speedLevel=L2_SUB_SONIC)
Clark {horizontal=4.296473870067551, vertical=0.0, position=(122 ; 1)} ->> x=100, y=200
VoiceCommand(direction=WEST, speedLevel=L2_SUB_SONIC)
Clark {horizontal=2.4503246507771177, vertical=0.0, position=(124 ; 1)} ->> x=100, y=200
VoiceCommand(direction=WEST, speedLevel=L2_SUB_SONIC)
Clark {horizontal=0.6353144235416026, vertical=0.0, position=(125 ; 1)} ->> x=100, y=200
VoiceCommand(direction=WEST, speedLevel=L2_SUB_SONIC)
Clark {horizontal=-1.1656946375002974, vertical=0.0, position=(125 ; 1)} ->> x=100, y=200
VoiceCommand(direction=WEST, speedLevel=L2_SUB_SONIC)
Clark {horizontal=-1.362297527530555, vertical=0.0, position=(124 ; 1)} ->> x=100, y=200
VoiceCommand(direction=WEST, speedLevel=L2_SUB_SONIC)
Clark {horizontal=-1.5576578911467656, vertical=0.0, position=(123 ; 1)} ->> x=100, y=200
VoiceCommand(direction=WEST, speedLevel=L2_SUB_SONIC)
Clark {horizontal=-1.7515921458821362, vertical=0.0, position=(122 ; 1)} ->> x=100, y=200
VoiceCommand(direction=WEST, speedLevel=L2_SUB_SONIC)
Clark {horizontal=-1.943921958268346, vertical=0.0, position=(121 ; 1)} ->> x=100, y=200
VoiceCommand(direction=WEST, speedLevel=L2_SUB_SONIC)
Clark {horizontal=-2.1344748768187514, vertical=0.0, position=(120 ; 1)} ->> x=100, y=200
VoiceCommand(direction=WEST, speedLevel=L2_SUB_SONIC)
Clark {horizontal=-2.3230849193193253, vertical=0.0, position=(119 ; 1)} ->> x=100, y=200
VoiceCommand(direction=WEST, speedLevel=L2_SUB_SONIC)
Clark {horizontal=-2.509593110463403, vertical=0.0, position=(118 ; 1)} ->> x=100, y=200
VoiceCommand(direction=WEST, speedLevel=L2_SUB_SONIC)
Clark {horizontal=-2.6938479665131894, vertical=0.0, position=(117 ; 1)} ->> x=100, y=200
VoiceCommand(direction=WEST, speedLevel=L2_SUB_SONIC)
Clark {horizontal=-2.8757059243464713, vertical=0.0, position=(116 ; 1)} ->> x=100, y=200
VoiceCommand(direction=WEST, speedLevel=L2_SUB_SONIC)
Clark {horizontal=-3.0550317129381677, vertical=0.0, position=(115 ; 1)} ->> x=100, y=200
VoiceCommand(direction=WEST, speedLevel=L2_SUB_SONIC)
Clark {horizontal=-3.231698666020523, vertical=0.0, position=(113 ; 1)} ->> x=100, y=200
VoiceCommand(direction=WEST, speedLevel=L2_SUB_SONIC)
Clark {horizontal=-3.405588975350626, vertical=0.0, position=(111 ; 1)} ->> x=100, y=200
VoiceCommand(direction=WEST, speedLevel=L2_SUB_SONIC)
Clark {horizontal=-3.5765938846780516, vertical=0.0, position=(109 ; 1)} ->> x=100, y=200
VoiceCommand(direction=WEST, speedLevel=L3_SUPER_SONIC)
Clark {horizontal=-4.24461382513826, vertical=0.0, position=(107 ; 1)} ->> x=100, y=200
VoiceCommand(direction=WEST, speedLevel=L3_SUPER_SONIC)
Clark {horizontal=-4.899571958826873, vertical=0.0, position=(105 ; 1)} ->> x=100, y=200
VoiceCommand(direction=WEST, speedLevel=L3_SUPER_SONIC)
Clark {horizontal=-5.539557445377566, vertical=0.0, position=(102 ; 1)} ->> x=100, y=200
VoiceCommand(direction=NORTH, speedLevel=L4_MACH_9350)
Clark {horizontal=-4.662840703650971, vertical=1.2, position=(99 ; 1)} ->> x=100, y=200
VoiceCommand(direction=NORTH, speedLevel=L4_MACH_9350)
Clark {horizontal=-3.8084854950819107, vertical=2.3964, position=(97 ; 2)} ->> x=100, y=200
VoiceCommand(direction=EAST, speedLevel=L3_SUPER_SONIC)
Clark {horizontal=-1.4722240906662876, vertical=1.5820431675999997, position=(96 ; 3)} ->> x=100, y=200
VoiceCommand(direction=EAST, speedLevel=L3_SUPER_SONIC)
Clark {horizontal=0.8331945187665579, vertical=0.7757860161396251, position=(96 ; 4)} ->> x=100, y=200
VoiceCommand(direction=EAST, speedLevel=L3_SUPER_SONIC)
Clark {horizontal=1.5314589860013013, vertical=0.0, position=(97 ; 4)} ->> x=100, y=200
VoiceCommand(direction=EAST, speedLevel=L3_SUPER_SONIC)
Clark {horizontal=2.225595569436791, vertical=0.0, position=(98 ; 4)} ->> x=100, y=200
VoiceCommand(direction=NORTH, speedLevel=L4_MACH_9350)
Clark {horizontal=1.4132123803400491, vertical=1.2, position=(99 ; 4)} ->> x=100, y=200
VoiceCommand(direction=NORTH, speedLevel=L4_MACH_9350)
Clark {horizontal=0.6082194572601831, vertical=2.3964, position=(100 ; 5)} ->> x=100, y=200
VoiceCommand(direction=NORTH, speedLevel=L4_MACH_9350)
Clark {horizontal=0.0, vertical=3.5820431675999997, position=(100 ; 6)} ->> x=100, y=200
VoiceCommand(direction=NORTH, speedLevel=L4_MACH_9350)
Clark {horizontal=0.0, vertical=4.7499655844636255, position=(100 ; 8)} ->> x=100, y=200
VoiceCommand(direction=NORTH, speedLevel=L4_MACH_9350)
Clark {horizontal=0.0, vertical=5.893560151829654, position=(100 ; 11)} ->> x=100, y=200
VoiceCommand(direction=NORTH, speedLevel=L4_MACH_9350)
Clark {horizontal=0.0, vertical=7.006725023671567, position=(100 ; 14)} ->> x=100, y=200
VoiceCommand(direction=NORTH, speedLevel=L4_MACH_9350)
Clark {horizontal=0.0, vertical=8.083989534778205, position=(100 ; 18)} ->> x=100, y=200
VoiceCommand(direction=NORTH, speedLevel=L4_MACH_9350)
Clark {horizontal=0.0, vertical=9.120612317782196, position=(100 ; 22)} ->> x=100, y=200
VoiceCommand(direction=NORTH, speedLevel=L4_MACH_9350)
Clark {horizontal=0.0, vertical=10.112648395153995, position=(100 ; 27)} ->> x=100, y=200
VoiceCommand(direction=NORTH, speedLevel=L4_MACH_9350)
Clark {horizontal=0.0, vertical=11.056984251243968, position=(100 ; 32)} ->> x=100, y=200
VoiceCommand(direction=NORTH, speedLevel=L4_MACH_9350)
Clark {horizontal=0.0, vertical=11.951341999413325, position=(100 ; 38)} ->> x=100, y=200
VoiceCommand(direction=NORTH, speedLevel=L4_MACH_9350)
Clark {horizontal=0.0, vertical=12.794255560445972, position=(100 ; 44)} ->> x=100, y=200
VoiceCommand(direction=NORTH, speedLevel=L4_MACH_9350)
Clark {horizontal=0.0, vertical=13.585023122080965, position=(100 ; 51)} ->> x=100, y=200
VoiceCommand(direction=NORTH, speedLevel=L4_MACH_9350)
Clark {horizontal=0.0, vertical=14.32364098901228, position=(100 ; 58)} ->> x=100, y=200
VoiceCommand(direction=NORTH, speedLevel=L4_MACH_9350)
Clark {horizontal=0.0, vertical=15.010724261056998, position=(100 ; 65)} ->> x=100, y=200
VoiceCommand(direction=NORTH, speedLevel=L4_MACH_9350)
Clark {horizontal=0.0, vertical=15.647419653953285, position=(100 ; 73)} ->> x=100, y=200
VoiceCommand(direction=NORTH, speedLevel=L4_MACH_9350)
Clark {horizontal=0.0, vertical=16.235315299385977, position=(100 ; 81)} ->> x=100, y=200
VoiceCommand(direction=NORTH, speedLevel=L4_MACH_9350)
Clark {horizontal=0.0, vertical=16.776351642209786, position=(100 ; 89)} ->> x=100, y=200
VoiceCommand(direction=NORTH, speedLevel=L4_MACH_9350)
Clark {horizontal=0.0, vertical=17.2727367061521, position=(100 ; 98)} ->> x=100, y=200
VoiceCommand(direction=NORTH, speedLevel=L4_MACH_9350)
Clark {horizontal=0.0, vertical=17.726868122851965, position=(100 ; 107)} ->> x=100, y=200
VoiceCommand(direction=NORTH, speedLevel=L4_MACH_9350)
Clark {horizontal=0.0, vertical=18.141263489239503, position=(100 ; 116)} ->> x=100, y=200
VoiceCommand(direction=NORTH, speedLevel=L4_MACH_9350)
Clark {horizontal=0.0, vertical=18.518499886774467, position=(100 ; 125)} ->> x=100, y=200
VoiceCommand(direction=NORTH, speedLevel=L4_MACH_9350)
Clark {horizontal=0.0, vertical=18.8611627916333, position=(100 ; 134)} ->> x=100, y=200
VoiceCommand(direction=NORTH, speedLevel=L4_MACH_9350)
Clark {horizontal=0.0, vertical=19.17180413700207, position=(100 ; 144)} ->> x=100, y=200
VoiceCommand(direction=NORTH, speedLevel=L4_MACH_9350)
Clark {horizontal=0.0, vertical=19.452908952333146, position=(100 ; 154)} ->> x=100, y=200
VoiceCommand(direction=NORTH, speedLevel=L4_MACH_9350)
Clark {horizontal=0.0, vertical=19.70686978556374, position=(100 ; 164)} ->> x=100, y=200
VoiceCommand(direction=NORTH, speedLevel=L2_SUB_SONIC)
Clark {horizontal=0.0, vertical=18.935967993700828, position=(100 ; 174)} ->> x=100, y=200
VoiceCommand(direction=NORTH, speedLevel=L2_SUB_SONIC)
Clark {horizontal=0.0, vertical=18.23954078405467, position=(100 ; 183)} ->> x=100, y=200
VoiceCommand(direction=NORTH, speedLevel=L2_SUB_SONIC)
Clark {horizontal=0.0, vertical=17.60783866402169, position=(100 ; 192)} ->> x=100, y=200
VoiceCommand(direction=NORTH, speedLevel=L3_SUPER_SONIC)
Clark {horizontal=0.0, vertical=17.532748707976147, position=(100 ; 201)} ->> x=100, y=200
Removing target
VoiceCommand(direction=SOUTH, speedLevel=L0_RUNNING_HUMAN)
Training is over in 40s
Training result COMPLETED
]]></system-out>
  <system-err><![CDATA[Target captured com.nortal.clark.training.assignment.model.Position@2509
Target captured com.nortal.clark.training.assignment.model.Position@2509
Target captured com.nortal.clark.training.assignment.model.Position@30c1
Target captured com.nortal.clark.training.assignment.model.Position@30c1
Target captured com.nortal.clark.training.assignment.model.Position@30c1
Target captured com.nortal.clark.training.assignment.model.Position@4831
Target captured com.nortal.clark.training.assignment.model.Position@3c79
Target captured com.nortal.clark.training.assignment.model.Position@256d
Target captured com.nortal.clark.training.assignment.model.Position@256d
Target captured com.nortal.clark.training.assignment.model.Position@30f3
Target captured com.nortal.clark.training.assignment.model.Position@24b9
Target captured com.nortal.clark.training.assignment.model.Position@256d
]]></system-err>
</testsuite>
