<?xml version="1.0" encoding="UTF-8"?>
<testsuite name="com.nortal.clark.training.test.provided.ManyTargetsTest" tests="1" skipped="0" failures="0" errors="0" timestamp="2022-06-25T08:34:07" hostname="DESKTOP-UME1DA6" time="6.892">
  <properties/>
  <testcase name="manyTargets()" classname="com.nortal.clark.training.test.provided.ManyTargetsTest" time="6.892"/>
  <system-out><![CDATA[Clark {horizontal=0.0, vertical=0.0, position=(1 ; 1)} ->> x=100, y=200
VoiceCommand(direction=EAST, speedLevel=L4_MACH_9350)
Clark {horizontal=1.2, vertical=0.0, position=(1 ; 1)} ->> x=100, y=200
VoiceCommand(direction=EAST, speedLevel=L4_MACH_9350)
Clark {horizontal=2.3964, vertical=0.0, position=(2 ; 1)} ->> x=100, y=200
VoiceCommand(direction=EAST, speedLevel=L4_MACH_9350)
Clark {horizontal=3.5820431675999997, vertical=0.0, position=(3 ; 1)} ->> x=100, y=200
VoiceCommand(direction=EAST, speedLevel=L4_MACH_9350)
Clark {horizontal=4.7499655844636255, vertical=0.0, position=(5 ; 1)} ->> x=100, y=200
VoiceCommand(direction=EAST, speedLevel=L4_MACH_9350)
Clark {horizontal=5.893560151829654, vertical=0.0, position=(8 ; 1)} ->> x=100, y=200
VoiceCommand(direction=EAST, speedLevel=L4_MACH_9350)
Clark {horizontal=7.006725023671567, vertical=0.0, position=(11 ; 1)} ->> x=100, y=200
VoiceCommand(direction=EAST, speedLevel=L4_MACH_9350)
Clark {horizontal=8.083989534778205, vertical=0.0, position=(15 ; 1)} ->> x=100, y=200
VoiceCommand(direction=EAST, speedLevel=L4_MACH_9350)
Clark {horizontal=9.120612317782196, vertical=0.0, position=(19 ; 1)} ->> x=100, y=200
VoiceCommand(direction=EAST, speedLevel=L4_MACH_9350)
Clark {horizontal=10.112648395153995, vertical=0.0, position=(24 ; 1)} ->> x=100, y=200
VoiceCommand(direction=EAST, speedLevel=L4_MACH_9350)
Clark {horizontal=11.056984251243968, vertical=0.0, position=(29 ; 1)} ->> x=100, y=200
VoiceCommand(direction=EAST, speedLevel=L4_MACH_9350)
Clark {horizontal=11.951341999413325, vertical=0.0, position=(35 ; 1)} ->> x=100, y=200
VoiceCommand(direction=EAST, speedLevel=L4_MACH_9350)
Clark {horizontal=12.794255560445972, vertical=0.0, position=(41 ; 1)} ->> x=100, y=200
VoiceCommand(direction=EAST, speedLevel=L4_MACH_9350)
Clark {horizontal=13.585023122080965, vertical=0.0, position=(48 ; 1)} ->> x=100, y=200
VoiceCommand(direction=EAST, speedLevel=L4_MACH_9350)
Clark {horizontal=14.32364098901228, vertical=0.0, position=(55 ; 1)} ->> x=100, y=200
VoiceCommand(direction=EAST, speedLevel=L2_SUB_SONIC)
Clark {horizontal=14.010724261056998, vertical=0.0, position=(62 ; 1)} ->> x=100, y=200
VoiceCommand(direction=EAST, speedLevel=L2_SUB_SONIC)
Clark {horizontal=13.719973275258571, vertical=0.0, position=(69 ; 1)} ->> x=100, y=200
VoiceCommand(direction=EAST, speedLevel=L2_SUB_SONIC)
Clark {horizontal=13.449379108574048, vertical=0.0, position=(76 ; 1)} ->> x=100, y=200
VoiceCommand(direction=EAST, speedLevel=L2_SUB_SONIC)
Clark {horizontal=13.197164612558678, vertical=0.0, position=(83 ; 1)} ->> x=100, y=200
VoiceCommand(direction=EAST, speedLevel=L2_SUB_SONIC)
Clark {horizontal=12.96175172803125, vertical=0.0, position=(90 ; 1)} ->> x=100, y=200
VoiceCommand(direction=EAST, speedLevel=L3_SUPER_SONIC)
Clark {horizontal=13.241734208383448, vertical=0.0, position=(97 ; 1)} ->> x=100, y=200
VoiceCommand(direction=EAST, speedLevel=L3_SUPER_SONIC)
Clark {horizontal=13.503375396269767, vertical=0.0, position=(104 ; 1)} ->> x=100, y=200
VoiceCommand(direction=WEST, speedLevel=L3_SUPER_SONIC)
Clark {horizontal=10.747522528538308, vertical=0.0, position=(110 ; 1)} ->> x=100, y=200
VoiceCommand(direction=WEST, speedLevel=L3_SUPER_SONIC)
Clark {horizontal=8.158749427284711, vertical=0.0, position=(115 ; 1)} ->> x=100, y=200
VoiceCommand(direction=WEST, speedLevel=L2_SUB_SONIC)
Clark {horizontal=6.192336446741664, vertical=0.0, position=(119 ; 1)} ->> x=100, y=200
VoiceCommand(direction=WEST, speedLevel=L2_SUB_SONIC)
Clark {horizontal=4.296473870067551, vertical=0.0, position=(122 ; 1)} ->> x=100, y=200
VoiceCommand(direction=WEST, speedLevel=L2_SUB_SONIC)
Clark {horizontal=2.4503246507771177, vertical=0.0, position=(124 ; 1)} ->> x=100, y=200
VoiceCommand(direction=WEST, speedLevel=L2_SUB_SONIC)
Clark {horizontal=0.6353144235416026, vertical=0.0, position=(125 ; 1)} ->> x=100, y=200
VoiceCommand(direction=WEST, speedLevel=L2_SUB_SONIC)
Clark {horizontal=-1.1656946375002974, vertical=0.0, position=(125 ; 1)} ->> x=100, y=200
VoiceCommand(direction=WEST, speedLevel=L2_SUB_SONIC)
Clark {horizontal=-1.362297527530555, vertical=0.0, position=(124 ; 1)} ->> x=100, y=200
VoiceCommand(direction=WEST, speedLevel=L2_SUB_SONIC)
Clark {horizontal=-1.5576578911467656, vertical=0.0, position=(123 ; 1)} ->> x=100, y=200
VoiceCommand(direction=WEST, speedLevel=L2_SUB_SONIC)
Clark {horizontal=-1.7515921458821362, vertical=0.0, position=(122 ; 1)} ->> x=100, y=200
VoiceCommand(direction=WEST, speedLevel=L2_SUB_SONIC)
Clark {horizontal=-1.943921958268346, vertical=0.0, position=(121 ; 1)} ->> x=100, y=200
VoiceCommand(direction=WEST, speedLevel=L2_SUB_SONIC)
Clark {horizontal=-2.1344748768187514, vertical=0.0, position=(120 ; 1)} ->> x=100, y=200
VoiceCommand(direction=WEST, speedLevel=L2_SUB_SONIC)
Clark {horizontal=-2.3230849193193253, vertical=0.0, position=(119 ; 1)} ->> x=100, y=200
VoiceCommand(direction=WEST, speedLevel=L2_SUB_SONIC)
Clark {horizontal=-2.509593110463403, vertical=0.0, position=(118 ; 1)} ->> x=100, y=200
VoiceCommand(direction=WEST, speedLevel=L2_SUB_SONIC)
Clark {horizontal=-2.6938479665131894, vertical=0.0, position=(117 ; 1)} ->> x=100, y=200
VoiceCommand(direction=WEST, speedLevel=L2_SUB_SONIC)
Clark {horizontal=-2.8757059243464713, vertical=0.0, position=(116 ; 1)} ->> x=100, y=200
VoiceCommand(direction=WEST, speedLevel=L2_SUB_SONIC)
Clark {horizontal=-3.0550317129381677, vertical=0.0, position=(115 ; 1)} ->> x=100, y=200
VoiceCommand(direction=WEST, speedLevel=L2_SUB_SONIC)
Clark {horizontal=-3.231698666020523, vertical=0.0, position=(113 ; 1)} ->> x=100, y=200
VoiceCommand(direction=WEST, speedLevel=L2_SUB_SONIC)
Clark {horizontal=-3.405588975350626, vertical=0.0, position=(111 ; 1)} ->> x=100, y=200
VoiceCommand(direction=WEST, speedLevel=L2_SUB_SONIC)
Clark {horizontal=-3.5765938846780516, vertical=0.0, position=(109 ; 1)} ->> x=100, y=200
VoiceCommand(direction=WEST, speedLevel=L3_SUPER_SONIC)
Clark {horizontal=-4.24461382513826, vertical=0.0, position=(107 ; 1)} ->> x=100, y=200
VoiceCommand(direction=WEST, speedLevel=L3_SUPER_SONIC)
Clark {horizontal=-4.899571958826873, vertical=0.0, position=(105 ; 1)} ->> x=100, y=200
VoiceCommand(direction=WEST, speedLevel=L3_SUPER_SONIC)
Clark {horizontal=-5.539557445377566, vertical=0.0, position=(102 ; 1)} ->> x=100, y=200
VoiceCommand(direction=NORTH, speedLevel=L4_MACH_9350)
Clark {horizontal=-4.662840703650971, vertical=1.2, position=(99 ; 1)} ->> x=100, y=200
VoiceCommand(direction=NORTH, speedLevel=L4_MACH_9350)
Clark {horizontal=-3.8084854950819107, vertical=2.3964, position=(97 ; 2)} ->> x=100, y=200
VoiceCommand(direction=EAST, speedLevel=L3_SUPER_SONIC)
Clark {horizontal=-1.4722240906662876, vertical=1.5820431675999997, position=(96 ; 3)} ->> x=100, y=200
VoiceCommand(direction=EAST, speedLevel=L3_SUPER_SONIC)
Clark {horizontal=0.8331945187665579, vertical=0.7757860161396251, position=(96 ; 4)} ->> x=100, y=200
VoiceCommand(direction=EAST, speedLevel=L3_SUPER_SONIC)
Clark {horizontal=1.5314589860013013, vertical=0.0, position=(97 ; 4)} ->> x=100, y=200
VoiceCommand(direction=EAST, speedLevel=L3_SUPER_SONIC)
Clark {horizontal=2.225595569436791, vertical=0.0, position=(98 ; 4)} ->> x=100, y=200
VoiceCommand(direction=NORTH, speedLevel=L4_MACH_9350)
Clark {horizontal=1.4132123803400491, vertical=1.2, position=(99 ; 4)} ->> x=100, y=200
VoiceCommand(direction=NORTH, speedLevel=L4_MACH_9350)
Clark {horizontal=0.6082194572601831, vertical=2.3964, position=(100 ; 5)} ->> x=100, y=200
VoiceCommand(direction=NORTH, speedLevel=L4_MACH_9350)
Clark {horizontal=0.0, vertical=3.5820431675999997, position=(100 ; 6)} ->> x=100, y=200
VoiceCommand(direction=NORTH, speedLevel=L4_MACH_9350)
Clark {horizontal=0.0, vertical=4.7499655844636255, position=(100 ; 8)} ->> x=100, y=200
VoiceCommand(direction=NORTH, speedLevel=L4_MACH_9350)
Clark {horizontal=0.0, vertical=5.893560151829654, position=(100 ; 11)} ->> x=100, y=200
VoiceCommand(direction=NORTH, speedLevel=L4_MACH_9350)
Clark {horizontal=0.0, vertical=7.006725023671567, position=(100 ; 14)} ->> x=100, y=200
VoiceCommand(direction=NORTH, speedLevel=L4_MACH_9350)
Clark {horizontal=0.0, vertical=8.083989534778205, position=(100 ; 18)} ->> x=100, y=200
VoiceCommand(direction=NORTH, speedLevel=L4_MACH_9350)
Clark {horizontal=0.0, vertical=9.120612317782196, position=(100 ; 22)} ->> x=100, y=200
VoiceCommand(direction=NORTH, speedLevel=L4_MACH_9350)
Clark {horizontal=0.0, vertical=10.112648395153995, position=(100 ; 27)} ->> x=100, y=200
VoiceCommand(direction=NORTH, speedLevel=L4_MACH_9350)
Clark {horizontal=0.0, vertical=11.056984251243968, position=(100 ; 32)} ->> x=100, y=200
VoiceCommand(direction=NORTH, speedLevel=L4_MACH_9350)
Clark {horizontal=0.0, vertical=11.951341999413325, position=(100 ; 38)} ->> x=100, y=200
VoiceCommand(direction=NORTH, speedLevel=L4_MACH_9350)
Clark {horizontal=0.0, vertical=12.794255560445972, position=(100 ; 44)} ->> x=100, y=200
VoiceCommand(direction=NORTH, speedLevel=L4_MACH_9350)
Clark {horizontal=0.0, vertical=13.585023122080965, position=(100 ; 51)} ->> x=100, y=200
VoiceCommand(direction=NORTH, speedLevel=L4_MACH_9350)
Clark {horizontal=0.0, vertical=14.32364098901228, position=(100 ; 58)} ->> x=100, y=200
VoiceCommand(direction=NORTH, speedLevel=L4_MACH_9350)
Clark {horizontal=0.0, vertical=15.010724261056998, position=(100 ; 65)} ->> x=100, y=200
VoiceCommand(direction=NORTH, speedLevel=L4_MACH_9350)
Clark {horizontal=0.0, vertical=15.647419653953285, position=(100 ; 73)} ->> x=100, y=200
VoiceCommand(direction=NORTH, speedLevel=L4_MACH_9350)
Clark {horizontal=0.0, vertical=16.235315299385977, position=(100 ; 81)} ->> x=100, y=200
VoiceCommand(direction=NORTH, speedLevel=L4_MACH_9350)
Clark {horizontal=0.0, vertical=16.776351642209786, position=(100 ; 89)} ->> x=100, y=200
VoiceCommand(direction=NORTH, speedLevel=L4_MACH_9350)
Clark {horizontal=0.0, vertical=17.2727367061521, position=(100 ; 98)} ->> x=100, y=200
VoiceCommand(direction=NORTH, speedLevel=L4_MACH_9350)
Clark {horizontal=0.0, vertical=17.726868122851965, position=(100 ; 107)} ->> x=100, y=200
VoiceCommand(direction=NORTH, speedLevel=L4_MACH_9350)
Clark {horizontal=0.0, vertical=18.141263489239503, position=(100 ; 116)} ->> x=100, y=200
VoiceCommand(direction=NORTH, speedLevel=L4_MACH_9350)
Clark {horizontal=0.0, vertical=18.518499886774467, position=(100 ; 125)} ->> x=100, y=200
VoiceCommand(direction=NORTH, speedLevel=L4_MACH_9350)
Clark {horizontal=0.0, vertical=18.8611627916333, position=(100 ; 134)} ->> x=100, y=200
VoiceCommand(direction=NORTH, speedLevel=L4_MACH_9350)
Clark {horizontal=0.0, vertical=19.17180413700207, position=(100 ; 144)} ->> x=100, y=200
VoiceCommand(direction=NORTH, speedLevel=L4_MACH_9350)
Clark {horizontal=0.0, vertical=19.452908952333146, position=(100 ; 154)} ->> x=100, y=200
VoiceCommand(direction=NORTH, speedLevel=L4_MACH_9350)
Clark {horizontal=0.0, vertical=19.70686978556374, position=(100 ; 164)} ->> x=100, y=200
VoiceCommand(direction=NORTH, speedLevel=L2_SUB_SONIC)
Clark {horizontal=0.0, vertical=18.935967993700828, position=(100 ; 174)} ->> x=100, y=200
VoiceCommand(direction=NORTH, speedLevel=L2_SUB_SONIC)
Clark {horizontal=0.0, vertical=18.23954078405467, position=(100 ; 183)} ->> x=100, y=200
VoiceCommand(direction=NORTH, speedLevel=L2_SUB_SONIC)
Clark {horizontal=0.0, vertical=17.60783866402169, position=(100 ; 192)} ->> x=100, y=200
VoiceCommand(direction=NORTH, speedLevel=L3_SUPER_SONIC)
Clark {horizontal=0.0, vertical=17.532748707976147, position=(100 ; 201)} ->> x=100, y=200
Removing target
VoiceCommand(direction=SOUTH, speedLevel=L0_RUNNING_HUMAN)
Clark {horizontal=0.0, vertical=15.96425551483355, position=(100 ; 209)} ->> x=100, y=370
VoiceCommand(direction=NORTH, speedLevel=L4_MACH_9350)
Clark {horizontal=0.0, vertical=16.527111879476315, position=(100 ; 217)} ->> x=100, y=370
VoiceCommand(direction=NORTH, speedLevel=L4_MACH_9350)
Clark {horizontal=0.0, vertical=17.044248311784497, position=(100 ; 225)} ->> x=100, y=370
VoiceCommand(direction=NORTH, speedLevel=L4_MACH_9350)
Clark {horizontal=0.0, vertical=17.517982310500074, position=(100 ; 234)} ->> x=100, y=370
VoiceCommand(direction=NORTH, speedLevel=L4_MACH_9350)
Clark {horizontal=0.0, vertical=17.950783049922588, position=(100 ; 243)} ->> x=100, y=370
VoiceCommand(direction=NORTH, speedLevel=L4_MACH_9350)
Clark {horizontal=0.0, vertical=18.34520651965912, position=(100 ; 252)} ->> x=100, y=370
VoiceCommand(direction=NORTH, speedLevel=L4_MACH_9350)
Clark {horizontal=0.0, vertical=18.70384001403676, position=(100 ; 261)} ->> x=100, y=370
VoiceCommand(direction=NORTH, speedLevel=L4_MACH_9350)
Clark {horizontal=0.0, vertical=19.029255935860053, position=(100 ; 270)} ->> x=100, y=370
VoiceCommand(direction=NORTH, speedLevel=L4_MACH_9350)
Clark {horizontal=0.0, vertical=19.32397448217889, position=(100 ; 280)} ->> x=100, y=370
VoiceCommand(direction=NORTH, speedLevel=L4_MACH_9350)
Clark {horizontal=0.0, vertical=19.590434507709137, position=(100 ; 290)} ->> x=100, y=370
VoiceCommand(direction=NORTH, speedLevel=L4_MACH_9350)
Clark {horizontal=0.0, vertical=19.830971697207033, position=(100 ; 300)} ->> x=100, y=370
VoiceCommand(direction=NORTH, speedLevel=L4_MACH_9350)
Clark {horizontal=0.0, vertical=20.047803101068467, position=(100 ; 310)} ->> x=100, y=370
VoiceCommand(direction=NORTH, speedLevel=L4_MACH_9350)
Clark {horizontal=0.0, vertical=20.24301707812044, position=(100 ; 320)} ->> x=100, y=370
VoiceCommand(direction=NORTH, speedLevel=L4_MACH_9350)
Clark {horizontal=0.0, vertical=20.418567727057752, position=(100 ; 330)} ->> x=100, y=370
VoiceCommand(direction=NORTH, speedLevel=L2_SUB_SONIC)
Clark {horizontal=0.0, vertical=19.57627295699664, position=(100 ; 340)} ->> x=100, y=370
VoiceCommand(direction=NORTH, speedLevel=L2_SUB_SONIC)
Clark {horizontal=0.0, vertical=18.818196799779546, position=(100 ; 350)} ->> x=100, y=370
VoiceCommand(direction=NORTH, speedLevel=L2_SUB_SONIC)
Clark {horizontal=0.0, vertical=18.132885472791465, position=(100 ; 359)} ->> x=100, y=370
VoiceCommand(direction=NORTH, speedLevel=L2_SUB_SONIC)
Clark {horizontal=0.0, vertical=17.510881633868035, position=(100 ; 368)} ->> x=100, y=370
VoiceCommand(direction=SOUTH, speedLevel=L0_RUNNING_HUMAN)
Clark {horizontal=0.0, vertical=15.944304194879692, position=(100 ; 376)} ->> x=100, y=370
VoiceCommand(direction=SOUTH, speedLevel=L3_SUPER_SONIC)
Clark {horizontal=0.0, vertical=13.008752104232546, position=(100 ; 383)} ->> x=100, y=370
VoiceCommand(direction=SOUTH, speedLevel=L2_SUB_SONIC)
Clark {horizontal=0.0, vertical=10.78568302595911, position=(100 ; 389)} ->> x=100, y=370
VoiceCommand(direction=SOUTH, speedLevel=L2_SUB_SONIC)
Clark {horizontal=0.0, vertical=8.694855630117953, position=(100 ; 394)} ->> x=100, y=370
VoiceCommand(direction=SOUTH, speedLevel=L2_SUB_SONIC)
Clark {horizontal=0.0, vertical=6.705854344046468, position=(100 ; 398)} ->> x=100, y=370
VoiceCommand(direction=SOUTH, speedLevel=L2_SUB_SONIC)
Clark {horizontal=0.0, vertical=4.793433137837551, position=(100 ; 401)} ->> x=100, y=370
VoiceCommand(direction=SOUTH, speedLevel=L2_SUB_SONIC)
Clark {horizontal=0.0, vertical=2.9359906347202536, position=(100 ; 403)} ->> x=100, y=370
VoiceCommand(direction=SOUTH, speedLevel=L2_SUB_SONIC)
Clark {horizontal=0.0, vertical=1.114440532202341, position=(100 ; 404)} ->> x=100, y=370
VoiceCommand(direction=SOUTH, speedLevel=L2_SUB_SONIC)
Clark {horizontal=0.0, vertical=-0.6886644120471976, position=(100 ; 404)} ->> x=100, y=370
VoiceCommand(direction=SOUTH, speedLevel=L2_SUB_SONIC)
Clark {horizontal=0.0, vertical=-0.8874787653661468, position=(100 ; 404)} ->> x=100, y=370
VoiceCommand(direction=SOUTH, speedLevel=L2_SUB_SONIC)
Clark {horizontal=0.0, vertical=-1.0855097189687073, position=(100 ; 404)} ->> x=100, y=370
VoiceCommand(direction=SOUTH, speedLevel=L2_SUB_SONIC)
Clark {horizontal=0.0, vertical=-1.2825638905937684, position=(100 ; 403)} ->> x=100, y=370
VoiceCommand(direction=SOUTH, speedLevel=L2_SUB_SONIC)
Clark {horizontal=0.0, vertical=-1.4784514652601308, position=(100 ; 402)} ->> x=100, y=370
VoiceCommand(direction=SOUTH, speedLevel=L2_SUB_SONIC)
Clark {horizontal=0.0, vertical=-1.672986918422306, position=(100 ; 401)} ->> x=100, y=370
VoiceCommand(direction=SOUTH, speedLevel=L2_SUB_SONIC)
Clark {horizontal=0.0, vertical=-1.8659897053492758, position=(100 ; 400)} ->> x=100, y=370
VoiceCommand(direction=SOUTH, speedLevel=L2_SUB_SONIC)
Clark {horizontal=0.0, vertical=-2.057284911398102, position=(100 ; 399)} ->> x=100, y=370
VoiceCommand(direction=SOUTH, speedLevel=L2_SUB_SONIC)
Clark {horizontal=0.0, vertical=-2.2467038583814363, position=(100 ; 398)} ->> x=100, y=370
VoiceCommand(direction=SOUTH, speedLevel=L2_SUB_SONIC)
Clark {horizontal=0.0, vertical=-2.4340846628132713, position=(100 ; 397)} ->> x=100, y=370
VoiceCommand(direction=SOUTH, speedLevel=L2_SUB_SONIC)
Clark {horizontal=0.0, vertical=-2.6192727424489144, position=(100 ; 396)} ->> x=100, y=370
VoiceCommand(direction=SOUTH, speedLevel=L2_SUB_SONIC)
Clark {horizontal=0.0, vertical=-2.8021212682005747, position=(100 ; 395)} ->> x=100, y=370
VoiceCommand(direction=SOUTH, speedLevel=L2_SUB_SONIC)
Clark {horizontal=0.0, vertical=-2.98249155919632, position=(100 ; 394)} ->> x=100, y=370
VoiceCommand(direction=SOUTH, speedLevel=L2_SUB_SONIC)
Clark {horizontal=0.0, vertical=-3.1602534194446266, position=(100 ; 392)} ->> x=100, y=370
VoiceCommand(direction=SOUTH, speedLevel=L2_SUB_SONIC)
Clark {horizontal=0.0, vertical=-3.335285415256848, position=(100 ; 390)} ->> x=100, y=370
VoiceCommand(direction=SOUTH, speedLevel=L2_SUB_SONIC)
Clark {horizontal=0.0, vertical=-3.507475093253785, position=(100 ; 388)} ->> x=100, y=370
VoiceCommand(direction=SOUTH, speedLevel=L2_SUB_SONIC)
Clark {horizontal=0.0, vertical=-3.676719139429296, position=(100 ; 386)} ->> x=100, y=370
VoiceCommand(direction=SOUTH, speedLevel=L2_SUB_SONIC)
Clark {horizontal=0.0, vertical=-3.8429234803536816, position=(100 ; 384)} ->> x=100, y=370
VoiceCommand(direction=SOUTH, speedLevel=L2_SUB_SONIC)
Clark {horizontal=0.0, vertical=-4.006003328164048, position=(100 ; 382)} ->> x=100, y=370
VoiceCommand(direction=SOUTH, speedLevel=L2_SUB_SONIC)
Clark {horizontal=0.0, vertical=-4.165883171500894, position=(100 ; 380)} ->> x=100, y=370
VoiceCommand(direction=SOUTH, speedLevel=L3_SUPER_SONIC)
Clark {horizontal=0.0, vertical=-4.822496715004409, position=(100 ; 378)} ->> x=100, y=370
VoiceCommand(direction=SOUTH, speedLevel=L3_SUPER_SONIC)
Clark {horizontal=0.0, vertical=-5.464355528588838, position=(100 ; 375)} ->> x=100, y=370
VoiceCommand(direction=SOUTH, speedLevel=L3_SUPER_SONIC)
Clark {horizontal=0.0, vertical=-6.089707575231789, position=(100 ; 372)} ->> x=100, y=370
VoiceCommand(direction=SOUTH, speedLevel=L0_RUNNING_HUMAN)
Clark {horizontal=0.0, vertical=-5.196996229352201, position=(100 ; 369)} ->> x=100, y=370
Removing target
VoiceCommand(direction=SOUTH, speedLevel=L0_RUNNING_HUMAN)
Clark {horizontal=0.0, vertical=-4.329474304832448, position=(100 ; 367)} ->> x=150, y=120
VoiceCommand(direction=EAST, speedLevel=L4_MACH_9350)
Clark {horizontal=1.2, vertical=-3.4826134354419374, position=(100 ; 365)} ->> x=150, y=120
VoiceCommand(direction=EAST, speedLevel=L4_MACH_9350)
Clark {horizontal=2.3964, vertical=-2.652291944590136, position=(101 ; 363)} ->> x=150, y=120
VoiceCommand(direction=EAST, speedLevel=L4_MACH_9350)
Clark {horizontal=3.5820431675999997, vertical=-1.8347053131917916, position=(102 ; 362)} ->> x=150, y=120
VoiceCommand(direction=EAST, speedLevel=L4_MACH_9350)
Clark {horizontal=4.7499655844636255, vertical=-1.026289954226156, position=(104 ; 361)} ->> x=150, y=120
VoiceCommand(direction=EAST, speedLevel=L4_MACH_9350)
Clark {horizontal=5.893560151829654, vertical=-0.2236567765507922, position=(107 ; 361)} ->> x=150, y=120
VoiceCommand(direction=EAST, speedLevel=L2_SUB_SONIC)
Clark {horizontal=6.006725023671567, vertical=0.0, position=(110 ; 361)} ->> x=150, y=120
VoiceCommand(direction=EAST, speedLevel=L2_SUB_SONIC)
Clark {horizontal=6.116523159896562, vertical=0.0, position=(113 ; 361)} ->> x=150, y=120
VoiceCommand(direction=EAST, speedLevel=L2_SUB_SONIC)
Clark {horizontal=6.222993520982684, vertical=0.0, position=(116 ; 361)} ->> x=150, y=120
VoiceCommand(direction=EAST, speedLevel=L2_SUB_SONIC)
Clark {horizontal=6.326179400077203, vertical=0.0, position=(119 ; 361)} ->> x=150, y=120
VoiceCommand(direction=EAST, speedLevel=L2_SUB_SONIC)
Clark {horizontal=6.4261280355723, vertical=0.0, position=(122 ; 361)} ->> x=150, y=120
VoiceCommand(direction=EAST, speedLevel=L2_SUB_SONIC)
Clark {horizontal=6.522890231748379, vertical=0.0, position=(125 ; 361)} ->> x=150, y=120
VoiceCommand(direction=EAST, speedLevel=L2_SUB_SONIC)
Clark {horizontal=6.616519989309783, vertical=0.0, position=(128 ; 361)} ->> x=150, y=120
VoiceCommand(direction=EAST, speedLevel=L2_SUB_SONIC)
Clark {horizontal=6.707074147387443, vertical=0.0, position=(131 ; 361)} ->> x=150, y=120
VoiceCommand(direction=EAST, speedLevel=L2_SUB_SONIC)
Clark {horizontal=6.794612038341061, vertical=0.0, position=(134 ; 361)} ->> x=150, y=120
VoiceCommand(direction=EAST, speedLevel=L2_SUB_SONIC)
Clark {horizontal=6.879195156462138, vertical=0.0, position=(137 ; 361)} ->> x=150, y=120
VoiceCommand(direction=EAST, speedLevel=L3_SUPER_SONIC)
Clark {horizontal=7.4608868414604075, vertical=0.0, position=(141 ; 361)} ->> x=150, y=120
VoiceCommand(direction=EAST, speedLevel=L3_SUPER_SONIC)
Clark {horizontal=8.021724760307714, vertical=0.0, position=(145 ; 361)} ->> x=150, y=120
VoiceCommand(direction=EAST, speedLevel=L3_SUPER_SONIC)
Clark {horizontal=8.56085458998238, vertical=0.0, position=(149 ; 361)} ->> x=150, y=120
VoiceCommand(direction=SOUTH, speedLevel=L4_MACH_9350)
Clark {horizontal=7.5776340117053245, vertical=-1.2, position=(153 ; 361)} ->> x=150, y=120
VoiceCommand(direction=WEST, speedLevel=L3_SUPER_SONIC)
Clark {horizontal=5.134082668666942, vertical=-0.39639999999999986, position=(156 ; 361)} ->> x=150, y=120
VoiceCommand(direction=WEST, speedLevel=L3_SUPER_SONIC)
Clark {horizontal=2.768185656545176, vertical=0.0, position=(158 ; 361)} ->> x=150, y=120
VoiceCommand(direction=WEST, speedLevel=L3_SUPER_SONIC)
Clark {horizontal=0.4490285269724197, vertical=0.0, position=(159 ; 361)} ->> x=150, y=120
VoiceCommand(direction=WEST, speedLevel=L3_SUPER_SONIC)
Clark {horizontal=-1.851475539572668, vertical=0.0, position=(159 ; 361)} ->> x=150, y=120
VoiceCommand(direction=WEST, speedLevel=L3_SUPER_SONIC)
Clark {horizontal=-2.5429056353885784, vertical=0.0, position=(158 ; 361)} ->> x=150, y=120
VoiceCommand(direction=WEST, speedLevel=L3_SUPER_SONIC)
Clark {horizontal=-3.2267397127123507, vertical=0.0, position=(157 ; 361)} ->> x=150, y=120
VoiceCommand(direction=WEST, speedLevel=L3_SUPER_SONIC)
Clark {horizontal=-3.900710089778363, vertical=0.0, position=(155 ; 361)} ->> x=150, y=120
VoiceCommand(direction=WEST, speedLevel=L3_SUPER_SONIC)
Clark {horizontal=-4.5626712417671165, vertical=0.0, position=(153 ; 361)} ->> x=150, y=120
VoiceCommand(direction=WEST, speedLevel=L3_SUPER_SONIC)
Clark {horizontal=-5.2106263196159945, vertical=0.0, position=(151 ; 361)} ->> x=150, y=120
VoiceCommand(direction=SOUTH, speedLevel=L4_MACH_9350)
Clark {horizontal=-4.342749753009307, vertical=-1.2, position=(149 ; 361)} ->> x=150, y=120
VoiceCommand(direction=SOUTH, speedLevel=L4_MACH_9350)
Clark {horizontal=-3.495601064466151, vertical=-2.3964, position=(147 ; 360)} ->> x=150, y=120
VoiceCommand(direction=EAST, speedLevel=L3_SUPER_SONIC)
Clark {horizontal=-1.1650529974614083, vertical=-1.5820431675999997, position=(146 ; 359)} ->> x=150, y=120
VoiceCommand(direction=EAST, speedLevel=L3_SUPER_SONIC)
Clark {horizontal=1.1383403737558262, vertical=-0.7757860161396251, position=(146 ; 358)} ->> x=150, y=120
VoiceCommand(direction=EAST, speedLevel=L3_SUPER_SONIC)
Clark {horizontal=1.8351008267395197, vertical=0.0, position=(147 ; 358)} ->> x=150, y=120
VoiceCommand(direction=EAST, speedLevel=L3_SUPER_SONIC)
Clark {horizontal=2.5266818391287695, vertical=0.0, position=(148 ; 358)} ->> x=150, y=120
VoiceCommand(direction=SOUTH, speedLevel=L4_MACH_9350)
Clark {horizontal=1.7107215363383115, vertical=-1.2, position=(149 ; 358)} ->> x=150, y=120
VoiceCommand(direction=SOUTH, speedLevel=L4_MACH_9350)
Clark {horizontal=0.9034051159010822, vertical=-2.3964, position=(150 ; 357)} ->> x=150, y=120
VoiceCommand(direction=SOUTH, speedLevel=L4_MACH_9350)
Clark {horizontal=0.1013647638924915, vertical=-3.5820431675999997, position=(150 ; 356)} ->> x=150, y=120
VoiceCommand(direction=SOUTH, speedLevel=L4_MACH_9350)
Clark {horizontal=0.0, vertical=-4.7499655844636255, position=(150 ; 354)} ->> x=150, y=120
VoiceCommand(direction=SOUTH, speedLevel=L4_MACH_9350)
Clark {horizontal=0.0, vertical=-5.893560151829654, position=(150 ; 351)} ->> x=150, y=120
VoiceCommand(direction=SOUTH, speedLevel=L4_MACH_9350)
Clark {horizontal=0.0, vertical=-7.006725023671567, position=(150 ; 348)} ->> x=150, y=120
VoiceCommand(direction=SOUTH, speedLevel=L4_MACH_9350)
Clark {horizontal=0.0, vertical=-8.083989534778205, position=(150 ; 344)} ->> x=150, y=120
VoiceCommand(direction=SOUTH, speedLevel=L4_MACH_9350)
Clark {horizontal=0.0, vertical=-9.120612317782196, position=(150 ; 340)} ->> x=150, y=120
VoiceCommand(direction=SOUTH, speedLevel=L4_MACH_9350)
Clark {horizontal=0.0, vertical=-10.112648395153995, position=(150 ; 335)} ->> x=150, y=120
VoiceCommand(direction=SOUTH, speedLevel=L4_MACH_9350)
Clark {horizontal=0.0, vertical=-11.056984251243968, position=(150 ; 330)} ->> x=150, y=120
VoiceCommand(direction=SOUTH, speedLevel=L4_MACH_9350)
Clark {horizontal=0.0, vertical=-11.951341999413325, position=(150 ; 324)} ->> x=150, y=120
VoiceCommand(direction=SOUTH, speedLevel=L4_MACH_9350)
Clark {horizontal=0.0, vertical=-12.794255560445972, position=(150 ; 318)} ->> x=150, y=120
VoiceCommand(direction=SOUTH, speedLevel=L4_MACH_9350)
Clark {horizontal=0.0, vertical=-13.585023122080965, position=(150 ; 311)} ->> x=150, y=120
VoiceCommand(direction=SOUTH, speedLevel=L4_MACH_9350)
Clark {horizontal=0.0, vertical=-14.32364098901228, position=(150 ; 304)} ->> x=150, y=120
VoiceCommand(direction=SOUTH, speedLevel=L4_MACH_9350)
Clark {horizontal=0.0, vertical=-15.010724261056998, position=(150 ; 297)} ->> x=150, y=120
VoiceCommand(direction=SOUTH, speedLevel=L4_MACH_9350)
Clark {horizontal=0.0, vertical=-15.647419653953285, position=(150 ; 289)} ->> x=150, y=120
VoiceCommand(direction=SOUTH, speedLevel=L4_MACH_9350)
Clark {horizontal=0.0, vertical=-16.235315299385977, position=(150 ; 281)} ->> x=150, y=120
VoiceCommand(direction=SOUTH, speedLevel=L4_MACH_9350)
Clark {horizontal=0.0, vertical=-16.776351642209786, position=(150 ; 273)} ->> x=150, y=120
VoiceCommand(direction=SOUTH, speedLevel=L4_MACH_9350)
Clark {horizontal=0.0, vertical=-17.2727367061521, position=(150 ; 264)} ->> x=150, y=120
VoiceCommand(direction=SOUTH, speedLevel=L4_MACH_9350)
Clark {horizontal=0.0, vertical=-17.726868122851965, position=(150 ; 255)} ->> x=150, y=120
VoiceCommand(direction=SOUTH, speedLevel=L4_MACH_9350)
Clark {horizontal=0.0, vertical=-18.141263489239503, position=(150 ; 246)} ->> x=150, y=120
VoiceCommand(direction=SOUTH, speedLevel=L4_MACH_9350)
Clark {horizontal=0.0, vertical=-18.518499886774467, position=(150 ; 237)} ->> x=150, y=120
VoiceCommand(direction=SOUTH, speedLevel=L4_MACH_9350)
Clark {horizontal=0.0, vertical=-18.8611627916333, position=(150 ; 228)} ->> x=150, y=120
VoiceCommand(direction=SOUTH, speedLevel=L4_MACH_9350)
Clark {horizontal=0.0, vertical=-19.17180413700207, position=(150 ; 218)} ->> x=150, y=120
VoiceCommand(direction=SOUTH, speedLevel=L4_MACH_9350)
Clark {horizontal=0.0, vertical=-19.452908952333146, position=(150 ; 208)} ->> x=150, y=120
VoiceCommand(direction=SOUTH, speedLevel=L4_MACH_9350)
Clark {horizontal=0.0, vertical=-19.70686978556374, position=(150 ; 198)} ->> x=150, y=120
VoiceCommand(direction=SOUTH, speedLevel=L4_MACH_9350)
Clark {horizontal=0.0, vertical=-19.935967993700828, position=(150 ; 188)} ->> x=150, y=120
VoiceCommand(direction=SOUTH, speedLevel=L4_MACH_9350)
Clark {horizontal=0.0, vertical=-20.142360944086168, position=(150 ; 178)} ->> x=150, y=120
VoiceCommand(direction=SOUTH, speedLevel=L4_MACH_9350)
Clark {horizontal=0.0, vertical=-20.328074183081547, position=(150 ; 168)} ->> x=150, y=120
VoiceCommand(direction=SOUTH, speedLevel=L4_MACH_9350)
Clark {horizontal=0.0, vertical=-20.49499768309938, position=(150 ; 158)} ->> x=150, y=120
VoiceCommand(direction=SOUTH, speedLevel=L2_SUB_SONIC)
Clark {horizontal=0.0, vertical=-19.644885358023757, position=(150 ; 148)} ->> x=150, y=120
VoiceCommand(direction=SOUTH, speedLevel=L2_SUB_SONIC)
Clark {horizontal=0.0, vertical=-18.880081556199016, position=(150 ; 138)} ->> x=150, y=120
VoiceCommand(direction=SOUTH, speedLevel=L2_SUB_SONIC)
Clark {horizontal=0.0, vertical=-18.1889378572772, position=(150 ; 129)} ->> x=150, y=120
VoiceCommand(direction=SOUTH, speedLevel=L3_SUPER_SONIC)
Clark {horizontal=0.0, vertical=-18.06184420633747, position=(150 ; 120)} ->> x=150, y=120
Removing target
VoiceCommand(direction=SOUTH, speedLevel=L0_RUNNING_HUMAN)
Clark {horizontal=0.0, vertical=-16.446268666002453, position=(150 ; 111)} ->> x=350, y=300
VoiceCommand(direction=EAST, speedLevel=L4_MACH_9350)
Clark {horizontal=1.2, vertical=-14.970069283416617, position=(150 ; 103)} ->> x=350, y=300
VoiceCommand(direction=EAST, speedLevel=L4_MACH_9350)
Clark {horizontal=2.3964, vertical=-13.609811847540882, position=(151 ; 96)} ->> x=350, y=300
VoiceCommand(direction=EAST, speedLevel=L4_MACH_9350)
Clark {horizontal=3.5820431675999997, vertical=-12.346744401227221, position=(152 ; 90)} ->> x=350, y=300
VoiceCommand(direction=EAST, speedLevel=L4_MACH_9350)
Clark {horizontal=4.7499655844636255, vertical=-11.165639157954132, position=(154 ; 84)} ->> x=350, y=300
VoiceCommand(direction=EAST, speedLevel=L4_MACH_9350)
Clark {horizontal=5.893560151829654, vertical=-10.053960413440036, position=(157 ; 79)} ->> x=350, y=300
VoiceCommand(direction=EAST, speedLevel=L4_MACH_9350)
Clark {horizontal=7.006725023671567, vertical=-9.001255113452487, position=(160 ; 74)} ->> x=350, y=300
VoiceCommand(direction=EAST, speedLevel=L4_MACH_9350)
Clark {horizontal=8.083989534778205, vertical=-7.9986986294088505, position=(164 ; 70)} ->> x=350, y=300
VoiceCommand(direction=EAST, speedLevel=L4_MACH_9350)
Clark {horizontal=9.120612317782196, vertical=-7.038750679998583, position=(168 ; 66)} ->> x=350, y=300
VoiceCommand(direction=EAST, speedLevel=L4_MACH_9350)
Clark {horizontal=10.112648395153995, vertical=-6.114890652160632, position=(173 ; 63)} ->> x=350, y=300
VoiceCommand(direction=EAST, speedLevel=L4_MACH_9350)
Clark {horizontal=11.056984251243968, vertical=-5.221410932940929, position=(178 ; 60)} ->> x=350, y=300
VoiceCommand(direction=EAST, speedLevel=L4_MACH_9350)
Clark {horizontal=11.951341999413325, vertical=-4.353253102614341, position=(184 ; 58)} ->> x=350, y=300
VoiceCommand(direction=EAST, speedLevel=L4_MACH_9350)
Clark {horizontal=12.794255560445972, vertical=-3.5058760711757873, position=(190 ; 56)} ->> x=350, y=300
VoiceCommand(direction=EAST, speedLevel=L4_MACH_9350)
Clark {horizontal=13.585023122080965, vertical=-2.6751481536096797, position=(197 ; 54)} ->> x=350, y=300
VoiceCommand(direction=EAST, speedLevel=L4_MACH_9350)
Clark {horizontal=14.32364098901228, vertical=-1.8572571095002766, position=(204 ; 53)} ->> x=350, y=300
VoiceCommand(direction=EAST, speedLevel=L4_MACH_9350)
Clark {horizontal=15.010724261056998, vertical=-1.0486335995733032, position=(211 ; 52)} ->> x=350, y=300
VoiceCommand(direction=EAST, speedLevel=L4_MACH_9350)
Clark {horizontal=15.647419653953285, vertical=-0.24588451850791793, position=(219 ; 52)} ->> x=350, y=300
VoiceCommand(direction=EAST, speedLevel=L4_MACH_9350)
Clark {horizontal=16.235315299385977, vertical=0.0, position=(227 ; 52)} ->> x=350, y=300
VoiceCommand(direction=EAST, speedLevel=L4_MACH_9350)
Clark {horizontal=16.776351642209786, vertical=0.0, position=(235 ; 52)} ->> x=350, y=300
VoiceCommand(direction=EAST, speedLevel=L4_MACH_9350)
Clark {horizontal=17.2727367061521, vertical=0.0, position=(244 ; 52)} ->> x=350, y=300
VoiceCommand(direction=EAST, speedLevel=L4_MACH_9350)
Clark {horizontal=17.726868122851965, vertical=0.0, position=(253 ; 52)} ->> x=350, y=300
VoiceCommand(direction=EAST, speedLevel=L4_MACH_9350)
Clark {horizontal=18.141263489239503, vertical=0.0, position=(262 ; 52)} ->> x=350, y=300
VoiceCommand(direction=EAST, speedLevel=L4_MACH_9350)
Clark {horizontal=18.518499886774467, vertical=0.0, position=(271 ; 52)} ->> x=350, y=300
VoiceCommand(direction=EAST, speedLevel=L4_MACH_9350)
Clark {horizontal=18.8611627916333, vertical=0.0, position=(280 ; 52)} ->> x=350, y=300
VoiceCommand(direction=EAST, speedLevel=L4_MACH_9350)
Clark {horizontal=19.17180413700207, vertical=0.0, position=(290 ; 52)} ->> x=350, y=300
VoiceCommand(direction=EAST, speedLevel=L4_MACH_9350)
Clark {horizontal=19.452908952333146, vertical=0.0, position=(300 ; 52)} ->> x=350, y=300
VoiceCommand(direction=EAST, speedLevel=L4_MACH_9350)
Clark {horizontal=19.70686978556374, vertical=0.0, position=(310 ; 52)} ->> x=350, y=300
VoiceCommand(direction=EAST, speedLevel=L2_SUB_SONIC)
Clark {horizontal=18.935967993700828, vertical=0.0, position=(320 ; 52)} ->> x=350, y=300
VoiceCommand(direction=EAST, speedLevel=L2_SUB_SONIC)
Clark {horizontal=18.23954078405467, vertical=0.0, position=(329 ; 52)} ->> x=350, y=300
VoiceCommand(direction=EAST, speedLevel=L2_SUB_SONIC)
Clark {horizontal=17.60783866402169, vertical=0.0, position=(338 ; 52)} ->> x=350, y=300
VoiceCommand(direction=EAST, speedLevel=L3_SUPER_SONIC)
Clark {horizontal=17.532748707976147, vertical=0.0, position=(347 ; 52)} ->> x=350, y=300
VoiceCommand(direction=EAST, speedLevel=L3_SUPER_SONIC)
Clark {horizontal=17.46425551483355, vertical=0.0, position=(356 ; 52)} ->> x=350, y=300
VoiceCommand(direction=WEST, speedLevel=L3_SUPER_SONIC)
Clark {horizontal=14.401754963115064, vertical=0.0, position=(364 ; 52)} ->> x=350, y=300
VoiceCommand(direction=WEST, speedLevel=L2_SUB_SONIC)
Clark {horizontal=12.08322859807104, vertical=0.0, position=(371 ; 52)} ->> x=350, y=300
VoiceCommand(direction=WEST, speedLevel=L2_SUB_SONIC)
Clark {horizontal=9.918217564687936, vertical=0.0, position=(377 ; 52)} ->> x=350, y=300
VoiceCommand(direction=WEST, speedLevel=L2_SUB_SONIC)
Clark {horizontal=7.872289965536725, vertical=0.0, position=(381 ; 52)} ->> x=350, y=300
VoiceCommand(direction=WEST, speedLevel=L2_SUB_SONIC)
Clark {horizontal=5.917357592282999, vertical=0.0, position=(384 ; 52)} ->> x=350, y=300
VoiceCommand(direction=WEST, speedLevel=L2_SUB_SONIC)
Clark {horizontal=4.029819790095625, vertical=0.0, position=(386 ; 52)} ->> x=350, y=300
VoiceCommand(direction=WEST, speedLevel=L2_SUB_SONIC)
Clark {horizontal=2.189221171244009, vertical=0.0, position=(388 ; 52)} ->> x=350, y=300
VoiceCommand(direction=WEST, speedLevel=L2_SUB_SONIC)
Clark {horizontal=0.37723944790245145, vertical=0.0, position=(389 ; 52)} ->> x=350, y=300
VoiceCommand(direction=WEST, speedLevel=L2_SUB_SONIC)
Clark {horizontal=-1.423116326100183, vertical=0.0, position=(389 ; 52)} ->> x=350, y=300
VoiceCommand(direction=WEST, speedLevel=L2_SUB_SONIC)
Clark {horizontal=-1.6180531759061507, vertical=0.0, position=(388 ; 52)} ->> x=350, y=300
VoiceCommand(direction=WEST, speedLevel=L2_SUB_SONIC)
Clark {horizontal=-1.8115079357060009, vertical=0.0, position=(387 ; 52)} ->> x=350, y=300
VoiceCommand(direction=WEST, speedLevel=L2_SUB_SONIC)
Clark {horizontal=-2.0033040332031864, vertical=0.0, position=(386 ; 52)} ->> x=350, y=300
VoiceCommand(direction=WEST, speedLevel=L2_SUB_SONIC)
Clark {horizontal=-2.1932709655795657, vertical=0.0, position=(385 ; 52)} ->> x=350, y=300
VoiceCommand(direction=WEST, speedLevel=L2_SUB_SONIC)
Clark {horizontal=-2.3812448717584296, vertical=0.0, position=(384 ; 52)} ->> x=350, y=300
VoiceCommand(direction=WEST, speedLevel=L2_SUB_SONIC)
Clark {horizontal=-2.56706905391024, vertical=0.0, position=(383 ; 52)} ->> x=350, y=300
VoiceCommand(direction=WEST, speedLevel=L2_SUB_SONIC)
Clark {horizontal=-2.750594445091381, vertical=0.0, position=(382 ; 52)} ->> x=350, y=300
VoiceCommand(direction=WEST, speedLevel=L2_SUB_SONIC)
Clark {horizontal=-2.931680020587962, vertical=0.0, position=(381 ; 52)} ->> x=350, y=300
VoiceCommand(direction=WEST, speedLevel=L2_SUB_SONIC)
Clark {horizontal=-3.1101931512301757, vertical=0.0, position=(379 ; 52)} ->> x=350, y=300
VoiceCommand(direction=WEST, speedLevel=L2_SUB_SONIC)
Clark {horizontal=-3.286009897635278, vertical=0.0, position=(377 ; 52)} ->> x=350, y=300
VoiceCommand(direction=WEST, speedLevel=L2_SUB_SONIC)
Clark {horizontal=-3.4590152450168854, vertical=0.0, position=(375 ; 52)} ->> x=350, y=300
VoiceCommand(direction=WEST, speedLevel=L2_SUB_SONIC)
Clark {horizontal=-3.629103278853737, vertical=0.0, position=(373 ; 52)} ->> x=350, y=300
VoiceCommand(direction=WEST, speedLevel=L2_SUB_SONIC)
Clark {horizontal=-3.7961773023322696, vertical=0.0, position=(371 ; 52)} ->> x=350, y=300
VoiceCommand(direction=WEST, speedLevel=L2_SUB_SONIC)
Clark {horizontal=-3.9601498970554125, vertical=0.0, position=(369 ; 52)} ->> x=350, y=300
VoiceCommand(direction=WEST, speedLevel=L2_SUB_SONIC)
Clark {horizontal=-4.120942929037542, vertical=0.0, position=(367 ; 52)} ->> x=350, y=300
VoiceCommand(direction=WEST, speedLevel=L2_SUB_SONIC)
Clark {horizontal=-4.278487502476581, vertical=0.0, position=(365 ; 52)} ->> x=350, y=300
VoiceCommand(direction=WEST, speedLevel=L2_SUB_SONIC)
Clark {horizontal=-4.43272386420446, vertical=0.0, position=(363 ; 52)} ->> x=350, y=300
VoiceCommand(direction=WEST, speedLevel=L2_SUB_SONIC)
Clark {horizontal=-4.583601262063741, vertical=0.0, position=(361 ; 52)} ->> x=350, y=300
VoiceCommand(direction=WEST, speedLevel=L2_SUB_SONIC)
Clark {horizontal=-4.73107776073976, vertical=0.0, position=(359 ; 52)} ->> x=350, y=300
VoiceCommand(direction=WEST, speedLevel=L3_SUPER_SONIC)
Clark {horizontal=-5.375120018794345, vertical=0.0, position=(356 ; 52)} ->> x=350, y=300
VoiceCommand(direction=WEST, speedLevel=L3_SUPER_SONIC)
Clark {horizontal=-6.002890230753235, vertical=0.0, position=(353 ; 52)} ->> x=350, y=300
VoiceCommand(direction=WEST, speedLevel=L3_SUPER_SONIC)
Clark {horizontal=-6.612803502947053, vertical=0.0, position=(350 ; 52)} ->> x=350, y=300
VoiceCommand(direction=NORTH, speedLevel=L4_MACH_9350)
Clark {horizontal=-5.703480577525581, vertical=1.2, position=(347 ; 52)} ->> x=350, y=300
VoiceCommand(direction=EAST, speedLevel=L3_SUPER_SONIC)
Clark {horizontal=-3.3221563507800522, vertical=0.39639999999999986, position=(345 ; 52)} ->> x=350, y=300
VoiceCommand(direction=EAST, speedLevel=L3_SUPER_SONIC)
Clark {horizontal=-0.9945645437324817, vertical=0.0, position=(344 ; 52)} ->> x=350, y=300
VoiceCommand(direction=EAST, speedLevel=L3_SUPER_SONIC)
Clark {horizontal=1.3079083528466429, vertical=0.0, position=(344 ; 52)} ->> x=350, y=300
VoiceCommand(direction=EAST, speedLevel=L3_SUPER_SONIC)
Clark {horizontal=2.0036317921980276, vertical=0.0, position=(345 ; 52)} ->> x=350, y=300
VoiceCommand(direction=EAST, speedLevel=L3_SUPER_SONIC)
Clark {horizontal=2.6935954413012606, vertical=0.0, position=(346 ; 52)} ->> x=350, y=300
VoiceCommand(direction=EAST, speedLevel=L3_SUPER_SONIC)
Clark {horizontal=3.375456800297763, vertical=0.0, position=(348 ; 52)} ->> x=350, y=300
VoiceCommand(direction=NORTH, speedLevel=L4_MACH_9350)
Clark {horizontal=2.5469725287710716, vertical=1.2, position=(349 ; 52)} ->> x=350, y=300
VoiceCommand(direction=NORTH, speedLevel=L4_MACH_9350)
Clark {horizontal=1.7307548561152855, vertical=2.3964, position=(350 ; 53)} ->> x=350, y=300
VoiceCommand(direction=NORTH, speedLevel=L4_MACH_9350)
Clark {horizontal=0.9232660751853689, vertical=3.5820431675999997, position=(351 ; 54)} ->> x=350, y=300
VoiceCommand(direction=NORTH, speedLevel=L4_MACH_9350)
Clark {horizontal=0.12113502457139835, vertical=4.7499655844636255, position=(351 ; 56)} ->> x=350, y=300
VoiceCommand(direction=NORTH, speedLevel=L4_MACH_9350)
Clark {horizontal=0.0, vertical=5.893560151829654, position=(351 ; 59)} ->> x=350, y=300
VoiceCommand(direction=NORTH, speedLevel=L4_MACH_9350)
Clark {horizontal=0.0, vertical=7.006725023671567, position=(351 ; 62)} ->> x=350, y=300
VoiceCommand(direction=NORTH, speedLevel=L4_MACH_9350)
Clark {horizontal=0.0, vertical=8.083989534778205, position=(351 ; 66)} ->> x=350, y=300
VoiceCommand(direction=NORTH, speedLevel=L4_MACH_9350)
Clark {horizontal=0.0, vertical=9.120612317782196, position=(351 ; 70)} ->> x=350, y=300
VoiceCommand(direction=NORTH, speedLevel=L4_MACH_9350)
Clark {horizontal=0.0, vertical=10.112648395153995, position=(351 ; 75)} ->> x=350, y=300
VoiceCommand(direction=NORTH, speedLevel=L4_MACH_9350)
Clark {horizontal=0.0, vertical=11.056984251243968, position=(351 ; 80)} ->> x=350, y=300
VoiceCommand(direction=NORTH, speedLevel=L4_MACH_9350)
Clark {horizontal=0.0, vertical=11.951341999413325, position=(351 ; 86)} ->> x=350, y=300
VoiceCommand(direction=NORTH, speedLevel=L4_MACH_9350)
Clark {horizontal=0.0, vertical=12.794255560445972, position=(351 ; 92)} ->> x=350, y=300
VoiceCommand(direction=NORTH, speedLevel=L4_MACH_9350)
Clark {horizontal=0.0, vertical=13.585023122080965, position=(351 ; 99)} ->> x=350, y=300
VoiceCommand(direction=NORTH, speedLevel=L4_MACH_9350)
Clark {horizontal=0.0, vertical=14.32364098901228, position=(351 ; 106)} ->> x=350, y=300
VoiceCommand(direction=NORTH, speedLevel=L4_MACH_9350)
Clark {horizontal=0.0, vertical=15.010724261056998, position=(351 ; 113)} ->> x=350, y=300
VoiceCommand(direction=NORTH, speedLevel=L4_MACH_9350)
Clark {horizontal=0.0, vertical=15.647419653953285, position=(351 ; 121)} ->> x=350, y=300
VoiceCommand(direction=NORTH, speedLevel=L4_MACH_9350)
Clark {horizontal=0.0, vertical=16.235315299385977, position=(351 ; 129)} ->> x=350, y=300
VoiceCommand(direction=NORTH, speedLevel=L4_MACH_9350)
Clark {horizontal=0.0, vertical=16.776351642209786, position=(351 ; 137)} ->> x=350, y=300
VoiceCommand(direction=NORTH, speedLevel=L4_MACH_9350)
Clark {horizontal=0.0, vertical=17.2727367061521, position=(351 ; 146)} ->> x=350, y=300
VoiceCommand(direction=NORTH, speedLevel=L4_MACH_9350)
Clark {horizontal=0.0, vertical=17.726868122851965, position=(351 ; 155)} ->> x=350, y=300
VoiceCommand(direction=NORTH, speedLevel=L4_MACH_9350)
Clark {horizontal=0.0, vertical=18.141263489239503, position=(351 ; 164)} ->> x=350, y=300
VoiceCommand(direction=NORTH, speedLevel=L4_MACH_9350)
Clark {horizontal=0.0, vertical=18.518499886774467, position=(351 ; 173)} ->> x=350, y=300
VoiceCommand(direction=NORTH, speedLevel=L4_MACH_9350)
Clark {horizontal=0.0, vertical=18.8611627916333, position=(351 ; 182)} ->> x=350, y=300
VoiceCommand(direction=NORTH, speedLevel=L4_MACH_9350)
Clark {horizontal=0.0, vertical=19.17180413700207, position=(351 ; 192)} ->> x=350, y=300
VoiceCommand(direction=NORTH, speedLevel=L4_MACH_9350)
Clark {horizontal=0.0, vertical=19.452908952333146, position=(351 ; 202)} ->> x=350, y=300
VoiceCommand(direction=NORTH, speedLevel=L4_MACH_9350)
Clark {horizontal=0.0, vertical=19.70686978556374, position=(351 ; 212)} ->> x=350, y=300
VoiceCommand(direction=NORTH, speedLevel=L4_MACH_9350)
Clark {horizontal=0.0, vertical=19.935967993700828, position=(351 ; 222)} ->> x=350, y=300
VoiceCommand(direction=NORTH, speedLevel=L4_MACH_9350)
Clark {horizontal=0.0, vertical=20.142360944086168, position=(351 ; 232)} ->> x=350, y=300
VoiceCommand(direction=NORTH, speedLevel=L4_MACH_9350)
Clark {horizontal=0.0, vertical=20.328074183081547, position=(351 ; 242)} ->> x=350, y=300
VoiceCommand(direction=NORTH, speedLevel=L4_MACH_9350)
Clark {horizontal=0.0, vertical=20.49499768309938, position=(351 ; 252)} ->> x=350, y=300
VoiceCommand(direction=NORTH, speedLevel=L4_MACH_9350)
Clark {horizontal=0.0, vertical=20.644885358023757, position=(351 ; 262)} ->> x=350, y=300
VoiceCommand(direction=NORTH, speedLevel=L2_SUB_SONIC)
Clark {horizontal=0.0, vertical=19.779357129408897, position=(351 ; 272)} ->> x=350, y=300
VoiceCommand(direction=NORTH, speedLevel=L2_SUB_SONIC)
Clark {horizontal=0.0, vertical=19.001299708277152, position=(351 ; 282)} ->> x=350, y=300
VoiceCommand(direction=NORTH, speedLevel=L2_SUB_SONIC)
Clark {horizontal=0.0, vertical=18.29867623176772, position=(351 ; 291)} ->> x=350, y=300
VoiceCommand(direction=NORTH, speedLevel=L3_SUPER_SONIC)
Clark {horizontal=0.0, vertical=18.161572352180066, position=(351 ; 300)} ->> x=350, y=300
Removing target
VoiceCommand(direction=SOUTH, speedLevel=L0_RUNNING_HUMAN)
Clark {horizontal=0.0, vertical=16.536965576421387, position=(351 ; 309)} ->> x=370, y=240
VoiceCommand(direction=EAST, speedLevel=L2_SUB_SONIC)
Clark {horizontal=0.19999999999999996, vertical=15.053287500232022, position=(351 ; 317)} ->> x=370, y=240
VoiceCommand(direction=EAST, speedLevel=L2_SUB_SONIC)
Clark {horizontal=0.3998999999999999, vertical=13.686783838820418, position=(351 ; 324)} ->> x=370, y=240
VoiceCommand(direction=EAST, speedLevel=L2_SUB_SONIC)
Clark {horizontal=0.5995001999749999, vertical=12.418463709193928, position=(351 ; 331)} ->> x=370, y=240
VoiceCommand(direction=EAST, speedLevel=L2_SUB_SONIC)
Clark {horizontal=0.7986016987505747, vertical=11.23291810695251, position=(351 ; 337)} ->> x=370, y=240
VoiceCommand(direction=EAST, speedLevel=L2_SUB_SONIC)
Clark {horizontal=0.9970072870674564, vertical=10.117471983958756, position=(351 ; 342)} ->> x=370, y=240
VoiceCommand(direction=EAST, speedLevel=L2_SUB_SONIC)
Clark {horizontal=1.1945222282412924, vertical=9.06156388559328, position=(352 ; 347)} ->> x=370, y=240
VoiceCommand(direction=EAST, speedLevel=L2_SUB_SONIC)
Clark {horizontal=1.3909550198568859, vertical=8.056284035461559, position=(353 ; 351)} ->> x=370, y=240
VoiceCommand(direction=EAST, speedLevel=L2_SUB_SONIC)
Clark {horizontal=1.5861181301887233, vertical=7.0940247543114765, position=(354 ; 355)} ->> x=370, y=240
VoiceCommand(direction=EAST, speedLevel=L2_SUB_SONIC)
Clark {horizontal=1.77982870338144, vertical=6.168211786274517, position=(355 ; 358)} ->> x=370, y=240
VoiceCommand(direction=EAST, speedLevel=L3_SUPER_SONIC)
Clark {horizontal=2.4719092278479886, vertical=5.273094694673677, position=(356 ; 361)} ->> x=370, y=240
VoiceCommand(direction=EAST, speedLevel=L3_SUPER_SONIC)
Clark {horizontal=3.1566333897711885, vertical=4.403580875526188, position=(357 ; 363)} ->> x=370, y=240
VoiceCommand(direction=EAST, speedLevel=L3_SUPER_SONIC)
Clark {horizontal=3.8317225538776425, vertical=3.5551020642079383, position=(359 ; 365)} ->> x=370, y=240
VoiceCommand(direction=EAST, speedLevel=L3_SUPER_SONIC)
Clark {horizontal=4.495017309552906, vertical=2.7235051874905993, position=(361 ; 367)} ->> x=370, y=240
VoiceCommand(direction=EAST, speedLevel=L3_SUPER_SONIC)
Clark {horizontal=5.144504358019955, vertical=1.9049614862248787, position=(363 ; 368)} ->> x=370, y=240
VoiceCommand(direction=EAST, speedLevel=L3_SUPER_SONIC)
Clark {horizontal=5.77833954529574, vertical=1.0958892905648785, position=(366 ; 369)} ->> x=370, y=240
VoiceCommand(direction=EAST, speedLevel=L3_SUPER_SONIC)
Clark {horizontal=6.394866525543918, vertical=0.2928868572219415, position=(369 ; 369)} ->> x=370, y=240
VoiceCommand(direction=SOUTH, speedLevel=L4_MACH_9350)
Clark {horizontal=5.4926307308451126, vertical=-2.5073275995558917, position=(372 ; 368)} ->> x=370, y=240
VoiceCommand(direction=SOUTH, speedLevel=L4_MACH_9350)
Clark {horizontal=4.6172082499815525, vertical=-3.691610870327155, position=(375 ; 366)} ->> x=370, y=240
VoiceCommand(direction=WEST, speedLevel=L3_SUPER_SONIC)
Clark {horizontal=2.263911719922308, vertical=-2.857540893282361, position=(377 ; 364)} ->> x=370, y=240
VoiceCommand(direction=WEST, speedLevel=L3_SUPER_SONIC)
Clark {horizontal=-0.04890152076669585, vertical=-2.0371270433904085, position=(378 ; 363)} ->> x=370, y=240
VoiceCommand(direction=WEST, speedLevel=L3_SUPER_SONIC)
Clark {horizontal=-0.7488955423698626, vertical=-1.226752326913127, position=(378 ; 362)} ->> x=370, y=240
VoiceCommand(direction=WEST, speedLevel=L3_SUPER_SONIC)
Clark {horizontal=-1.447493431036409, vertical=-0.42299002373416006, position=(377 ; 362)} ->> x=370, y=240
VoiceCommand(direction=WEST, speedLevel=L3_SUPER_SONIC)
Clark {horizontal=-2.142255337954175, vertical=0.0, position=(376 ; 362)} ->> x=370, y=240
VoiceCommand(direction=WEST, speedLevel=L3_SUPER_SONIC)
Clark {horizontal=-2.830782193121692, vertical=0.0, position=(375 ; 362)} ->> x=370, y=240
VoiceCommand(direction=WEST, speedLevel=L3_SUPER_SONIC)
Clark {horizontal=-3.510748873559455, vertical=0.0, position=(373 ; 362)} ->> x=370, y=240
VoiceCommand(direction=WEST, speedLevel=L3_SUPER_SONIC)
Clark {horizontal=-4.179935479426457, vertical=0.0, position=(371 ; 362)} ->> x=370, y=240
VoiceCommand(direction=SOUTH, speedLevel=L4_MACH_9350)
Clark {horizontal=-3.336255827896037, vertical=-1.2, position=(369 ; 362)} ->> x=370, y=240
VoiceCommand(direction=SOUTH, speedLevel=L4_MACH_9350)
Clark {horizontal=-2.508429320523111, vertical=-2.3964, position=(368 ; 361)} ->> x=370, y=240
VoiceCommand(direction=SOUTH, speedLevel=L4_MACH_9350)
Clark {horizontal=-1.692698776382961, vertical=-3.5820431675999997, position=(367 ; 360)} ->> x=370, y=240
VoiceCommand(direction=EAST, speedLevel=L3_SUPER_SONIC)
Clark {horizontal=0.6144642964859597, vertical=-2.749965584463625, position=(367 ; 358)} ->> x=370, y=240
VoiceCommand(direction=EAST, speedLevel=L3_SUPER_SONIC)
Clark {horizontal=1.3135203805568196, vertical=-1.931059807674289, position=(367 ; 357)} ->> x=370, y=240
VoiceCommand(direction=EAST, speedLevel=L3_SUPER_SONIC)
Clark {horizontal=2.009207041081474, vertical=-1.1217373277222515, position=(368 ; 356)} ->> x=370, y=240
VoiceCommand(direction=SOUTH, speedLevel=L4_MACH_9350)
Clark {horizontal=1.1991147587466457, vertical=-2.318591591141238, position=(369 ; 355)} ->> x=370, y=240
VoiceCommand(direction=SOUTH, speedLevel=L4_MACH_9350)
Clark {horizontal=0.3955200682350356, vertical=-3.5051519237249606, position=(369 ; 354)} ->> x=370, y=240
VoiceCommand(direction=SOUTH, speedLevel=L4_MACH_9350)
Clark {horizontal=0.0, vertical=-4.674436698703978, position=(369 ; 352)} ->> x=370, y=240
VoiceCommand(direction=SOUTH, speedLevel=L4_MACH_9350)
Clark {horizontal=0.0, vertical=-5.819810802578502, position=(369 ; 349)} ->> x=370, y=240
VoiceCommand(direction=SOUTH, speedLevel=L4_MACH_9350)
Clark {horizontal=0.0, vertical=-6.935135308133978, position=(369 ; 346)} ->> x=370, y=240
VoiceCommand(direction=SOUTH, speedLevel=L4_MACH_9350)
Clark {horizontal=0.0, vertical=-8.01489505377866, position=(369 ; 342)} ->> x=370, y=240
VoiceCommand(direction=SOUTH, speedLevel=L4_MACH_9350)
Clark {horizontal=0.0, vertical=-9.054298696970946, position=(369 ; 338)} ->> x=370, y=240
VoiceCommand(direction=SOUTH, speedLevel=L4_MACH_9350)
Clark {horizontal=0.0, vertical=-10.049347884736022, position=(369 ; 333)} ->> x=370, y=240
VoiceCommand(direction=SOUTH, speedLevel=L4_MACH_9350)
Clark {horizontal=0.0, vertical=-10.9968744024649, position=(369 ; 328)} ->> x=370, y=240
VoiceCommand(direction=SOUTH, speedLevel=L4_MACH_9350)
Clark {horizontal=0.0, vertical=-11.894546285905932, position=(369 ; 322)} ->> x=370, y=240
VoiceCommand(direction=SOUTH, speedLevel=L4_MACH_9350)
Clark {horizontal=0.0, vertical=-12.740845707537035, position=(369 ; 316)} ->> x=370, y=240
VoiceCommand(direction=SOUTH, speedLevel=L4_MACH_9350)
Clark {horizontal=0.0, vertical=-13.535022834178873, position=(369 ; 309)} ->> x=370, y=240
VoiceCommand(direction=SOUTH, speedLevel=L4_MACH_9350)
Clark {horizontal=0.0, vertical=-14.277030726374514, position=(369 ; 302)} ->> x=370, y=240
VoiceCommand(direction=SOUTH, speedLevel=L4_MACH_9350)
Clark {horizontal=0.0, vertical=-14.96744671046991, position=(369 ; 295)} ->> x=370, y=240
VoiceCommand(direction=SOUTH, speedLevel=L4_MACH_9350)
Clark {horizontal=0.0, vertical=-15.607385557893018, position=(369 ; 287)} ->> x=370, y=240
VoiceCommand(direction=SOUTH, speedLevel=L4_MACH_9350)
Clark {horizontal=0.0, vertical=-16.1984093480112, position=(369 ; 279)} ->> x=370, y=240
VoiceCommand(direction=SOUTH, speedLevel=L2_SUB_SONIC)
Clark {horizontal=0.0, vertical=-15.742438184496859, position=(369 ; 271)} ->> x=370, y=240
VoiceCommand(direction=SOUTH, speedLevel=L2_SUB_SONIC)
Clark {horizontal=0.0, vertical=-15.322877284515096, position=(369 ; 263)} ->> x=370, y=240
VoiceCommand(direction=SOUTH, speedLevel=L2_SUB_SONIC)
Clark {horizontal=0.0, vertical=-14.935900863824324, position=(369 ; 255)} ->> x=370, y=240
VoiceCommand(direction=SOUTH, speedLevel=L2_SUB_SONIC)
Clark {horizontal=0.0, vertical=-14.578198027289353, position=(369 ; 248)} ->> x=370, y=240
VoiceCommand(direction=SOUTH, speedLevel=L3_SUPER_SONIC)
Clark {horizontal=0.0, vertical=-14.746888382982196, position=(369 ; 241)} ->> x=370, y=240
Removing target
VoiceCommand(direction=SOUTH, speedLevel=L0_RUNNING_HUMAN)
Clark {horizontal=0.0, vertical=-13.403211590531857, position=(369 ; 234)} ->> x=400, y=100
VoiceCommand(direction=EAST, speedLevel=L2_SUB_SONIC)
Clark {horizontal=0.19999999999999996, vertical=-12.154096388180438, position=(369 ; 228)} ->> x=400, y=100
VoiceCommand(direction=EAST, speedLevel=L2_SUB_SONIC)
Clark {horizontal=0.3998999999999999, vertical=-10.984791240647485, position=(369 ; 222)} ->> x=400, y=100
VoiceCommand(direction=EAST, speedLevel=L2_SUB_SONIC)
Clark {horizontal=0.5995001999749999, vertical=-9.883127144145972, position=(369 ; 217)} ->> x=400, y=100
VoiceCommand(direction=EAST, speedLevel=L2_SUB_SONIC)
Clark {horizontal=0.7986016987505747, vertical=-8.838936638777584, position=(369 ; 212)} ->> x=400, y=100
VoiceCommand(direction=EAST, speedLevel=L2_SUB_SONIC)
Clark {horizontal=0.9970072870674564, vertical=-7.843619636516772, position=(369 ; 208)} ->> x=400, y=100
VoiceCommand(direction=EAST, speedLevel=L2_SUB_SONIC)
Clark {horizontal=1.1945222282412924, vertical=-6.889813714010893, position=(370 ; 204)} ->> x=400, y=100
VoiceCommand(direction=EAST, speedLevel=L2_SUB_SONIC)
Clark {horizontal=1.3909550198568859, vertical=-5.971139881476462, position=(371 ; 201)} ->> x=400, y=100
VoiceCommand(direction=EAST, speedLevel=L2_SUB_SONIC)
Clark {horizontal=1.5861181301887233, vertical=-5.082003602766065, position=(372 ; 198)} ->> x=400, y=100
VoiceCommand(direction=EAST, speedLevel=L2_SUB_SONIC)
Clark {horizontal=1.77982870338144, vertical=-4.2174367012197465, position=(373 ; 196)} ->> x=400, y=100
VoiceCommand(direction=EAST, speedLevel=L2_SUB_SONIC)
Clark {horizontal=1.9719092278479886, vertical=-3.3729697703977584, position=(374 ; 194)} ->> x=400, y=100
VoiceCommand(direction=EAST, speedLevel=L2_SUB_SONIC)
Clark {horizontal=2.1621881628408084, vertical=-2.5445274577177157, position=(375 ; 193)} ->> x=400, y=100
VoiceCommand(direction=EAST, speedLevel=L2_SUB_SONIC)
Clark {horizontal=2.350500518711986, vertical=-1.7283409077600171, position=(376 ; 192)} ->> x=400, y=100
VoiceCommand(direction=EAST, speedLevel=L2_SUB_SONIC)
Clark {horizontal=2.5366883869908228, vertical=-0.9208730020264253, position=(377 ; 191)} ->> x=400, y=100
VoiceCommand(direction=EAST, speedLevel=L2_SUB_SONIC)
Clark {horizontal=2.7206014170590875, vertical=-0.11875298431177239, position=(378 ; 191)} ->> x=400, y=100
VoiceCommand(direction=EAST, speedLevel=L2_SUB_SONIC)
Clark {horizontal=2.9020972368828275, vertical=0.0, position=(379 ; 191)} ->> x=400, y=100
VoiceCommand(direction=EAST, speedLevel=L2_SUB_SONIC)
Clark {horizontal=3.08104181595202, vertical=0.0, position=(380 ; 191)} ->> x=400, y=100
VoiceCommand(direction=EAST, speedLevel=L2_SUB_SONIC)
Clark {horizontal=3.257309769272908, vertical=0.0, position=(382 ; 191)} ->> x=400, y=100
VoiceCommand(direction=EAST, speedLevel=L2_SUB_SONIC)
Clark {horizontal=3.430784601940406, vertical=0.0, position=(384 ; 191)} ->> x=400, y=100
VoiceCommand(direction=EAST, speedLevel=L2_SUB_SONIC)
Clark {horizontal=3.6013588944781274, vertical=0.0, position=(386 ; 191)} ->> x=400, y=100
VoiceCommand(direction=EAST, speedLevel=L3_SUPER_SONIC)
Clark {horizontal=4.268934429761035, vertical=0.0, position=(388 ; 191)} ->> x=400, y=100
VoiceCommand(direction=EAST, speedLevel=L3_SUPER_SONIC)
Clark {horizontal=4.923374926847037, vertical=0.0, position=(390 ; 191)} ->> x=400, y=100
VoiceCommand(direction=EAST, speedLevel=L3_SUPER_SONIC)
Clark {horizontal=5.562775875171272, vertical=0.0, position=(393 ; 191)} ->> x=400, y=100
VoiceCommand(direction=EAST, speedLevel=L3_SUPER_SONIC)
Clark {horizontal=6.185414686577803, vertical=0.0, position=(396 ; 191)} ->> x=400, y=100
VoiceCommand(direction=EAST, speedLevel=L3_SUPER_SONIC)
Clark {horizontal=6.789766299465472, vertical=0.0, position=(399 ; 191)} ->> x=400, y=100
VoiceCommand(direction=SOUTH, speedLevel=L4_MACH_9350)
Clark {horizontal=5.874513983462079, vertical=-1.2, position=(402 ; 191)} ->> x=400, y=100
VoiceCommand(direction=SOUTH, speedLevel=L4_MACH_9350)
Clark {horizontal=4.98823919710735, vertical=-2.3964, position=(405 ; 190)} ->> x=400, y=100
VoiceCommand(direction=WEST, speedLevel=L3_SUPER_SONIC)
Clark {horizontal=2.6260328713884546, vertical=-1.5820431675999997, position=(407 ; 189)} ->> x=400, y=100
VoiceCommand(direction=WEST, speedLevel=L3_SUPER_SONIC)
Clark {horizontal=0.30879274978442295, vertical=-0.7757860161396251, position=(408 ; 188)} ->> x=400, y=100
VoiceCommand(direction=WEST, speedLevel=L3_SUPER_SONIC)
Clark {horizontal=-1.9914456326213759, vertical=0.0, position=(408 ; 188)} ->> x=400, y=100
VoiceCommand(direction=WEST, speedLevel=L3_SUPER_SONIC)
Clark {horizontal=-2.681530993352159, vertical=0.0, position=(407 ; 188)} ->> x=400, y=100
VoiceCommand(direction=WEST, speedLevel=L3_SUPER_SONIC)
Clark {horizontal=-3.363554472181389, vertical=0.0, position=(405 ; 188)} ->> x=400, y=100
VoiceCommand(direction=WEST, speedLevel=L3_SUPER_SONIC)
Clark {horizontal=-4.03527072546306, vertical=0.0, position=(403 ; 188)} ->> x=400, y=100
VoiceCommand(direction=WEST, speedLevel=L3_SUPER_SONIC)
Clark {horizontal=-4.694562200893612, vertical=0.0, position=(401 ; 188)} ->> x=400, y=100
VoiceCommand(direction=SOUTH, speedLevel=L4_MACH_9350)
Clark {horizontal=-3.8394649152484646, vertical=-1.2, position=(399 ; 188)} ->> x=400, y=100
VoiceCommand(direction=SOUTH, speedLevel=L4_MACH_9350)
Clark {horizontal=-3.002611188159905, vertical=-2.3964, position=(397 ; 187)} ->> x=400, y=100
VoiceCommand(direction=EAST, speedLevel=L3_SUPER_SONIC)
Clark {horizontal=-0.6800720032917473, vertical=-1.5820431675999997, position=(396 ; 186)} ->> x=400, y=100
VoiceCommand(direction=EAST, speedLevel=L3_SUPER_SONIC)
Clark {horizontal=1.6210842415324058, vertical=-0.7757860161396251, position=(396 ; 185)} ->> x=400, y=100
VoiceCommand(direction=EAST, speedLevel=L3_SUPER_SONIC)
Clark {horizontal=2.314514456237044, vertical=0.0, position=(397 ; 185)} ->> x=400, y=100
VoiceCommand(direction=EAST, speedLevel=L3_SUPER_SONIC)
Clark {horizontal=3.0011220133167185, vertical=0.0, position=(398 ; 185)} ->> x=400, y=100
VoiceCommand(direction=SOUTH, speedLevel=L4_MACH_9350)
Clark {horizontal=2.178605179969683, vertical=-1.2, position=(399 ; 185)} ->> x=400, y=100
VoiceCommand(direction=SOUTH, speedLevel=L4_MACH_9350)
Clark {horizontal=1.366739378644206, vertical=-2.3964, position=(400 ; 184)} ->> x=400, y=100
VoiceCommand(direction=SOUTH, speedLevel=L4_MACH_9350)
Clark {horizontal=0.5620694373213639, vertical=-3.5820431675999997, position=(400 ; 183)} ->> x=400, y=100
VoiceCommand(direction=SOUTH, speedLevel=L4_MACH_9350)
Clark {horizontal=0.0, vertical=-4.7499655844636255, position=(400 ; 181)} ->> x=400, y=100
VoiceCommand(direction=SOUTH, speedLevel=L4_MACH_9350)
Clark {horizontal=0.0, vertical=-5.893560151829654, position=(400 ; 178)} ->> x=400, y=100
VoiceCommand(direction=SOUTH, speedLevel=L4_MACH_9350)
Clark {horizontal=0.0, vertical=-7.006725023671567, position=(400 ; 175)} ->> x=400, y=100
VoiceCommand(direction=SOUTH, speedLevel=L4_MACH_9350)
Clark {horizontal=0.0, vertical=-8.083989534778205, position=(400 ; 171)} ->> x=400, y=100
VoiceCommand(direction=SOUTH, speedLevel=L4_MACH_9350)
Clark {horizontal=0.0, vertical=-9.120612317782196, position=(400 ; 167)} ->> x=400, y=100
VoiceCommand(direction=SOUTH, speedLevel=L4_MACH_9350)
Clark {horizontal=0.0, vertical=-10.112648395153995, position=(400 ; 162)} ->> x=400, y=100
VoiceCommand(direction=SOUTH, speedLevel=L4_MACH_9350)
Clark {horizontal=0.0, vertical=-11.056984251243968, position=(400 ; 157)} ->> x=400, y=100
VoiceCommand(direction=SOUTH, speedLevel=L4_MACH_9350)
Clark {horizontal=0.0, vertical=-11.951341999413325, position=(400 ; 151)} ->> x=400, y=100
VoiceCommand(direction=SOUTH, speedLevel=L4_MACH_9350)
Clark {horizontal=0.0, vertical=-12.794255560445972, position=(400 ; 145)} ->> x=400, y=100
VoiceCommand(direction=SOUTH, speedLevel=L2_SUB_SONIC)
Clark {horizontal=0.0, vertical=-12.585023122080965, position=(400 ; 139)} ->> x=400, y=100
VoiceCommand(direction=SOUTH, speedLevel=L2_SUB_SONIC)
Clark {horizontal=0.0, vertical=-12.389066104622684, position=(400 ; 133)} ->> x=400, y=100
VoiceCommand(direction=SOUTH, speedLevel=L2_SUB_SONIC)
Clark {horizontal=0.0, vertical=-12.205343707260907, position=(400 ; 127)} ->> x=400, y=100
VoiceCommand(direction=SOUTH, speedLevel=L2_SUB_SONIC)
Clark {horizontal=0.0, vertical=-12.032917669729972, position=(400 ; 121)} ->> x=400, y=100
VoiceCommand(direction=SOUTH, speedLevel=L2_SUB_SONIC)
Clark {horizontal=0.0, vertical=-11.870939900613722, position=(400 ; 115)} ->> x=400, y=100
VoiceCommand(direction=SOUTH, speedLevel=L2_SUB_SONIC)
Clark {horizontal=0.0, vertical=-11.718641865303765, position=(400 ; 109)} ->> x=400, y=100
VoiceCommand(direction=SOUTH, speedLevel=L3_SUPER_SONIC)
Clark {horizontal=0.0, vertical=-12.075325447385639, position=(400 ; 103)} ->> x=400, y=100
VoiceCommand(direction=SOUTH, speedLevel=L3_SUPER_SONIC)
Clark {horizontal=0.0, vertical=-12.410791735734941, position=(400 ; 97)} ->> x=400, y=100
VoiceCommand(direction=NORTH, speedLevel=L3_SUPER_SONIC)
Training is over in 209s
Training result COMPLETED
]]></system-out>
  <system-err><![CDATA[Target captured com.nortal.clark.training.assignment.model.Position@256d
Target captured com.nortal.clark.training.assignment.model.Position@256d
Target captured com.nortal.clark.training.assignment.model.Position@2617
Target captured com.nortal.clark.training.assignment.model.Position@2617
Target captured com.nortal.clark.training.assignment.model.Position@2617
Target captured com.nortal.clark.training.assignment.model.Position@30a3
Target captured com.nortal.clark.training.assignment.model.Position@30a3
Target captured com.nortal.clark.training.assignment.model.Position@5f6f
Target captured com.nortal.clark.training.assignment.model.Position@5f6f
Target captured com.nortal.clark.training.assignment.model.Position@63cf
Target captured com.nortal.clark.training.assignment.model.Position@63cf
Target captured com.nortal.clark.training.assignment.model.Position@6a2d
]]></system-err>
</testsuite>
