<?xml version="1.0" encoding="UTF-8"?>
<testsuite name="com.nortal.clark.training.test.provided.SimpleStraightTest" tests="4" skipped="0" failures="0" errors="0" timestamp="2022-06-24T13:23:13" hostname="DESKTOP-UME1DA6" time="11.709">
  <properties/>
  <testcase name="targetsDiagonal()" classname="com.nortal.clark.training.test.provided.SimpleStraightTest" time="4.239"/>
  <testcase name="testStraightLineSingleTarget()" classname="com.nortal.clark.training.test.provided.SimpleStraightTest" time="2.49"/>
  <testcase name="twoTargetsXAxis()" classname="com.nortal.clark.training.test.provided.SimpleStraightTest" time="3.16"/>
  <testcase name="twoTargetsYAxis()" classname="com.nortal.clark.training.test.provided.SimpleStraightTest" time="1.82"/>
  <system-out><![CDATA[Clark {horizontal=0.0, vertical=0.0, position=(1 ; 1)} ->> x=100, y=100
VoiceCommand(direction=EAST, speedLevel=L3_SUPER_SONIC)
Clark {horizontal=0.7, vertical=0.0, position=(1 ; 1)} ->> x=100, y=100
VoiceCommand(direction=EAST, speedLevel=L3_SUPER_SONIC)
Clark {horizontal=1.3987749999999999, vertical=0.0, position=(2 ; 1)} ->> x=100, y=100
VoiceCommand(direction=EAST, speedLevel=L3_SUPER_SONIC)
Clark {horizontal=2.0938835712484374, vertical=0.0, position=(3 ; 1)} ->> x=100, y=100
VoiceCommand(direction=EAST, speedLevel=L3_SUPER_SONIC)
Clark {horizontal=2.782922700223577, vertical=0.0, position=(4 ; 1)} ->> x=100, y=100
VoiceCommand(direction=EAST, speedLevel=L3_SUPER_SONIC)
Clark {horizontal=3.463561053335028, vertical=0.0, position=(6 ; 1)} ->> x=100, y=100
VoiceCommand(direction=EAST, speedLevel=L3_SUPER_SONIC)
Clark {horizontal=4.133570415409579, vertical=0.0, position=(8 ; 1)} ->> x=100, y=100
VoiceCommand(direction=EAST, speedLevel=L3_SUPER_SONIC)
Clark {horizontal=4.790854404461706, vertical=0.0, position=(10 ; 1)} ->> x=100, y=100
VoiceCommand(direction=EAST, speedLevel=L3_SUPER_SONIC)
Clark {horizontal=5.433473689649831, vertical=0.0, position=(13 ; 1)} ->> x=100, y=100
VoiceCommand(direction=EAST, speedLevel=L3_SUPER_SONIC)
Clark {horizontal=6.0596670988095385, vertical=0.0, position=(16 ; 1)} ->> x=100, y=100
VoiceCommand(direction=EAST, speedLevel=L3_SUPER_SONIC)
Clark {horizontal=6.667868185438551, vertical=0.0, position=(19 ; 1)} ->> x=100, y=100
VoiceCommand(direction=EAST, speedLevel=L3_SUPER_SONIC)
Clark {horizontal=7.256717020092593, vertical=0.0, position=(22 ; 1)} ->> x=100, y=100
VoiceCommand(direction=EAST, speedLevel=L3_SUPER_SONIC)
Clark {horizontal=7.825067165318339, vertical=0.0, position=(26 ; 1)} ->> x=100, y=100
VoiceCommand(direction=EAST, speedLevel=L3_SUPER_SONIC)
Clark {horizontal=8.37198797496398, vertical=0.0, position=(30 ; 1)} ->> x=100, y=100
VoiceCommand(direction=EAST, speedLevel=L3_SUPER_SONIC)
Clark {horizontal=8.896762518331627, vertical=0.0, position=(34 ; 1)} ->> x=100, y=100
VoiceCommand(direction=EAST, speedLevel=L3_SUPER_SONIC)
Clark {horizontal=9.398881560062652, vertical=0.0, position=(39 ; 1)} ->> x=100, y=100
VoiceCommand(direction=EAST, speedLevel=L3_SUPER_SONIC)
Clark {horizontal=9.878034123612437, vertical=0.0, position=(44 ; 1)} ->> x=100, y=100
VoiceCommand(direction=EAST, speedLevel=L3_SUPER_SONIC)
Clark {horizontal=10.334095228244308, vertical=0.0, position=(49 ; 1)} ->> x=100, y=100
VoiceCommand(direction=EAST, speedLevel=L3_SUPER_SONIC)
Clark {horizontal=10.767111417778255, vertical=0.0, position=(54 ; 1)} ->> x=100, y=100
VoiceCommand(direction=EAST, speedLevel=L3_SUPER_SONIC)
Clark {horizontal=11.177284697071126, vertical=0.0, position=(59 ; 1)} ->> x=100, y=100
VoiceCommand(direction=EAST, speedLevel=L2_SUB_SONIC)
Clark {horizontal=11.064955464072675, vertical=0.0, position=(65 ; 1)} ->> x=100, y=100
VoiceCommand(direction=EAST, speedLevel=L2_SUB_SONIC)
Clark {horizontal=10.958872365517895, vertical=0.0, position=(71 ; 1)} ->> x=100, y=100
VoiceCommand(direction=EAST, speedLevel=L2_SUB_SONIC)
Clark {horizontal=10.858630156708616, vertical=0.0, position=(76 ; 1)} ->> x=100, y=100
VoiceCommand(direction=EAST, speedLevel=L2_SUB_SONIC)
Clark {horizontal=10.763855534508162, vertical=0.0, position=(81 ; 1)} ->> x=100, y=100
VoiceCommand(direction=EAST, speedLevel=L2_SUB_SONIC)
Clark {horizontal=10.674204069588757, vertical=0.0, position=(86 ; 1)} ->> x=100, y=100
VoiceCommand(direction=EAST, speedLevel=L4_MACH_9350)
Clark {horizontal=11.589357488290695, vertical=0.0, position=(92 ; 1)} ->> x=100, y=100
VoiceCommand(direction=EAST, speedLevel=L4_MACH_9350)
Clark {horizontal=12.453574470812196, vertical=0.0, position=(98 ; 1)} ->> x=100, y=100
VoiceCommand(direction=NORTH, speedLevel=L3_SUPER_SONIC)
Clark {horizontal=11.265845678062032, vertical=0.7, position=(104 ; 1)} ->> x=100, y=100
VoiceCommand(direction=WEST, speedLevel=L4_MACH_9350)
Clark {horizontal=8.148547480957259, vertical=0.0, position=(109 ; 1)} ->> x=100, y=100
VoiceCommand(direction=WEST, speedLevel=L4_MACH_9350)
Clark {horizontal=5.182550415833721, vertical=0.0, position=(112 ; 1)} ->> x=100, y=100
VoiceCommand(direction=WEST, speedLevel=L4_MACH_9350)
Clark {horizontal=2.3154033438020756, vertical=0.0, position=(114 ; 1)} ->> x=100, y=100
VoiceCommand(direction=WEST, speedLevel=L4_MACH_9350)
Clark {horizontal=-0.4979993878091493, vertical=0.0, position=(114 ; 1)} ->> x=100, y=100
VoiceCommand(direction=WEST, speedLevel=L4_MACH_9350)
Clark {horizontal=-1.6973793793335035, vertical=0.0, position=(113 ; 1)} ->> x=100, y=100
VoiceCommand(direction=WEST, speedLevel=L4_MACH_9350)
Clark {horizontal=-2.890176637440037, vertical=0.0, position=(112 ; 1)} ->> x=100, y=100
VoiceCommand(direction=WEST, speedLevel=L4_MACH_9350)
Clark {horizontal=-4.069293834951027, vertical=0.0, position=(110 ; 1)} ->> x=100, y=100
VoiceCommand(direction=WEST, speedLevel=L4_MACH_9350)
Clark {horizontal=-5.227895954163101, vertical=0.0, position=(108 ; 1)} ->> x=100, y=100
VoiceCommand(direction=WEST, speedLevel=L4_MACH_9350)
Clark {horizontal=-6.359568713894213, vertical=0.0, position=(105 ; 1)} ->> x=100, y=100
VoiceCommand(direction=WEST, speedLevel=L4_MACH_9350)
Clark {horizontal=-7.458458428327358, vertical=0.0, position=(102 ; 1)} ->> x=100, y=100
VoiceCommand(direction=NORTH, speedLevel=L3_SUPER_SONIC)
Clark {horizontal=-6.519386923009639, vertical=0.7, position=(99 ; 1)} ->> x=100, y=100
VoiceCommand(direction=NORTH, speedLevel=L3_SUPER_SONIC)
Clark {horizontal=-5.613130908379866, vertical=1.3987749999999999, position=(96 ; 2)} ->> x=100, y=100
VoiceCommand(direction=EAST, speedLevel=L4_MACH_9350)
Clark {horizontal=-2.7343628118933427, vertical=0.5938835712484374, position=(94 ; 2)} ->> x=100, y=100
VoiceCommand(direction=EAST, speedLevel=L4_MACH_9350)
Clark {horizontal=0.08432903807432046, vertical=0.0, position=(93 ; 2)} ->> x=100, y=100
VoiceCommand(direction=EAST, speedLevel=L4_MACH_9350)
Clark {horizontal=1.284311259607664, vertical=0.0, position=(93 ; 2)} ->> x=100, y=100
VoiceCommand(direction=EAST, speedLevel=L4_MACH_9350)
Clark {horizontal=2.4801876210787763, vertical=0.0, position=(94 ; 2)} ->> x=100, y=100
VoiceCommand(direction=EAST, speedLevel=L4_MACH_9350)
Clark {horizontal=3.6648092944893955, vertical=0.0, position=(96 ; 2)} ->> x=100, y=100
VoiceCommand(direction=EAST, speedLevel=L4_MACH_9350)
Clark {horizontal=4.831232226576956, vertical=0.0, position=(98 ; 2)} ->> x=100, y=100
VoiceCommand(direction=NORTH, speedLevel=L3_SUPER_SONIC)
Clark {horizontal=3.972880214509167, vertical=0.7, position=(100 ; 2)} ->> x=100, y=100
VoiceCommand(direction=NORTH, speedLevel=L3_SUPER_SONIC)
Clark {horizontal=3.1334207715120708, vertical=1.3987749999999999, position=(102 ; 3)} ->> x=100, y=100
VoiceCommand(direction=NORTH, speedLevel=L3_SUPER_SONIC)
Clark {horizontal=2.3088749571837126, vertical=2.0938835712484374, position=(103 ; 4)} ->> x=100, y=100
VoiceCommand(direction=WEST, speedLevel=L4_MACH_9350)
Clark {horizontal=-0.5044523017360629, vertical=1.282922700223577, position=(103 ; 5)} ->> x=100, y=100
VoiceCommand(direction=WEST, speedLevel=L4_MACH_9350)
Clark {horizontal=-1.703816121424246, vertical=0.47880797358670457, position=(102 ; 5)} ->> x=100, y=100
VoiceCommand(direction=NORTH, speedLevel=L3_SUPER_SONIC)
Clark {horizontal=-0.896558647985183, vertical=1.178234830897779, position=(101 ; 5)} ->> x=100, y=100
VoiceCommand(direction=NORTH, speedLevel=L3_SUPER_SONIC)
Clark {horizontal=-0.09454910446199039, vertical=1.8747642376059273, position=(101 ; 6)} ->> x=100, y=100
VoiceCommand(direction=NORTH, speedLevel=L3_SUPER_SONIC)
Clark {horizontal=0.0, vertical=2.565977385239412, position=(101 ; 7)} ->> x=100, y=100
VoiceCommand(direction=NORTH, speedLevel=L3_SUPER_SONIC)
Clark {horizontal=0.0, vertical=3.249516785385512, position=(101 ; 8)} ->> x=100, y=100
VoiceCommand(direction=NORTH, speedLevel=L3_SUPER_SONIC)
Clark {horizontal=0.0, vertical=3.9231183870392563, position=(101 ; 10)} ->> x=100, y=100
VoiceCommand(direction=NORTH, speedLevel=L3_SUPER_SONIC)
Clark {horizontal=0.0, vertical=4.5846412423424425, position=(101 ; 12)} ->> x=100, y=100
VoiceCommand(direction=NORTH, speedLevel=L3_SUPER_SONIC)
Clark {horizontal=0.0, vertical=5.232093904039974, position=(101 ; 14)} ->> x=100, y=100
VoiceCommand(direction=NORTH, speedLevel=L3_SUPER_SONIC)
Clark {horizontal=0.0, vertical=5.8636568874882435, position=(101 ; 17)} ->> x=100, y=100
VoiceCommand(direction=NORTH, speedLevel=L3_SUPER_SONIC)
Clark {horizontal=0.0, vertical=6.477700707252772, position=(101 ; 20)} ->> x=100, y=100
VoiceCommand(direction=NORTH, speedLevel=L3_SUPER_SONIC)
Clark {horizontal=0.0, vertical=7.0727991911209145, position=(101 ; 23)} ->> x=100, y=100
VoiceCommand(direction=NORTH, speedLevel=L3_SUPER_SONIC)
Clark {horizontal=0.0, vertical=7.647737970126113, position=(101 ; 27)} ->> x=100, y=100
VoiceCommand(direction=NORTH, speedLevel=L3_SUPER_SONIC)
Clark {horizontal=0.0, vertical=8.201518229976841, position=(101 ; 31)} ->> x=100, y=100
VoiceCommand(direction=NORTH, speedLevel=L3_SUPER_SONIC)
Clark {horizontal=0.0, vertical=8.733355976785235, position=(101 ; 35)} ->> x=100, y=100
VoiceCommand(direction=NORTH, speedLevel=L3_SUPER_SONIC)
Clark {horizontal=0.0, vertical=9.242677210242109, position=(101 ; 39)} ->> x=100, y=100
VoiceCommand(direction=NORTH, speedLevel=L3_SUPER_SONIC)
Clark {horizontal=0.0, vertical=9.729109505210287, position=(101 ; 44)} ->> x=100, y=100
VoiceCommand(direction=NORTH, speedLevel=L3_SUPER_SONIC)
Clark {horizontal=0.0, vertical=10.192470575799355, position=(101 ; 49)} ->> x=100, y=100
VoiceCommand(direction=NORTH, speedLevel=L3_SUPER_SONIC)
Clark {horizontal=0.0, vertical=10.632754434703015, position=(101 ; 54)} ->> x=100, y=100
VoiceCommand(direction=NORTH, speedLevel=L3_SUPER_SONIC)
Clark {horizontal=0.0, vertical=11.050115767531274, position=(101 ; 59)} ->> x=100, y=100
VoiceCommand(direction=NORTH, speedLevel=L2_SUB_SONIC)
Clark {horizontal=0.0, vertical=10.944853121341666, position=(101 ; 64)} ->> x=100, y=100
VoiceCommand(direction=NORTH, speedLevel=L2_SUB_SONIC)
Clark {horizontal=0.0, vertical=10.845378596722309, position=(101 ; 69)} ->> x=100, y=100
VoiceCommand(direction=NORTH, speedLevel=L2_SUB_SONIC)
Clark {horizontal=0.0, vertical=10.751323004456703, position=(101 ; 74)} ->> x=100, y=100
VoiceCommand(direction=NORTH, speedLevel=L2_SUB_SONIC)
Clark {horizontal=0.0, vertical=10.662345638591303, position=(101 ; 79)} ->> x=100, y=100
VoiceCommand(direction=NORTH, speedLevel=L2_SUB_SONIC)
Clark {horizontal=0.0, vertical=10.578131602299335, position=(101 ; 84)} ->> x=100, y=100
VoiceCommand(direction=NORTH, speedLevel=L2_SUB_SONIC)
Clark {horizontal=0.0, vertical=10.498389431810425, position=(101 ; 89)} ->> x=100, y=100
VoiceCommand(direction=NORTH, speedLevel=L4_MACH_9350)
Clark {horizontal=0.0, vertical=11.422848980155553, position=(101 ; 94)} ->> x=100, y=100
VoiceCommand(direction=NORTH, speedLevel=L4_MACH_9350)
Clark {horizontal=0.0, vertical=12.296645283096952, position=(101 ; 100)} ->> x=100, y=100
Removing target
VoiceCommand(direction=SOUTH, speedLevel=L0_RUNNING_HUMAN)
Clark {horizontal=0.0, vertical=11.118626570051175, position=(101 ; 106)} ->> x=150, y=150
VoiceCommand(direction=EAST, speedLevel=L3_SUPER_SONIC)
Clark {horizontal=0.7, vertical=10.009566928040556, position=(101 ; 111)} ->> x=150, y=150
VoiceCommand(direction=EAST, speedLevel=L3_SUPER_SONIC)
Clark {horizontal=1.3987749999999999, vertical=8.959088352823247, position=(102 ; 116)} ->> x=150, y=150
VoiceCommand(direction=EAST, speedLevel=L3_SUPER_SONIC)
Clark {horizontal=2.0938835712484374, vertical=7.958425192539014, position=(103 ; 120)} ->> x=150, y=150
VoiceCommand(direction=EAST, speedLevel=L3_SUPER_SONIC)
Clark {horizontal=2.782922700223577, vertical=7.000083863675915, position=(104 ; 124)} ->> x=150, y=150
VoiceCommand(direction=EAST, speedLevel=L3_SUPER_SONIC)
Clark {horizontal=3.463561053335028, vertical=6.077580928429675, position=(106 ; 127)} ->> x=150, y=150
VoiceCommand(direction=EAST, speedLevel=L2_SUB_SONIC)
Clark {horizontal=3.63357041540958, vertical=5.185238453575645, position=(108 ; 130)} ->> x=150, y=150
VoiceCommand(direction=EAST, speedLevel=L2_SUB_SONIC)
Clark {horizontal=3.80056333050023, vertical=4.318021709024546, position=(110 ; 132)} ->> x=150, y=150
VoiceCommand(direction=EAST, speedLevel=L2_SUB_SONIC)
Clark {horizontal=3.9644526264273727, vertical=3.4714084303255275, position=(112 ; 134)} ->> x=150, y=150
VoiceCommand(direction=EAST, speedLevel=L2_SUB_SONIC)
Clark {horizontal=4.125160414859406, vertical=2.6412817391001897, position=(114 ; 136)} ->> x=150, y=150
VoiceCommand(direction=EAST, speedLevel=L2_SUB_SONIC)
Clark {horizontal=4.282618043738598, vertical=1.8238408160369293, position=(116 ; 137)} ->> x=150, y=150
VoiceCommand(direction=EAST, speedLevel=L2_SUB_SONIC)
Clark {horizontal=4.436766000467209, vertical=1.0155248277313236, position=(118 ; 138)} ->> x=150, y=150
VoiceCommand(direction=EAST, speedLevel=L2_SUB_SONIC)
Clark {horizontal=4.587553769109954, vertical=0.2129466010419767, position=(120 ; 138)} ->> x=150, y=150
VoiceCommand(direction=EAST, speedLevel=L2_SUB_SONIC)
Clark {horizontal=4.734939645148767, vertical=0.0, position=(122 ; 138)} ->> x=150, y=150
VoiceCommand(direction=EAST, speedLevel=L2_SUB_SONIC)
Clark {horizontal=4.878890511540764, vertical=0.0, position=(124 ; 138)} ->> x=150, y=150
VoiceCommand(direction=EAST, speedLevel=L2_SUB_SONIC)
Clark {horizontal=5.019381579981758, vertical=0.0, position=(126 ; 138)} ->> x=150, y=150
VoiceCommand(direction=EAST, speedLevel=L2_SUB_SONIC)
Clark {horizontal=5.156396101368108, vertical=0.0, position=(129 ; 138)} ->> x=150, y=150
VoiceCommand(direction=EAST, speedLevel=L2_SUB_SONIC)
Clark {horizontal=5.289925049482597, vertical=0.0, position=(132 ; 138)} ->> x=150, y=150
VoiceCommand(direction=EAST, speedLevel=L2_SUB_SONIC)
Clark {horizontal=5.419966781909738, vertical=0.0, position=(135 ; 138)} ->> x=150, y=150
VoiceCommand(direction=EAST, speedLevel=L4_MACH_9350)
Clark {horizontal=6.546526682117226, vertical=0.0, position=(138 ; 138)} ->> x=150, y=150
VoiceCommand(direction=EAST, speedLevel=L4_MACH_9350)
Clark {horizontal=7.639384153118044, vertical=0.0, position=(142 ; 138)} ->> x=150, y=150
VoiceCommand(direction=EAST, speedLevel=L4_MACH_9350)
Clark {horizontal=8.693483677520767, vertical=0.0, position=(146 ; 138)} ->> x=150, y=150
VoiceCommand(direction=EAST, speedLevel=L4_MACH_9350)
Clark {horizontal=9.704542031392467, vertical=0.0, position=(151 ; 138)} ->> x=150, y=150
VoiceCommand(direction=NORTH, speedLevel=L4_MACH_9350)
Clark {horizontal=8.66909669129481, vertical=1.2, position=(156 ; 138)} ->> x=150, y=150
VoiceCommand(direction=WEST, speedLevel=L4_MACH_9350)
Clark {horizontal=5.681213597687263, vertical=0.39639999999999986, position=(160 ; 138)} ->> x=150, y=150
VoiceCommand(direction=WEST, speedLevel=L4_MACH_9350)
Clark {horizontal=2.800523127830896, vertical=0.0, position=(162 ; 138)} ->> x=150, y=150
VoiceCommand(direction=WEST, speedLevel=L4_MACH_9350)
Clark {horizontal=-0.019084196642893403, vertical=0.0, position=(163 ; 138)} ->> x=150, y=150
VoiceCommand(direction=WEST, speedLevel=L4_MACH_9350)
Clark {horizontal=-1.2190832861264895, vertical=0.0, position=(163 ; 138)} ->> x=150, y=150
VoiceCommand(direction=WEST, speedLevel=L4_MACH_9350)
Clark {horizontal=-2.4153678759802073, vertical=0.0, position=(162 ; 138)} ->> x=150, y=150
VoiceCommand(direction=WEST, speedLevel=L4_MACH_9350)
Clark {horizontal=-3.6007828710394145, vertical=0.0, position=(160 ; 138)} ->> x=150, y=150
VoiceCommand(direction=WEST, speedLevel=L4_MACH_9350)
Clark {horizontal=-4.768368777828488, vertical=0.0, position=(158 ; 138)} ->> x=150, y=150
VoiceCommand(direction=WEST, speedLevel=L4_MACH_9350)
Clark {horizontal=-5.911525425825063, vertical=0.0, position=(155 ; 138)} ->> x=150, y=150
VoiceCommand(direction=WEST, speedLevel=L4_MACH_9350)
Clark {horizontal=-7.024160093674623, vertical=0.0, position=(152 ; 138)} ->> x=150, y=150
VoiceCommand(direction=NORTH, speedLevel=L4_MACH_9350)
Clark {horizontal=-6.100813031120695, vertical=1.2, position=(149 ; 138)} ->> x=150, y=150
VoiceCommand(direction=NORTH, speedLevel=L4_MACH_9350)
Clark {horizontal=-5.207763232018965, vertical=2.3964, position=(146 ; 139)} ->> x=150, y=150
VoiceCommand(direction=EAST, speedLevel=L4_MACH_9350)
Clark {horizontal=-2.339961237317043, vertical=1.5820431675999997, position=(144 ; 140)} ->> x=150, y=150
VoiceCommand(direction=EAST, speedLevel=L4_MACH_9350)
Clark {horizontal=0.47372730916332273, vertical=0.7757860161396251, position=(144 ; 141)} ->> x=150, y=150
VoiceCommand(direction=EAST, speedLevel=L4_MACH_9350)
Clark {horizontal=1.673166265254705, vertical=0.0, position=(145 ; 141)} ->> x=150, y=150
VoiceCommand(direction=EAST, speedLevel=L4_MACH_9350)
Clark {horizontal=2.866167551876739, vertical=0.0, position=(146 ; 141)} ->> x=150, y=150
VoiceCommand(direction=EAST, speedLevel=L4_MACH_9350)
Clark {horizontal=4.045630260788161, vertical=0.0, position=(148 ; 141)} ->> x=150, y=150
VoiceCommand(direction=NORTH, speedLevel=L4_MACH_9350)
Clark {horizontal=3.2047124502706485, vertical=1.2, position=(150 ; 141)} ->> x=150, y=150
VoiceCommand(direction=NORTH, speedLevel=L4_MACH_9350)
Clark {horizontal=2.3790369955483492, vertical=2.3964, position=(151 ; 142)} ->> x=150, y=150
VoiceCommand(direction=NORTH, speedLevel=L4_MACH_9350)
Clark {horizontal=1.5648874529828798, vertical=3.5820431675999997, position=(152 ; 143)} ->> x=150, y=150
VoiceCommand(direction=NORTH, speedLevel=L4_MACH_9350)
Clark {horizontal=0.7587652711316216, vertical=4.7499655844636255, position=(153 ; 145)} ->> x=150, y=150
VoiceCommand(direction=WEST, speedLevel=L4_MACH_9350)
Clark {horizontal=-2.042674040710067, vertical=3.893560151829653, position=(153 ; 147)} ->> x=150, y=150
VoiceCommand(direction=WEST, speedLevel=L4_MACH_9350)
Clark {horizontal=-3.2322427476185904, vertical=3.055660625189864, position=(152 ; 149)} ->> x=150, y=150
VoiceCommand(direction=SOUTH, speedLevel=L0_RUNNING_HUMAN)
Clark {horizontal=-2.406124264669758, vertical=2.2323179705490244, position=(151 ; 150)} ->> x=150, y=150
Removing target
VoiceCommand(direction=SOUTH, speedLevel=L0_RUNNING_HUMAN)
Clark {horizontal=-1.5916506797271763, vertical=1.419859861744934, position=(150 ; 151)} ->> x=250, y=250
VoiceCommand(direction=EAST, speedLevel=L3_SUPER_SONIC)
Clark {horizontal=0.7146826999885136, vertical=0.6148198566774482, position=(150 ; 152)} ->> x=250, y=250
VoiceCommand(direction=EAST, speedLevel=L3_SUPER_SONIC)
Clark {horizontal=1.4134057715843564, vertical=0.0, position=(151 ; 152)} ->> x=250, y=250
VoiceCommand(direction=EAST, speedLevel=L3_SUPER_SONIC)
Clark {horizontal=2.1084114818964865, vertical=0.0, position=(152 ; 152)} ->> x=250, y=250
VoiceCommand(direction=EAST, speedLevel=L3_SUPER_SONIC)
Clark {horizontal=2.797297984454004, vertical=0.0, position=(153 ; 152)} ->> x=250, y=250
VoiceCommand(direction=EAST, speedLevel=L3_SUPER_SONIC)
Clark {horizontal=3.477735794419428, vertical=0.0, position=(155 ; 152)} ->> x=250, y=250
VoiceCommand(direction=EAST, speedLevel=L3_SUPER_SONIC)
Clark {horizontal=4.147499178779963, vertical=0.0, position=(157 ; 152)} ->> x=250, y=250
VoiceCommand(direction=EAST, speedLevel=L3_SUPER_SONIC)
Clark {horizontal=4.804494805185012, vertical=0.0, position=(159 ; 152)} ->> x=250, y=250
VoiceCommand(direction=EAST, speedLevel=L3_SUPER_SONIC)
Clark {horizontal=5.446786879352388, vertical=0.0, position=(162 ; 152)} ->> x=250, y=250
VoiceCommand(direction=EAST, speedLevel=L3_SUPER_SONIC)
Clark {horizontal=6.072618161079674, vertical=0.0, position=(165 ; 152)} ->> x=250, y=250
VoiceCommand(direction=EAST, speedLevel=L3_SUPER_SONIC)
Clark {horizontal=6.680426432753988, vertical=0.0, position=(168 ; 152)} ->> x=250, y=250
VoiceCommand(direction=EAST, speedLevel=L3_SUPER_SONIC)
Clark {horizontal=7.268856189445392, vertical=0.0, position=(171 ; 152)} ->> x=250, y=250
VoiceCommand(direction=EAST, speedLevel=L3_SUPER_SONIC)
Clark {horizontal=7.836765513688296, vertical=0.0, position=(175 ; 152)} ->> x=250, y=250
VoiceCommand(direction=EAST, speedLevel=L3_SUPER_SONIC)
Clark {horizontal=8.38322827939696, vertical=0.0, position=(179 ; 152)} ->> x=250, y=250
VoiceCommand(direction=EAST, speedLevel=L3_SUPER_SONIC)
Clark {horizontal=8.907531988435757, vertical=0.0, position=(183 ; 152)} ->> x=250, y=250
VoiceCommand(direction=EAST, speedLevel=L3_SUPER_SONIC)
Clark {horizontal=9.409171673123241, vertical=0.0, position=(188 ; 152)} ->> x=250, y=250
VoiceCommand(direction=EAST, speedLevel=L3_SUPER_SONIC)
Clark {horizontal=9.88784039418748, vertical=0.0, position=(193 ; 152)} ->> x=250, y=250
VoiceCommand(direction=EAST, speedLevel=L3_SUPER_SONIC)
Clark {horizontal=10.343416925035166, vertical=0.0, position=(198 ; 152)} ->> x=250, y=250
VoiceCommand(direction=EAST, speedLevel=L3_SUPER_SONIC)
Clark {horizontal=10.775951240822407, vertical=0.0, position=(203 ; 152)} ->> x=250, y=250
VoiceCommand(direction=EAST, speedLevel=L3_SUPER_SONIC)
Clark {horizontal=11.185648427960952, vertical=0.0, position=(208 ; 152)} ->> x=250, y=250
VoiceCommand(direction=EAST, speedLevel=L2_SUB_SONIC)
Clark {horizontal=11.072851601076088, vertical=0.0, position=(214 ; 152)} ->> x=250, y=250
VoiceCommand(direction=EAST, speedLevel=L2_SUB_SONIC)
Clark {horizontal=10.966331494627456, vertical=0.0, position=(220 ; 152)} ->> x=250, y=250
VoiceCommand(direction=EAST, speedLevel=L2_SUB_SONIC)
Clark {horizontal=10.86568042850231, vertical=0.0, position=(225 ; 152)} ->> x=250, y=250
VoiceCommand(direction=EAST, speedLevel=L2_SUB_SONIC)
Clark {horizontal=10.770522900566466, vertical=0.0, position=(230 ; 152)} ->> x=250, y=250
VoiceCommand(direction=EAST, speedLevel=L2_SUB_SONIC)
Clark {horizontal=10.680512491687399, vertical=0.0, position=(235 ; 152)} ->> x=250, y=250
VoiceCommand(direction=EAST, speedLevel=L4_MACH_9350)
Clark {horizontal=11.595329123974672, vertical=0.0, position=(241 ; 152)} ->> x=250, y=250
VoiceCommand(direction=EAST, speedLevel=L4_MACH_9350)
Clark {horizontal=12.459199980241433, vertical=0.0, position=(247 ; 152)} ->> x=250, y=250
VoiceCommand(direction=EAST, speedLevel=L4_MACH_9350)
Clark {horizontal=13.271120819872312, vertical=0.0, position=(253 ; 152)} ->> x=250, y=250
VoiceCommand(direction=WEST, speedLevel=L4_MACH_9350)
Clark {horizontal=10.030814200333191, vertical=0.0, position=(259 ; 152)} ->> x=250, y=250
VoiceCommand(direction=WEST, speedLevel=L4_MACH_9350)
Clark {horizontal=6.979271116529176, vertical=0.0, position=(263 ; 152)} ->> x=250, y=250
VoiceCommand(direction=WEST, speedLevel=L4_MACH_9350)
Clark {horizontal=4.05749555323413, vertical=0.0, position=(266 ; 152)} ->> x=250, y=250
VoiceCommand(direction=WEST, speedLevel=L2_SUB_SONIC)
Clark {horizontal=2.216337377822843, vertical=0.0, position=(268 ; 152)} ->> x=250, y=250
VoiceCommand(direction=WEST, speedLevel=L2_SUB_SONIC)
Clark {horizontal=0.40405699939200623, vertical=0.0, position=(269 ; 152)} ->> x=250, y=250
VoiceCommand(direction=WEST, speedLevel=L2_SUB_SONIC)
Clark {horizontal=-1.396351155754888, vertical=0.0, position=(269 ; 152)} ->> x=250, y=250
VoiceCommand(direction=WEST, speedLevel=L2_SUB_SONIC)
Clark {horizontal=-1.591476664379443, vertical=0.0, position=(268 ; 152)} ->> x=250, y=250
VoiceCommand(direction=WEST, speedLevel=L2_SUB_SONIC)
Clark {horizontal=-1.785144669446282, vertical=0.0, position=(267 ; 152)} ->> x=250, y=250
VoiceCommand(direction=WEST, speedLevel=L2_SUB_SONIC)
Clark {horizontal=-1.9771778157191506, vertical=0.0, position=(266 ; 152)} ->> x=250, y=250
VoiceCommand(direction=WEST, speedLevel=L2_SUB_SONIC)
Clark {horizontal=-2.1674047354317207, vertical=0.0, position=(265 ; 152)} ->> x=250, y=250
VoiceCommand(direction=WEST, speedLevel=L4_MACH_9350)
Clark {horizontal=-3.355660627213791, vertical=0.0, position=(264 ; 152)} ->> x=250, y=250
VoiceCommand(direction=WEST, speedLevel=L4_MACH_9350)
Clark {horizontal=-4.527509481601209, vertical=0.0, position=(262 ; 152)} ->> x=250, y=250
VoiceCommand(direction=WEST, speedLevel=L4_MACH_9350)
Clark {horizontal=-5.676263626336237, vertical=0.0, position=(259 ; 152)} ->> x=250, y=250
VoiceCommand(direction=WEST, speedLevel=L4_MACH_9350)
Clark {horizontal=-6.795713704447067, vertical=0.0, position=(256 ; 152)} ->> x=250, y=250
VoiceCommand(direction=WEST, speedLevel=L4_MACH_9350)
Clark {horizontal=-7.880259392565042, vertical=0.0, position=(252 ; 152)} ->> x=250, y=250
VoiceCommand(direction=NORTH, speedLevel=L3_SUPER_SONIC)
Clark {horizontal=-6.925013172329768, vertical=0.7, position=(248 ; 152)} ->> x=250, y=250
VoiceCommand(direction=NORTH, speedLevel=L3_SUPER_SONIC)
Clark {horizontal=-6.005123653737416, vertical=1.3987749999999999, position=(245 ; 153)} ->> x=250, y=250
VoiceCommand(direction=EAST, speedLevel=L4_MACH_9350)
Clark {horizontal=-3.114969878495725, vertical=0.5938835712484374, position=(243 ; 153)} ->> x=250, y=250
VoiceCommand(direction=EAST, speedLevel=L4_MACH_9350)
Clark {horizontal=-0.29071228513588565, vertical=0.0, position=(242 ; 153)} ->> x=250, y=250
VoiceCommand(direction=EAST, speedLevel=L4_MACH_9350)
Clark {horizontal=2.509498998945937, vertical=0.0, position=(243 ; 153)} ->> x=250, y=250
VoiceCommand(direction=EAST, speedLevel=L4_MACH_9350)
Clark {horizontal=3.69375503588166, vertical=0.0, position=(245 ; 153)} ->> x=250, y=250
VoiceCommand(direction=EAST, speedLevel=L4_MACH_9350)
Clark {horizontal=4.859645470218908, vertical=0.0, position=(247 ; 153)} ->> x=250, y=250
VoiceCommand(direction=EAST, speedLevel=L4_MACH_9350)
Clark {horizontal=6.00060508497836, vertical=0.0, position=(250 ; 153)} ->> x=250, y=250
VoiceCommand(direction=NORTH, speedLevel=L3_SUPER_SONIC)
Clark {horizontal=5.110586931513689, vertical=0.7, position=(253 ; 153)} ->> x=250, y=250
VoiceCommand(direction=WEST, speedLevel=L4_MACH_9350)
Clark {horizontal=2.2452916845522926, vertical=0.0, position=(255 ; 153)} ->> x=250, y=250
VoiceCommand(direction=WEST, speedLevel=L4_MACH_9350)
Clark {horizontal=-0.5673116523195065, vertical=0.0, position=(255 ; 153)} ->> x=250, y=250
VoiceCommand(direction=WEST, speedLevel=L4_MACH_9350)
Clark {horizontal=-1.7665070460423626, vertical=0.0, position=(254 ; 153)} ->> x=250, y=250
VoiceCommand(direction=WEST, speedLevel=L4_MACH_9350)
Clark {horizontal=-2.9587056781830694, vertical=0.0, position=(253 ; 153)} ->> x=250, y=250
VoiceCommand(direction=WEST, speedLevel=L4_MACH_9350)
Clark {horizontal=-4.136820829957788, vertical=0.0, position=(251 ; 153)} ->> x=250, y=250
VoiceCommand(direction=NORTH, speedLevel=L3_SUPER_SONIC)
Clark {horizontal=-3.2940376135098566, vertical=0.7, position=(249 ; 153)} ->> x=250, y=250
VoiceCommand(direction=NORTH, speedLevel=L3_SUPER_SONIC)
Clark {horizontal=-2.4669109040118125, vertical=1.3987749999999999, position=(248 ; 154)} ->> x=250, y=250
VoiceCommand(direction=NORTH, speedLevel=L3_SUPER_SONIC)
Clark {horizontal=-1.6516967804909815, vertical=2.0938835712484374, position=(247 ; 155)} ->> x=250, y=250
VoiceCommand(direction=EAST, speedLevel=L4_MACH_9350)
Clark {horizontal=1.1551234751457296, vertical=1.282922700223577, position=(247 ; 156)} ->> x=250, y=250
VoiceCommand(direction=EAST, speedLevel=L4_MACH_9350)
Clark {horizontal=2.3517876995386477, vertical=0.47880797358670457, position=(248 ; 156)} ->> x=250, y=250
VoiceCommand(direction=NORTH, speedLevel=L3_SUPER_SONIC)
Clark {horizontal=1.5379604360793944, vertical=1.178234830897779, position=(249 ; 156)} ->> x=250, y=250
VoiceCommand(direction=NORTH, speedLevel=L3_SUPER_SONIC)
Clark {horizontal=0.7320471303220305, vertical=1.8747642376059273, position=(250 ; 157)} ->> x=250, y=250
VoiceCommand(direction=NORTH, speedLevel=L3_SUPER_SONIC)
Clark {horizontal=0.0, vertical=2.565977385239412, position=(250 ; 158)} ->> x=250, y=250
VoiceCommand(direction=NORTH, speedLevel=L3_SUPER_SONIC)
Clark {horizontal=0.0, vertical=3.249516785385512, position=(250 ; 159)} ->> x=250, y=250
VoiceCommand(direction=NORTH, speedLevel=L3_SUPER_SONIC)
Clark {horizontal=0.0, vertical=3.9231183870392563, position=(250 ; 161)} ->> x=250, y=250
VoiceCommand(direction=NORTH, speedLevel=L3_SUPER_SONIC)
Clark {horizontal=0.0, vertical=4.5846412423424425, position=(250 ; 163)} ->> x=250, y=250
VoiceCommand(direction=NORTH, speedLevel=L3_SUPER_SONIC)
Clark {horizontal=0.0, vertical=5.232093904039974, position=(250 ; 165)} ->> x=250, y=250
VoiceCommand(direction=NORTH, speedLevel=L3_SUPER_SONIC)
Clark {horizontal=0.0, vertical=5.8636568874882435, position=(250 ; 168)} ->> x=250, y=250
VoiceCommand(direction=NORTH, speedLevel=L3_SUPER_SONIC)
Clark {horizontal=0.0, vertical=6.477700707252772, position=(250 ; 171)} ->> x=250, y=250
VoiceCommand(direction=NORTH, speedLevel=L3_SUPER_SONIC)
Clark {horizontal=0.0, vertical=7.0727991911209145, position=(250 ; 174)} ->> x=250, y=250
VoiceCommand(direction=NORTH, speedLevel=L3_SUPER_SONIC)
Clark {horizontal=0.0, vertical=7.647737970126113, position=(250 ; 178)} ->> x=250, y=250
VoiceCommand(direction=NORTH, speedLevel=L3_SUPER_SONIC)
Clark {horizontal=0.0, vertical=8.201518229976841, position=(250 ; 182)} ->> x=250, y=250
VoiceCommand(direction=NORTH, speedLevel=L3_SUPER_SONIC)
Clark {horizontal=0.0, vertical=8.733355976785235, position=(250 ; 186)} ->> x=250, y=250
VoiceCommand(direction=NORTH, speedLevel=L3_SUPER_SONIC)
Clark {horizontal=0.0, vertical=9.242677210242109, position=(250 ; 190)} ->> x=250, y=250
VoiceCommand(direction=NORTH, speedLevel=L3_SUPER_SONIC)
Clark {horizontal=0.0, vertical=9.729109505210287, position=(250 ; 195)} ->> x=250, y=250
VoiceCommand(direction=NORTH, speedLevel=L3_SUPER_SONIC)
Clark {horizontal=0.0, vertical=10.192470575799355, position=(250 ; 200)} ->> x=250, y=250
VoiceCommand(direction=NORTH, speedLevel=L3_SUPER_SONIC)
Clark {horizontal=0.0, vertical=10.632754434703015, position=(250 ; 205)} ->> x=250, y=250
VoiceCommand(direction=NORTH, speedLevel=L2_SUB_SONIC)
Clark {horizontal=0.0, vertical=10.550115767531274, position=(250 ; 210)} ->> x=250, y=250
VoiceCommand(direction=NORTH, speedLevel=L2_SUB_SONIC)
Clark {horizontal=0.0, vertical=10.471853410760493, position=(250 ; 215)} ->> x=250, y=250
VoiceCommand(direction=NORTH, speedLevel=L2_SUB_SONIC)
Clark {horizontal=0.0, vertical=10.397704126119352, position=(250 ; 220)} ->> x=250, y=250
VoiceCommand(direction=NORTH, speedLevel=L2_SUB_SONIC)
Clark {horizontal=0.0, vertical=10.327423498383554, position=(250 ; 225)} ->> x=250, y=250
VoiceCommand(direction=NORTH, speedLevel=L2_SUB_SONIC)
Clark {horizontal=0.0, vertical=10.260784308096142, position=(250 ; 230)} ->> x=250, y=250
VoiceCommand(direction=NORTH, speedLevel=L2_SUB_SONIC)
Clark {horizontal=0.0, vertical=10.197575071552961, position=(250 ; 235)} ->> x=250, y=250
VoiceCommand(direction=NORTH, speedLevel=L4_MACH_9350)
Clark {horizontal=0.0, vertical=11.137598728203066, position=(250 ; 240)} ->> x=250, y=250
VoiceCommand(direction=NORTH, speedLevel=L4_MACH_9350)
Clark {horizontal=0.0, vertical=12.02748346462689, position=(250 ; 246)} ->> x=250, y=250
VoiceCommand(direction=NORTH, speedLevel=L4_MACH_9350)
Clark {horizontal=0.0, vertical=12.865832568397206, position=(250 ; 252)} ->> x=250, y=250
VoiceCommand(direction=SOUTH, speedLevel=L0_RUNNING_HUMAN)
Training is over in 106s
Training result COMPLETED
Clark {horizontal=0.0, vertical=0.0, position=(1 ; 1)} ->> x=200, y=200
VoiceCommand(direction=EAST, speedLevel=L3_SUPER_SONIC)
Clark {horizontal=0.7, vertical=0.0, position=(1 ; 1)} ->> x=200, y=200
VoiceCommand(direction=EAST, speedLevel=L3_SUPER_SONIC)
Clark {horizontal=1.3987749999999999, vertical=0.0, position=(2 ; 1)} ->> x=200, y=200
VoiceCommand(direction=EAST, speedLevel=L3_SUPER_SONIC)
Clark {horizontal=2.0938835712484374, vertical=0.0, position=(3 ; 1)} ->> x=200, y=200
VoiceCommand(direction=EAST, speedLevel=L3_SUPER_SONIC)
Clark {horizontal=2.782922700223577, vertical=0.0, position=(4 ; 1)} ->> x=200, y=200
VoiceCommand(direction=EAST, speedLevel=L3_SUPER_SONIC)
Clark {horizontal=3.463561053335028, vertical=0.0, position=(6 ; 1)} ->> x=200, y=200
VoiceCommand(direction=EAST, speedLevel=L3_SUPER_SONIC)
Clark {horizontal=4.133570415409579, vertical=0.0, position=(8 ; 1)} ->> x=200, y=200
VoiceCommand(direction=EAST, speedLevel=L3_SUPER_SONIC)
Clark {horizontal=4.790854404461706, vertical=0.0, position=(10 ; 1)} ->> x=200, y=200
VoiceCommand(direction=EAST, speedLevel=L3_SUPER_SONIC)
Clark {horizontal=5.433473689649831, vertical=0.0, position=(13 ; 1)} ->> x=200, y=200
VoiceCommand(direction=EAST, speedLevel=L3_SUPER_SONIC)
Clark {horizontal=6.0596670988095385, vertical=0.0, position=(16 ; 1)} ->> x=200, y=200
VoiceCommand(direction=EAST, speedLevel=L3_SUPER_SONIC)
Clark {horizontal=6.667868185438551, vertical=0.0, position=(19 ; 1)} ->> x=200, y=200
VoiceCommand(direction=EAST, speedLevel=L3_SUPER_SONIC)
Clark {horizontal=7.256717020092593, vertical=0.0, position=(22 ; 1)} ->> x=200, y=200
VoiceCommand(direction=EAST, speedLevel=L3_SUPER_SONIC)
Clark {horizontal=7.825067165318339, vertical=0.0, position=(26 ; 1)} ->> x=200, y=200
VoiceCommand(direction=EAST, speedLevel=L3_SUPER_SONIC)
Clark {horizontal=8.37198797496398, vertical=0.0, position=(30 ; 1)} ->> x=200, y=200
VoiceCommand(direction=EAST, speedLevel=L3_SUPER_SONIC)
Clark {horizontal=8.896762518331627, vertical=0.0, position=(34 ; 1)} ->> x=200, y=200
VoiceCommand(direction=EAST, speedLevel=L3_SUPER_SONIC)
Clark {horizontal=9.398881560062652, vertical=0.0, position=(39 ; 1)} ->> x=200, y=200
VoiceCommand(direction=EAST, speedLevel=L3_SUPER_SONIC)
Clark {horizontal=9.878034123612437, vertical=0.0, position=(44 ; 1)} ->> x=200, y=200
VoiceCommand(direction=EAST, speedLevel=L3_SUPER_SONIC)
Clark {horizontal=10.334095228244308, vertical=0.0, position=(49 ; 1)} ->> x=200, y=200
VoiceCommand(direction=EAST, speedLevel=L3_SUPER_SONIC)
Clark {horizontal=10.767111417778255, vertical=0.0, position=(54 ; 1)} ->> x=200, y=200
VoiceCommand(direction=EAST, speedLevel=L3_SUPER_SONIC)
Clark {horizontal=11.177284697071126, vertical=0.0, position=(59 ; 1)} ->> x=200, y=200
VoiceCommand(direction=EAST, speedLevel=L3_SUPER_SONIC)
Clark {horizontal=11.564955464072675, vertical=0.0, position=(65 ; 1)} ->> x=200, y=200
VoiceCommand(direction=EAST, speedLevel=L3_SUPER_SONIC)
Clark {horizontal=11.930584976857714, vertical=0.0, position=(71 ; 1)} ->> x=200, y=200
VoiceCommand(direction=EAST, speedLevel=L3_SUPER_SONIC)
Clark {horizontal=12.274737832132656, vertical=0.0, position=(77 ; 1)} ->> x=200, y=200
VoiceCommand(direction=EAST, speedLevel=L3_SUPER_SONIC)
Clark {horizontal=12.598064860013684, vertical=0.0, position=(83 ; 1)} ->> x=200, y=200
VoiceCommand(direction=EAST, speedLevel=L3_SUPER_SONIC)
Clark {horizontal=12.901286764470905, vertical=0.0, position=(89 ; 1)} ->> x=200, y=200
VoiceCommand(direction=EAST, speedLevel=L3_SUPER_SONIC)
Clark {horizontal=13.185178764023124, vertical=0.0, position=(96 ; 1)} ->> x=200, y=200
VoiceCommand(direction=EAST, speedLevel=L3_SUPER_SONIC)
Clark {horizontal=13.450556416425009, vertical=0.0, position=(103 ; 1)} ->> x=200, y=200
VoiceCommand(direction=EAST, speedLevel=L3_SUPER_SONIC)
Clark {horizontal=13.698262746646428, vertical=0.0, position=(110 ; 1)} ->> x=200, y=200
VoiceCommand(direction=EAST, speedLevel=L3_SUPER_SONIC)
Clark {horizontal=13.929156740956024, vertical=0.0, position=(117 ; 1)} ->> x=200, y=200
VoiceCommand(direction=EAST, speedLevel=L3_SUPER_SONIC)
Clark {horizontal=14.144103222170722, vertical=0.0, position=(124 ; 1)} ->> x=200, y=200
VoiceCommand(direction=EAST, speedLevel=L3_SUPER_SONIC)
Clark {horizontal=14.343964082272171, vertical=0.0, position=(131 ; 1)} ->> x=200, y=200
VoiceCommand(direction=EAST, speedLevel=L3_SUPER_SONIC)
Clark {horizontal=14.529590818288385, vertical=0.0, position=(138 ; 1)} ->> x=200, y=200
VoiceCommand(direction=EAST, speedLevel=L3_SUPER_SONIC)
Clark {horizontal=14.70181829492116, vertical=0.0, position=(145 ; 1)} ->> x=200, y=200
VoiceCommand(direction=EAST, speedLevel=L3_SUPER_SONIC)
Clark {horizontal=14.861459641978964, vertical=0.0, position=(152 ; 1)} ->> x=200, y=200
VoiceCommand(direction=EAST, speedLevel=L3_SUPER_SONIC)
Clark {horizontal=15.00930218525354, vertical=0.0, position=(159 ; 1)} ->> x=200, y=200
VoiceCommand(direction=EAST, speedLevel=L2_SUB_SONIC)
Clark {horizontal=14.6461043050329, vertical=0.0, position=(166 ; 1)} ->> x=200, y=200
VoiceCommand(direction=EAST, speedLevel=L2_SUB_SONIC)
Clark {horizontal=14.309833376748141, vertical=0.0, position=(173 ; 1)} ->> x=200, y=200
VoiceCommand(direction=EAST, speedLevel=L2_SUB_SONIC)
Clark {horizontal=13.997905048572404, vertical=0.0, position=(180 ; 1)} ->> x=200, y=200
VoiceCommand(direction=EAST, speedLevel=L2_SUB_SONIC)
Clark {horizontal=13.708051684200282, vertical=0.0, position=(187 ; 1)} ->> x=200, y=200
VoiceCommand(direction=EAST, speedLevel=L4_MACH_9350)
Clark {horizontal=14.438274981758516, vertical=0.0, position=(194 ; 1)} ->> x=200, y=200
VoiceCommand(direction=EAST, speedLevel=L4_MACH_9350)
Clark {horizontal=15.117115520636332, vertical=0.0, position=(201 ; 1)} ->> x=200, y=200
VoiceCommand(direction=NORTH, speedLevel=L3_SUPER_SONIC)
Clark {horizontal=13.745797566475673, vertical=0.7, position=(208 ; 1)} ->> x=200, y=200
VoiceCommand(direction=WEST, speedLevel=L4_MACH_9350)
Clark {horizontal=10.473430189629351, vertical=0.0, position=(214 ; 1)} ->> x=200, y=200
VoiceCommand(direction=WEST, speedLevel=L4_MACH_9350)
Clark {horizontal=7.399198339786752, vertical=0.0, position=(218 ; 1)} ->> x=200, y=200
VoiceCommand(direction=WEST, speedLevel=L2_SUB_SONIC)
Clark {horizontal=5.462327999607995, vertical=0.0, position=(221 ; 1)} ->> x=200, y=200
VoiceCommand(direction=WEST, speedLevel=L2_SUB_SONIC)
Clark {horizontal=3.587735431669741, vertical=0.0, position=(223 ; 1)} ->> x=200, y=200
VoiceCommand(direction=WEST, speedLevel=L2_SUB_SONIC)
Clark {horizontal=1.755555817850595, vertical=0.0, position=(224 ; 1)} ->> x=200, y=200
VoiceCommand(direction=WEST, speedLevel=L2_SUB_SONIC)
Clark {horizontal=-0.05214912272337768, vertical=0.0, position=(224 ; 1)} ->> x=200, y=200
VoiceCommand(direction=WEST, speedLevel=L2_SUB_SONIC)
Clark {horizontal=-0.25214232389587554, vertical=0.0, position=(224 ; 1)} ->> x=200, y=200
VoiceCommand(direction=WEST, speedLevel=L2_SUB_SONIC)
Clark {horizontal=-0.4519833845171265, vertical=0.0, position=(224 ; 1)} ->> x=200, y=200
VoiceCommand(direction=WEST, speedLevel=L2_SUB_SONIC)
Clark {horizontal=-0.6514726620674276, vertical=0.0, position=(224 ; 1)} ->> x=200, y=200
VoiceCommand(direction=WEST, speedLevel=L2_SUB_SONIC)
Clark {horizontal=-0.8504116204938745, vertical=0.0, position=(224 ; 1)} ->> x=200, y=200
VoiceCommand(direction=WEST, speedLevel=L2_SUB_SONIC)
Clark {horizontal=-1.0486036206831968, vertical=0.0, position=(224 ; 1)} ->> x=200, y=200
VoiceCommand(direction=WEST, speedLevel=L2_SUB_SONIC)
Clark {horizontal=-1.245854696799922, vertical=0.0, position=(223 ; 1)} ->> x=200, y=200
VoiceCommand(direction=WEST, speedLevel=L2_SUB_SONIC)
Clark {horizontal=-1.4419743119860757, vertical=0.0, position=(222 ; 1)} ->> x=200, y=200
VoiceCommand(direction=WEST, speedLevel=L2_SUB_SONIC)
Clark {horizontal=-1.6367760871950066, vertical=0.0, position=(221 ; 1)} ->> x=200, y=200
VoiceCommand(direction=WEST, speedLevel=L2_SUB_SONIC)
Clark {horizontal=-1.8300784972959732, vertical=0.0, position=(220 ; 1)} ->> x=200, y=200
VoiceCommand(direction=WEST, speedLevel=L2_SUB_SONIC)
Clark {horizontal=-2.0217055290303105, vertical=0.0, position=(219 ; 1)} ->> x=200, y=200
VoiceCommand(direction=WEST, speedLevel=L2_SUB_SONIC)
Clark {horizontal=-2.211487295915031, vertical=0.0, position=(218 ; 1)} ->> x=200, y=200
VoiceCommand(direction=WEST, speedLevel=L2_SUB_SONIC)
Clark {horizontal=-2.399260605765047, vertical=0.0, position=(217 ; 1)} ->> x=200, y=200
VoiceCommand(direction=WEST, speedLevel=L2_SUB_SONIC)
Clark {horizontal=-2.5848694771291068, vertical=0.0, position=(216 ; 1)} ->> x=200, y=200
VoiceCommand(direction=WEST, speedLevel=L2_SUB_SONIC)
Clark {horizontal=-2.7681656015946223, vertical=0.0, position=(215 ; 1)} ->> x=200, y=200
VoiceCommand(direction=WEST, speedLevel=L4_MACH_9350)
Clark {horizontal=-3.949008749599993, vertical=0.0, position=(213 ; 1)} ->> x=200, y=200
VoiceCommand(direction=WEST, speedLevel=L4_MACH_9350)
Clark {horizontal=-5.11002207433895, vertical=0.0, position=(211 ; 1)} ->> x=200, y=200
VoiceCommand(direction=WEST, speedLevel=L4_MACH_9350)
Clark {horizontal=-6.244741260338372, vertical=0.0, position=(208 ; 1)} ->> x=200, y=200
VoiceCommand(direction=WEST, speedLevel=L4_MACH_9350)
Clark {horizontal=-7.347249276816941, vertical=0.0, position=(205 ; 1)} ->> x=200, y=200
VoiceCommand(direction=WEST, speedLevel=L4_MACH_9350)
Clark {horizontal=-8.412294096977723, vertical=0.0, position=(201 ; 1)} ->> x=200, y=200
VoiceCommand(direction=NORTH, speedLevel=L3_SUPER_SONIC)
Clark {horizontal=-7.435377367042607, vertical=0.7, position=(197 ; 1)} ->> x=200, y=200
VoiceCommand(direction=EAST, speedLevel=L4_MACH_9350)
Clark {horizontal=-4.4971652755667835, vertical=0.0, position=(194 ; 1)} ->> x=200, y=200
VoiceCommand(direction=EAST, speedLevel=L4_MACH_9350)
Clark {horizontal=-1.646604036777374, vertical=0.0, position=(192 ; 1)} ->> x=200, y=200
VoiceCommand(direction=EAST, speedLevel=L4_MACH_9350)
Clark {horizontal=1.160174225357455, vertical=0.0, position=(192 ; 1)} ->> x=200, y=200
VoiceCommand(direction=EAST, speedLevel=L4_MACH_9350)
Clark {horizontal=2.3568092147744952, vertical=0.0, position=(193 ; 1)} ->> x=200, y=200
VoiceCommand(direction=EAST, speedLevel=L4_MACH_9350)
Clark {horizontal=3.54292284058738, vertical=0.0, position=(194 ; 1)} ->> x=200, y=200
VoiceCommand(direction=EAST, speedLevel=L4_MACH_9350)
Clark {horizontal=4.711542084951491, vertical=0.0, position=(196 ; 1)} ->> x=200, y=200
VoiceCommand(direction=EAST, speedLevel=L4_MACH_9350)
Clark {horizontal=5.856045512905818, vertical=0.0, position=(199 ; 1)} ->> x=200, y=200
VoiceCommand(direction=NORTH, speedLevel=L3_SUPER_SONIC)
Clark {horizontal=4.970312340282757, vertical=0.7, position=(202 ; 1)} ->> x=200, y=200
VoiceCommand(direction=NORTH, speedLevel=L3_SUPER_SONIC)
Clark {horizontal=4.10855232838284, vertical=1.3987749999999999, position=(204 ; 2)} ->> x=200, y=200
VoiceCommand(direction=WEST, speedLevel=L4_MACH_9350)
Clark {horizontal=1.2663518227951895, vertical=0.5938835712484374, position=(205 ; 2)} ->> x=200, y=200
VoiceCommand(direction=WEST, speedLevel=L4_MACH_9350)
Clark {horizontal=-1.5376572945525524, vertical=0.0, position=(205 ; 2)} ->> x=200, y=200
VoiceCommand(direction=WEST, speedLevel=L4_MACH_9350)
Clark {horizontal=-2.7317463196638254, vertical=0.0, position=(204 ; 2)} ->> x=200, y=200
VoiceCommand(direction=WEST, speedLevel=L4_MACH_9350)
Clark {horizontal=-3.913090224776333, vertical=0.0, position=(202 ; 2)} ->> x=200, y=200
VoiceCommand(direction=NORTH, speedLevel=L3_SUPER_SONIC)
Clark {horizontal=-3.0748095370082327, vertical=0.7, position=(200 ; 2)} ->> x=200, y=200
VoiceCommand(direction=NORTH, speedLevel=L3_SUPER_SONIC)
Clark {horizontal=-2.2511734027860406, vertical=1.3987749999999999, position=(199 ; 3)} ->> x=200, y=200
VoiceCommand(direction=NORTH, speedLevel=L3_SUPER_SONIC)
Clark {horizontal=-1.4385039485625124, vertical=2.0938835712484374, position=(198 ; 4)} ->> x=200, y=200
VoiceCommand(direction=NORTH, speedLevel=L3_SUPER_SONIC)
Clark {horizontal=-0.6333307145374375, vertical=2.782922700223577, position=(197 ; 5)} ->> x=200, y=200
VoiceCommand(direction=EAST, speedLevel=L4_MACH_9350)
Clark {horizontal=2.1676720549475035, vertical=1.9635610533350278, position=(197 ; 6)} ->> x=200, y=200
VoiceCommand(direction=EAST, speedLevel=L4_MACH_9350)
Clark {horizontal=3.3559250496030026, vertical=1.1539221233095924, position=(198 ; 7)} ->> x=200, y=200
VoiceCommand(direction=NORTH, speedLevel=L3_SUPER_SONIC)
Clark {horizontal=2.52776946725662, vertical=1.850593282642934, position=(199 ; 8)} ->> x=200, y=200
VoiceCommand(direction=NORTH, speedLevel=L3_SUPER_SONIC)
Clark {horizontal=1.7117954210576332, vertical=2.542031543898526, position=(200 ; 9)} ->> x=200, y=200
VoiceCommand(direction=NORTH, speedLevel=L3_SUPER_SONIC)
Clark {horizontal=0.9044698121487484, vertical=3.225876732973088, position=(201 ; 10)} ->> x=200, y=200
VoiceCommand(direction=NORTH, speedLevel=L3_SUPER_SONIC)
Clark {horizontal=0.10242464804602747, vertical=3.8998610312322453, position=(201 ; 12)} ->> x=200, y=200
VoiceCommand(direction=NORTH, speedLevel=L3_SUPER_SONIC)
Clark {horizontal=0.0, vertical=4.5618387410749355, position=(201 ; 14)} ->> x=200, y=200
VoiceCommand(direction=NORTH, speedLevel=L3_SUPER_SONIC)
Clark {horizontal=0.0, vertical=5.209812809326005, position=(201 ; 16)} ->> x=200, y=200
VoiceCommand(direction=NORTH, speedLevel=L3_SUPER_SONIC)
Clark {horizontal=0.0, vertical=5.841957435555462, position=(201 ; 19)} ->> x=200, y=200
VoiceCommand(direction=NORTH, speedLevel=L3_SUPER_SONIC)
Clark {horizontal=0.0, vertical=6.456636268858357, position=(201 ; 22)} ->> x=200, y=200
VoiceCommand(direction=NORTH, speedLevel=L3_SUPER_SONIC)
Clark {horizontal=0.0, vertical=7.052415889087515, position=(201 ; 25)} ->> x=200, y=200
VoiceCommand(direction=NORTH, speedLevel=L3_SUPER_SONIC)
Clark {horizontal=0.0, vertical=7.62807446440588, position=(201 ; 29)} ->> x=200, y=200
VoiceCommand(direction=NORTH, speedLevel=L3_SUPER_SONIC)
Clark {horizontal=0.0, vertical=8.182605664319578, position=(201 ; 33)} ->> x=200, y=200
VoiceCommand(direction=NORTH, speedLevel=L3_SUPER_SONIC)
Clark {horizontal=0.0, vertical=8.71521807567519, position=(201 ; 37)} ->> x=200, y=200
VoiceCommand(direction=NORTH, speedLevel=L3_SUPER_SONIC)
Clark {horizontal=0.0, vertical=9.225330510408751, position=(201 ; 41)} ->> x=200, y=200
VoiceCommand(direction=NORTH, speedLevel=L3_SUPER_SONIC)
Clark {horizontal=0.0, vertical=9.712563702843054, position=(201 ; 46)} ->> x=200, y=200
VoiceCommand(direction=NORTH, speedLevel=L3_SUPER_SONIC)
Clark {horizontal=0.0, vertical=10.176728968638594, position=(201 ; 51)} ->> x=200, y=200
VoiceCommand(direction=NORTH, speedLevel=L3_SUPER_SONIC)
Clark {horizontal=0.0, vertical=10.617814437385775, position=(201 ; 56)} ->> x=200, y=200
VoiceCommand(direction=NORTH, speedLevel=L3_SUPER_SONIC)
Clark {horizontal=0.0, vertical=11.035969478818881, position=(201 ; 61)} ->> x=200, y=200
VoiceCommand(direction=NORTH, speedLevel=L3_SUPER_SONIC)
Clark {horizontal=0.0, vertical=11.431487922975327, position=(201 ; 67)} ->> x=200, y=200
VoiceCommand(direction=NORTH, speedLevel=L3_SUPER_SONIC)
Clark {horizontal=0.0, vertical=11.8047906326425, position=(201 ; 73)} ->> x=200, y=200
VoiceCommand(direction=NORTH, speedLevel=L3_SUPER_SONIC)
Clark {horizontal=0.0, vertical=12.15640792794119, position=(201 ; 79)} ->> x=200, y=200
VoiceCommand(direction=NORTH, speedLevel=L3_SUPER_SONIC)
Clark {horizontal=0.0, vertical=12.486962293664911, position=(201 ; 85)} ->> x=200, y=200
VoiceCommand(direction=NORTH, speedLevel=L3_SUPER_SONIC)
Clark {horizontal=0.0, vertical=12.797151725356388, position=(201 ; 91)} ->> x=200, y=200
VoiceCommand(direction=NORTH, speedLevel=L3_SUPER_SONIC)
Clark {horizontal=0.0, vertical=13.087733994651908, position=(201 ; 97)} ->> x=200, y=200
VoiceCommand(direction=NORTH, speedLevel=L3_SUPER_SONIC)
Clark {horizontal=0.0, vertical=13.35951204186499, position=(201 ; 104)} ->> x=200, y=200
VoiceCommand(direction=NORTH, speedLevel=L3_SUPER_SONIC)
Clark {horizontal=0.0, vertical=13.613320636873151, position=(201 ; 111)} ->> x=200, y=200
VoiceCommand(direction=NORTH, speedLevel=L3_SUPER_SONIC)
Clark {horizontal=0.0, vertical=13.85001438996736, position=(201 ; 118)} ->> x=200, y=200
VoiceCommand(direction=NORTH, speedLevel=L3_SUPER_SONIC)
Clark {horizontal=0.0, vertical=14.070457143461603, position=(201 ; 125)} ->> x=200, y=200
VoiceCommand(direction=NORTH, speedLevel=L3_SUPER_SONIC)
Clark {horizontal=0.0, vertical=14.27551273289663, position=(201 ; 132)} ->> x=200, y=200
VoiceCommand(direction=NORTH, speedLevel=L3_SUPER_SONIC)
Clark {horizontal=0.0, vertical=14.466037073428895, position=(201 ; 139)} ->> x=200, y=200
VoiceCommand(direction=NORTH, speedLevel=L3_SUPER_SONIC)
Clark {horizontal=0.0, vertical=14.642871501904347, position=(201 ; 146)} ->> x=200, y=200
VoiceCommand(direction=NORTH, speedLevel=L3_SUPER_SONIC)
Clark {horizontal=0.0, vertical=14.80683728735114, position=(201 ; 153)} ->> x=200, y=200
VoiceCommand(direction=NORTH, speedLevel=L3_SUPER_SONIC)
Clark {horizontal=0.0, vertical=14.958731211215909, position=(201 ; 160)} ->> x=200, y=200
VoiceCommand(direction=NORTH, speedLevel=L2_SUB_SONIC)
Clark {horizontal=0.0, vertical=14.599322112592397, position=(201 ; 167)} ->> x=200, y=200
VoiceCommand(direction=NORTH, speedLevel=L2_SUB_SONIC)
Clark {horizontal=0.0, vertical=14.266471597224324, position=(201 ; 174)} ->> x=200, y=200
VoiceCommand(direction=NORTH, speedLevel=L2_SUB_SONIC)
Clark {horizontal=0.0, vertical=13.957641067638303, position=(201 ; 181)} ->> x=200, y=200
VoiceCommand(direction=NORTH, speedLevel=L2_SUB_SONIC)
Clark {horizontal=0.0, vertical=13.670601707205744, position=(201 ; 188)} ->> x=200, y=200
VoiceCommand(direction=NORTH, speedLevel=L4_MACH_9350)
Clark {horizontal=0.0, vertical=14.403388329613103, position=(201 ; 195)} ->> x=200, y=200
VoiceCommand(direction=NORTH, speedLevel=L4_MACH_9350)
Clark {horizontal=0.0, vertical=15.084744341179015, position=(201 ; 202)} ->> x=200, y=200
VoiceCommand(direction=SOUTH, speedLevel=L0_RUNNING_HUMAN)
Training is over in 62s
Training result COMPLETED
Clark {horizontal=0.0, vertical=0.0, position=(1 ; 1)} ->> x=100, y=200
VoiceCommand(direction=EAST, speedLevel=L3_SUPER_SONIC)
Clark {horizontal=0.7, vertical=0.0, position=(1 ; 1)} ->> x=100, y=200
VoiceCommand(direction=EAST, speedLevel=L3_SUPER_SONIC)
Clark {horizontal=1.3987749999999999, vertical=0.0, position=(2 ; 1)} ->> x=100, y=200
VoiceCommand(direction=EAST, speedLevel=L3_SUPER_SONIC)
Clark {horizontal=2.0938835712484374, vertical=0.0, position=(3 ; 1)} ->> x=100, y=200
VoiceCommand(direction=EAST, speedLevel=L3_SUPER_SONIC)
Clark {horizontal=2.782922700223577, vertical=0.0, position=(4 ; 1)} ->> x=100, y=200
VoiceCommand(direction=EAST, speedLevel=L3_SUPER_SONIC)
Clark {horizontal=3.463561053335028, vertical=0.0, position=(6 ; 1)} ->> x=100, y=200
VoiceCommand(direction=EAST, speedLevel=L3_SUPER_SONIC)
Clark {horizontal=4.133570415409579, vertical=0.0, position=(8 ; 1)} ->> x=100, y=200
VoiceCommand(direction=EAST, speedLevel=L3_SUPER_SONIC)
Clark {horizontal=4.790854404461706, vertical=0.0, position=(10 ; 1)} ->> x=100, y=200
VoiceCommand(direction=EAST, speedLevel=L3_SUPER_SONIC)
Clark {horizontal=5.433473689649831, vertical=0.0, position=(13 ; 1)} ->> x=100, y=200
VoiceCommand(direction=EAST, speedLevel=L3_SUPER_SONIC)
Clark {horizontal=6.0596670988095385, vertical=0.0, position=(16 ; 1)} ->> x=100, y=200
VoiceCommand(direction=EAST, speedLevel=L3_SUPER_SONIC)
Clark {horizontal=6.667868185438551, vertical=0.0, position=(19 ; 1)} ->> x=100, y=200
VoiceCommand(direction=EAST, speedLevel=L3_SUPER_SONIC)
Clark {horizontal=7.256717020092593, vertical=0.0, position=(22 ; 1)} ->> x=100, y=200
VoiceCommand(direction=EAST, speedLevel=L3_SUPER_SONIC)
Clark {horizontal=7.825067165318339, vertical=0.0, position=(26 ; 1)} ->> x=100, y=200
VoiceCommand(direction=EAST, speedLevel=L3_SUPER_SONIC)
Clark {horizontal=8.37198797496398, vertical=0.0, position=(30 ; 1)} ->> x=100, y=200
VoiceCommand(direction=EAST, speedLevel=L3_SUPER_SONIC)
Clark {horizontal=8.896762518331627, vertical=0.0, position=(34 ; 1)} ->> x=100, y=200
VoiceCommand(direction=EAST, speedLevel=L3_SUPER_SONIC)
Clark {horizontal=9.398881560062652, vertical=0.0, position=(39 ; 1)} ->> x=100, y=200
VoiceCommand(direction=EAST, speedLevel=L3_SUPER_SONIC)
Clark {horizontal=9.878034123612437, vertical=0.0, position=(44 ; 1)} ->> x=100, y=200
VoiceCommand(direction=EAST, speedLevel=L3_SUPER_SONIC)
Clark {horizontal=10.334095228244308, vertical=0.0, position=(49 ; 1)} ->> x=100, y=200
VoiceCommand(direction=EAST, speedLevel=L3_SUPER_SONIC)
Clark {horizontal=10.767111417778255, vertical=0.0, position=(54 ; 1)} ->> x=100, y=200
VoiceCommand(direction=EAST, speedLevel=L3_SUPER_SONIC)
Clark {horizontal=11.177284697071126, vertical=0.0, position=(59 ; 1)} ->> x=100, y=200
VoiceCommand(direction=EAST, speedLevel=L2_SUB_SONIC)
Clark {horizontal=11.064955464072675, vertical=0.0, position=(65 ; 1)} ->> x=100, y=200
VoiceCommand(direction=EAST, speedLevel=L2_SUB_SONIC)
Clark {horizontal=10.958872365517895, vertical=0.0, position=(71 ; 1)} ->> x=100, y=200
VoiceCommand(direction=EAST, speedLevel=L2_SUB_SONIC)
Clark {horizontal=10.858630156708616, vertical=0.0, position=(76 ; 1)} ->> x=100, y=200
VoiceCommand(direction=EAST, speedLevel=L2_SUB_SONIC)
Clark {horizontal=10.763855534508162, vertical=0.0, position=(81 ; 1)} ->> x=100, y=200
VoiceCommand(direction=EAST, speedLevel=L2_SUB_SONIC)
Clark {horizontal=10.674204069588757, vertical=0.0, position=(86 ; 1)} ->> x=100, y=200
VoiceCommand(direction=EAST, speedLevel=L4_MACH_9350)
Clark {horizontal=11.589357488290695, vertical=0.0, position=(92 ; 1)} ->> x=100, y=200
VoiceCommand(direction=EAST, speedLevel=L4_MACH_9350)
Clark {horizontal=12.453574470812196, vertical=0.0, position=(98 ; 1)} ->> x=100, y=200
VoiceCommand(direction=NORTH, speedLevel=L3_SUPER_SONIC)
Clark {horizontal=11.265845678062032, vertical=0.7, position=(104 ; 1)} ->> x=100, y=200
VoiceCommand(direction=WEST, speedLevel=L4_MACH_9350)
Clark {horizontal=8.148547480957259, vertical=0.0, position=(109 ; 1)} ->> x=100, y=200
VoiceCommand(direction=WEST, speedLevel=L4_MACH_9350)
Clark {horizontal=5.182550415833721, vertical=0.0, position=(112 ; 1)} ->> x=100, y=200
VoiceCommand(direction=WEST, speedLevel=L4_MACH_9350)
Clark {horizontal=2.3154033438020756, vertical=0.0, position=(114 ; 1)} ->> x=100, y=200
VoiceCommand(direction=WEST, speedLevel=L4_MACH_9350)
Clark {horizontal=-0.4979993878091493, vertical=0.0, position=(114 ; 1)} ->> x=100, y=200
VoiceCommand(direction=WEST, speedLevel=L4_MACH_9350)
Clark {horizontal=-1.6973793793335035, vertical=0.0, position=(113 ; 1)} ->> x=100, y=200
VoiceCommand(direction=WEST, speedLevel=L4_MACH_9350)
Clark {horizontal=-2.890176637440037, vertical=0.0, position=(112 ; 1)} ->> x=100, y=200
VoiceCommand(direction=WEST, speedLevel=L4_MACH_9350)
Clark {horizontal=-4.069293834951027, vertical=0.0, position=(110 ; 1)} ->> x=100, y=200
VoiceCommand(direction=WEST, speedLevel=L4_MACH_9350)
Clark {horizontal=-5.227895954163101, vertical=0.0, position=(108 ; 1)} ->> x=100, y=200
VoiceCommand(direction=WEST, speedLevel=L4_MACH_9350)
Clark {horizontal=-6.359568713894213, vertical=0.0, position=(105 ; 1)} ->> x=100, y=200
VoiceCommand(direction=WEST, speedLevel=L4_MACH_9350)
Clark {horizontal=-7.458458428327358, vertical=0.0, position=(102 ; 1)} ->> x=100, y=200
VoiceCommand(direction=NORTH, speedLevel=L3_SUPER_SONIC)
Clark {horizontal=-6.519386923009639, vertical=0.7, position=(99 ; 1)} ->> x=100, y=200
VoiceCommand(direction=NORTH, speedLevel=L3_SUPER_SONIC)
Clark {horizontal=-5.613130908379866, vertical=1.3987749999999999, position=(96 ; 2)} ->> x=100, y=200
VoiceCommand(direction=EAST, speedLevel=L4_MACH_9350)
Clark {horizontal=-2.7343628118933427, vertical=0.5938835712484374, position=(94 ; 2)} ->> x=100, y=200
VoiceCommand(direction=EAST, speedLevel=L4_MACH_9350)
Clark {horizontal=0.08432903807432046, vertical=0.0, position=(93 ; 2)} ->> x=100, y=200
VoiceCommand(direction=EAST, speedLevel=L4_MACH_9350)
Clark {horizontal=1.284311259607664, vertical=0.0, position=(93 ; 2)} ->> x=100, y=200
VoiceCommand(direction=EAST, speedLevel=L4_MACH_9350)
Clark {horizontal=2.4801876210787763, vertical=0.0, position=(94 ; 2)} ->> x=100, y=200
VoiceCommand(direction=EAST, speedLevel=L4_MACH_9350)
Clark {horizontal=3.6648092944893955, vertical=0.0, position=(96 ; 2)} ->> x=100, y=200
VoiceCommand(direction=EAST, speedLevel=L4_MACH_9350)
Clark {horizontal=4.831232226576956, vertical=0.0, position=(98 ; 2)} ->> x=100, y=200
VoiceCommand(direction=NORTH, speedLevel=L3_SUPER_SONIC)
Clark {horizontal=3.972880214509167, vertical=0.7, position=(100 ; 2)} ->> x=100, y=200
VoiceCommand(direction=NORTH, speedLevel=L3_SUPER_SONIC)
Clark {horizontal=3.1334207715120708, vertical=1.3987749999999999, position=(102 ; 3)} ->> x=100, y=200
VoiceCommand(direction=NORTH, speedLevel=L3_SUPER_SONIC)
Clark {horizontal=2.3088749571837126, vertical=2.0938835712484374, position=(103 ; 4)} ->> x=100, y=200
VoiceCommand(direction=WEST, speedLevel=L4_MACH_9350)
Clark {horizontal=-0.5044523017360629, vertical=1.282922700223577, position=(103 ; 5)} ->> x=100, y=200
VoiceCommand(direction=WEST, speedLevel=L4_MACH_9350)
Clark {horizontal=-1.703816121424246, vertical=0.47880797358670457, position=(102 ; 5)} ->> x=100, y=200
VoiceCommand(direction=NORTH, speedLevel=L3_SUPER_SONIC)
Clark {horizontal=-0.896558647985183, vertical=1.178234830897779, position=(101 ; 5)} ->> x=100, y=200
VoiceCommand(direction=NORTH, speedLevel=L3_SUPER_SONIC)
Clark {horizontal=-0.09454910446199039, vertical=1.8747642376059273, position=(101 ; 6)} ->> x=100, y=200
VoiceCommand(direction=NORTH, speedLevel=L3_SUPER_SONIC)
Clark {horizontal=0.0, vertical=2.565977385239412, position=(101 ; 7)} ->> x=100, y=200
VoiceCommand(direction=NORTH, speedLevel=L3_SUPER_SONIC)
Clark {horizontal=0.0, vertical=3.249516785385512, position=(101 ; 8)} ->> x=100, y=200
VoiceCommand(direction=NORTH, speedLevel=L3_SUPER_SONIC)
Clark {horizontal=0.0, vertical=3.9231183870392563, position=(101 ; 10)} ->> x=100, y=200
VoiceCommand(direction=NORTH, speedLevel=L3_SUPER_SONIC)
Clark {horizontal=0.0, vertical=4.5846412423424425, position=(101 ; 12)} ->> x=100, y=200
VoiceCommand(direction=NORTH, speedLevel=L3_SUPER_SONIC)
Clark {horizontal=0.0, vertical=5.232093904039974, position=(101 ; 14)} ->> x=100, y=200
VoiceCommand(direction=NORTH, speedLevel=L3_SUPER_SONIC)
Clark {horizontal=0.0, vertical=5.8636568874882435, position=(101 ; 17)} ->> x=100, y=200
VoiceCommand(direction=NORTH, speedLevel=L3_SUPER_SONIC)
Clark {horizontal=0.0, vertical=6.477700707252772, position=(101 ; 20)} ->> x=100, y=200
VoiceCommand(direction=NORTH, speedLevel=L3_SUPER_SONIC)
Clark {horizontal=0.0, vertical=7.0727991911209145, position=(101 ; 23)} ->> x=100, y=200
VoiceCommand(direction=NORTH, speedLevel=L3_SUPER_SONIC)
Clark {horizontal=0.0, vertical=7.647737970126113, position=(101 ; 27)} ->> x=100, y=200
VoiceCommand(direction=NORTH, speedLevel=L3_SUPER_SONIC)
Clark {horizontal=0.0, vertical=8.201518229976841, position=(101 ; 31)} ->> x=100, y=200
VoiceCommand(direction=NORTH, speedLevel=L3_SUPER_SONIC)
Clark {horizontal=0.0, vertical=8.733355976785235, position=(101 ; 35)} ->> x=100, y=200
VoiceCommand(direction=NORTH, speedLevel=L3_SUPER_SONIC)
Clark {horizontal=0.0, vertical=9.242677210242109, position=(101 ; 39)} ->> x=100, y=200
VoiceCommand(direction=NORTH, speedLevel=L3_SUPER_SONIC)
Clark {horizontal=0.0, vertical=9.729109505210287, position=(101 ; 44)} ->> x=100, y=200
VoiceCommand(direction=NORTH, speedLevel=L3_SUPER_SONIC)
Clark {horizontal=0.0, vertical=10.192470575799355, position=(101 ; 49)} ->> x=100, y=200
VoiceCommand(direction=NORTH, speedLevel=L3_SUPER_SONIC)
Clark {horizontal=0.0, vertical=10.632754434703015, position=(101 ; 54)} ->> x=100, y=200
VoiceCommand(direction=NORTH, speedLevel=L3_SUPER_SONIC)
Clark {horizontal=0.0, vertical=11.050115767531274, position=(101 ; 59)} ->> x=100, y=200
VoiceCommand(direction=NORTH, speedLevel=L3_SUPER_SONIC)
Clark {horizontal=0.0, vertical=11.444853121341666, position=(101 ; 65)} ->> x=100, y=200
VoiceCommand(direction=NORTH, speedLevel=L3_SUPER_SONIC)
Clark {horizontal=0.0, vertical=11.817391463918955, position=(101 ; 71)} ->> x=100, y=200
VoiceCommand(direction=NORTH, speedLevel=L3_SUPER_SONIC)
Clark {horizontal=0.0, vertical=12.168264611390194, position=(101 ; 77)} ->> x=100, y=200
VoiceCommand(direction=NORTH, speedLevel=L3_SUPER_SONIC)
Clark {horizontal=0.0, vertical=12.498097952258167, position=(101 ; 83)} ->> x=100, y=200
VoiceCommand(direction=NORTH, speedLevel=L3_SUPER_SONIC)
Clark {horizontal=0.0, vertical=12.807591821197567, position=(101 ; 89)} ->> x=100, y=200
VoiceCommand(direction=NORTH, speedLevel=L3_SUPER_SONIC)
Clark {horizontal=0.0, vertical=13.09750580055155, position=(101 ; 95)} ->> x=100, y=200
VoiceCommand(direction=NORTH, speedLevel=L3_SUPER_SONIC)
Clark {horizontal=0.0, vertical=13.368644155062846, position=(101 ; 102)} ->> x=100, y=200
VoiceCommand(direction=NORTH, speedLevel=L3_SUPER_SONIC)
Clark {horizontal=0.0, vertical=13.621842538701106, position=(101 ; 109)} ->> x=100, y=200
VoiceCommand(direction=NORTH, speedLevel=L3_SUPER_SONIC)
Clark {horizontal=0.0, vertical=13.857956053328188, position=(101 ; 116)} ->> x=100, y=200
VoiceCommand(direction=NORTH, speedLevel=L3_SUPER_SONIC)
Clark {horizontal=0.0, vertical=14.077848688388249, position=(101 ; 123)} ->> x=100, y=200
VoiceCommand(direction=NORTH, speedLevel=L3_SUPER_SONIC)
Clark {horizontal=0.0, vertical=14.282384129155362, position=(101 ; 130)} ->> x=100, y=200
VoiceCommand(direction=NORTH, speedLevel=L3_SUPER_SONIC)
Clark {horizontal=0.0, vertical=14.47241788812349, position=(101 ; 137)} ->> x=100, y=200
VoiceCommand(direction=NORTH, speedLevel=L3_SUPER_SONIC)
Clark {horizontal=0.0, vertical=14.648790689302297, position=(101 ; 144)} ->> x=100, y=200
VoiceCommand(direction=NORTH, speedLevel=L3_SUPER_SONIC)
Clark {horizontal=0.0, vertical=14.812323017654823, position=(101 ; 151)} ->> x=100, y=200
VoiceCommand(direction=NORTH, speedLevel=L3_SUPER_SONIC)
Clark {horizontal=0.0, vertical=14.963810734706456, position=(101 ; 158)} ->> x=100, y=200
VoiceCommand(direction=NORTH, speedLevel=L2_SUB_SONIC)
Clark {horizontal=0.0, vertical=14.604021655446166, position=(101 ; 165)} ->> x=100, y=200
VoiceCommand(direction=NORTH, speedLevel=L2_SUB_SONIC)
Clark {horizontal=0.0, vertical=14.270828034164314, position=(101 ; 172)} ->> x=100, y=200
VoiceCommand(direction=NORTH, speedLevel=L2_SUB_SONIC)
Clark {horizontal=0.0, vertical=13.961686702212589, position=(101 ; 179)} ->> x=100, y=200
VoiceCommand(direction=NORTH, speedLevel=L2_SUB_SONIC)
Clark {horizontal=0.0, vertical=13.67436496328574, position=(101 ; 186)} ->> x=100, y=200
VoiceCommand(direction=NORTH, speedLevel=L4_MACH_9350)
Clark {horizontal=0.0, vertical=14.4068943204129, position=(101 ; 193)} ->> x=100, y=200
VoiceCommand(direction=NORTH, speedLevel=L4_MACH_9350)
Clark {horizontal=0.0, vertical=15.087997810514036, position=(101 ; 200)} ->> x=100, y=200
Removing target
VoiceCommand(direction=SOUTH, speedLevel=L0_RUNNING_HUMAN)
Clark {horizontal=0.0, vertical=13.718878615688844, position=(101 ; 207)} ->> x=150, y=200
VoiceCommand(direction=EAST, speedLevel=L3_SUPER_SONIC)
Clark {horizontal=0.7, vertical=12.448359539508832, position=(101 ; 214)} ->> x=150, y=200
VoiceCommand(direction=EAST, speedLevel=L3_SUPER_SONIC)
Clark {horizontal=1.3987749999999999, vertical=11.26095540144663, position=(102 ; 220)} ->> x=150, y=200
VoiceCommand(direction=EAST, speedLevel=L3_SUPER_SONIC)
Clark {horizontal=2.0938835712484374, vertical=10.143932610063205, position=(103 ; 225)} ->> x=150, y=200
VoiceCommand(direction=EAST, speedLevel=L3_SUPER_SONIC)
Clark {horizontal=2.782922700223577, vertical=9.086684188069446, position=(104 ; 230)} ->> x=150, y=200
VoiceCommand(direction=EAST, speedLevel=L3_SUPER_SONIC)
Clark {horizontal=3.463561053335028, vertical=8.080264614235167, position=(106 ; 234)} ->> x=150, y=200
VoiceCommand(direction=EAST, speedLevel=L2_SUB_SONIC)
Clark {horizontal=3.63357041540958, vertical=7.1170379236450145, position=(108 ; 238)} ->> x=150, y=200
VoiceCommand(direction=EAST, speedLevel=L2_SUB_SONIC)
Clark {horizontal=3.80056333050023, vertical=6.190407351628512, position=(110 ; 241)} ->> x=150, y=200
VoiceCommand(direction=EAST, speedLevel=L2_SUB_SONIC)
Clark {horizontal=3.9644526264273727, vertical=5.294604493680771, position=(112 ; 244)} ->> x=150, y=200
VoiceCommand(direction=EAST, speedLevel=L2_SUB_SONIC)
Clark {horizontal=4.125160414859406, vertical=4.424522401819509, position=(114 ; 246)} ->> x=150, y=200
VoiceCommand(direction=EAST, speedLevel=L2_SUB_SONIC)
Clark {horizontal=4.282618043738598, vertical=3.575581405609002, position=(116 ; 248)} ->> x=150, y=200
VoiceCommand(direction=EAST, speedLevel=L2_SUB_SONIC)
Clark {horizontal=4.436766000467209, vertical=2.74361944963866, position=(118 ; 250)} ->> x=150, y=200
VoiceCommand(direction=EAST, speedLevel=L2_SUB_SONIC)
Clark {horizontal=4.587553769109954, vertical=1.924800830427571, position=(120 ; 251)} ->> x=150, y=200
VoiceCommand(direction=EAST, speedLevel=L2_SUB_SONIC)
Clark {horizontal=4.734939645148767, vertical=1.1155386848355344, position=(122 ; 252)} ->> x=150, y=200
VoiceCommand(direction=EAST, speedLevel=L2_SUB_SONIC)
Clark {horizontal=4.878890511540764, vertical=0.31242761844212286, position=(124 ; 252)} ->> x=150, y=200
VoiceCommand(direction=EAST, speedLevel=L2_SUB_SONIC)
Clark {horizontal=5.019381579981758, vertical=0.0, position=(126 ; 252)} ->> x=150, y=200
VoiceCommand(direction=EAST, speedLevel=L2_SUB_SONIC)
Clark {horizontal=5.156396101368108, vertical=0.0, position=(129 ; 252)} ->> x=150, y=200
VoiceCommand(direction=EAST, speedLevel=L2_SUB_SONIC)
Clark {horizontal=5.289925049482597, vertical=0.0, position=(132 ; 252)} ->> x=150, y=200
VoiceCommand(direction=EAST, speedLevel=L2_SUB_SONIC)
Clark {horizontal=5.419966781909738, vertical=0.0, position=(135 ; 252)} ->> x=150, y=200
VoiceCommand(direction=EAST, speedLevel=L4_MACH_9350)
Clark {horizontal=6.546526682117226, vertical=0.0, position=(138 ; 252)} ->> x=150, y=200
VoiceCommand(direction=EAST, speedLevel=L4_MACH_9350)
Clark {horizontal=7.639384153118044, vertical=0.0, position=(142 ; 252)} ->> x=150, y=200
VoiceCommand(direction=EAST, speedLevel=L4_MACH_9350)
Clark {horizontal=8.693483677520767, vertical=0.0, position=(146 ; 252)} ->> x=150, y=200
VoiceCommand(direction=EAST, speedLevel=L4_MACH_9350)
Clark {horizontal=9.704542031392467, vertical=0.0, position=(151 ; 252)} ->> x=150, y=200
VoiceCommand(direction=SOUTH, speedLevel=L3_SUPER_SONIC)
Clark {horizontal=8.66909669129481, vertical=-0.7, position=(156 ; 252)} ->> x=150, y=200
VoiceCommand(direction=WEST, speedLevel=L4_MACH_9350)
Clark {horizontal=5.681213597687263, vertical=0.0, position=(160 ; 252)} ->> x=150, y=200
VoiceCommand(direction=WEST, speedLevel=L4_MACH_9350)
Clark {horizontal=2.800523127830896, vertical=0.0, position=(162 ; 252)} ->> x=150, y=200
VoiceCommand(direction=WEST, speedLevel=L4_MACH_9350)
Clark {horizontal=-0.019084196642893403, vertical=0.0, position=(163 ; 252)} ->> x=150, y=200
VoiceCommand(direction=WEST, speedLevel=L4_MACH_9350)
Clark {horizontal=-1.2190832861264895, vertical=0.0, position=(163 ; 252)} ->> x=150, y=200
VoiceCommand(direction=WEST, speedLevel=L4_MACH_9350)
Clark {horizontal=-2.4153678759802073, vertical=0.0, position=(162 ; 252)} ->> x=150, y=200
VoiceCommand(direction=WEST, speedLevel=L4_MACH_9350)
Clark {horizontal=-3.6007828710394145, vertical=0.0, position=(160 ; 252)} ->> x=150, y=200
VoiceCommand(direction=WEST, speedLevel=L4_MACH_9350)
Clark {horizontal=-4.768368777828488, vertical=0.0, position=(158 ; 252)} ->> x=150, y=200
VoiceCommand(direction=WEST, speedLevel=L4_MACH_9350)
Clark {horizontal=-5.911525425825063, vertical=0.0, position=(155 ; 252)} ->> x=150, y=200
VoiceCommand(direction=WEST, speedLevel=L4_MACH_9350)
Clark {horizontal=-7.024160093674623, vertical=0.0, position=(152 ; 252)} ->> x=150, y=200
VoiceCommand(direction=SOUTH, speedLevel=L3_SUPER_SONIC)
Clark {horizontal=-6.100813031120695, vertical=-0.7, position=(149 ; 252)} ->> x=150, y=200
VoiceCommand(direction=SOUTH, speedLevel=L3_SUPER_SONIC)
Clark {horizontal=-5.207763232018965, vertical=-1.3987749999999999, position=(146 ; 251)} ->> x=150, y=200
VoiceCommand(direction=EAST, speedLevel=L4_MACH_9350)
Clark {horizontal=-2.339961237317043, vertical=-0.5938835712484374, position=(144 ; 251)} ->> x=150, y=200
VoiceCommand(direction=EAST, speedLevel=L4_MACH_9350)
Clark {horizontal=0.47372730916332273, vertical=0.0, position=(144 ; 251)} ->> x=150, y=200
VoiceCommand(direction=EAST, speedLevel=L4_MACH_9350)
Clark {horizontal=1.673166265254705, vertical=0.0, position=(145 ; 251)} ->> x=150, y=200
VoiceCommand(direction=EAST, speedLevel=L4_MACH_9350)
Clark {horizontal=2.866167551876739, vertical=0.0, position=(146 ; 251)} ->> x=150, y=200
VoiceCommand(direction=EAST, speedLevel=L4_MACH_9350)
Clark {horizontal=4.045630260788161, vertical=0.0, position=(148 ; 251)} ->> x=150, y=200
VoiceCommand(direction=SOUTH, speedLevel=L3_SUPER_SONIC)
Clark {horizontal=3.2047124502706485, vertical=-0.7, position=(150 ; 251)} ->> x=150, y=200
VoiceCommand(direction=SOUTH, speedLevel=L3_SUPER_SONIC)
Clark {horizontal=2.3790369955483492, vertical=-1.3987749999999999, position=(151 ; 250)} ->> x=150, y=200
VoiceCommand(direction=SOUTH, speedLevel=L3_SUPER_SONIC)
Clark {horizontal=1.5648874529828798, vertical=-2.0938835712484374, position=(152 ; 249)} ->> x=150, y=200
VoiceCommand(direction=SOUTH, speedLevel=L3_SUPER_SONIC)
Clark {horizontal=0.7587652711316216, vertical=-2.782922700223577, position=(153 ; 248)} ->> x=150, y=200
VoiceCommand(direction=WEST, speedLevel=L4_MACH_9350)
Clark {horizontal=-2.042674040710067, vertical=-1.9635610533350278, position=(153 ; 247)} ->> x=150, y=200
VoiceCommand(direction=WEST, speedLevel=L4_MACH_9350)
Clark {horizontal=-3.2322427476185904, vertical=-1.1539221233095924, position=(152 ; 246)} ->> x=150, y=200
VoiceCommand(direction=SOUTH, speedLevel=L3_SUPER_SONIC)
Clark {horizontal=-2.406124264669758, vertical=-1.850593282642934, position=(151 ; 245)} ->> x=150, y=200
VoiceCommand(direction=SOUTH, speedLevel=L2_SUB_SONIC)
Clark {horizontal=-1.5916506797271763, vertical=-2.042031543898526, position=(150 ; 244)} ->> x=150, y=200
VoiceCommand(direction=SOUTH, speedLevel=L2_SUB_SONIC)
Clark {horizontal=-0.7853173000114864, vertical=-2.2316068118328345, position=(149 ; 243)} ->> x=150, y=200
VoiceCommand(direction=SOUTH, speedLevel=L2_SUB_SONIC)
Clark {horizontal=0.0, vertical=-2.4191566394262876, position=(149 ; 242)} ->> x=150, y=200
VoiceCommand(direction=SOUTH, speedLevel=L2_SUB_SONIC)
Clark {horizontal=0.0, vertical=-2.604525842311087, position=(149 ; 241)} ->> x=150, y=200
VoiceCommand(direction=SOUTH, speedLevel=L2_SUB_SONIC)
Clark {horizontal=0.0, vertical=-2.787566955152921, position=(149 ; 240)} ->> x=150, y=200
VoiceCommand(direction=SOUTH, speedLevel=L2_SUB_SONIC)
Clark {horizontal=0.0, vertical=-2.9681406313292698, position=(149 ; 239)} ->> x=150, y=200
VoiceCommand(direction=SOUTH, speedLevel=L2_SUB_SONIC)
Clark {horizontal=0.0, vertical=-3.1461159843109003, position=(149 ; 237)} ->> x=150, y=200
VoiceCommand(direction=SOUTH, speedLevel=L2_SUB_SONIC)
Clark {horizontal=0.0, vertical=-3.321370869844059, position=(149 ; 235)} ->> x=150, y=200
VoiceCommand(direction=SOUTH, speedLevel=L2_SUB_SONIC)
Clark {horizontal=0.0, vertical=-3.493792108706437, position=(149 ; 233)} ->> x=150, y=200
VoiceCommand(direction=SOUTH, speedLevel=L2_SUB_SONIC)
Clark {horizontal=0.0, vertical=-3.6632756504592887, position=(149 ; 231)} ->> x=150, y=200
VoiceCommand(direction=SOUTH, speedLevel=L2_SUB_SONIC)
Clark {horizontal=0.0, vertical=-3.829726679231169, position=(149 ; 229)} ->> x=150, y=200
VoiceCommand(direction=SOUTH, speedLevel=L2_SUB_SONIC)
Clark {horizontal=0.0, vertical=-3.9930596631371316, position=(149 ; 227)} ->> x=150, y=200
VoiceCommand(direction=SOUTH, speedLevel=L2_SUB_SONIC)
Clark {horizontal=0.0, vertical=-4.1531983494536995, position=(149 ; 225)} ->> x=150, y=200
VoiceCommand(direction=SOUTH, speedLevel=L2_SUB_SONIC)
Clark {horizontal=0.0, vertical=-4.310075708128937, position=(149 ; 223)} ->> x=150, y=200
VoiceCommand(direction=SOUTH, speedLevel=L2_SUB_SONIC)
Clark {horizontal=0.0, vertical=-4.463633826604429, position=(149 ; 221)} ->> x=150, y=200
VoiceCommand(direction=SOUTH, speedLevel=L2_SUB_SONIC)
Clark {horizontal=0.0, vertical=-4.613823759259411, position=(149 ; 219)} ->> x=150, y=200
VoiceCommand(direction=SOUTH, speedLevel=L2_SUB_SONIC)
Clark {horizontal=0.0, vertical=-4.7606053350556445, position=(149 ; 217)} ->> x=150, y=200
VoiceCommand(direction=SOUTH, speedLevel=L2_SUB_SONIC)
Clark {horizontal=0.0, vertical=-4.903946927165244, position=(149 ; 215)} ->> x=150, y=200
VoiceCommand(direction=SOUTH, speedLevel=L4_MACH_9350)
Clark {horizontal=0.0, vertical=-6.04382518850411, position=(149 ; 212)} ->> x=150, y=200
VoiceCommand(direction=SOUTH, speedLevel=L4_MACH_9350)
Clark {horizontal=0.0, vertical=-7.152505631231119, position=(149 ; 209)} ->> x=150, y=200
VoiceCommand(direction=SOUTH, speedLevel=L4_MACH_9350)
Clark {horizontal=0.0, vertical=-8.224609789219137, position=(149 ; 205)} ->> x=150, y=200
VoiceCommand(direction=SOUTH, speedLevel=L4_MACH_9350)
Clark {horizontal=0.0, vertical=-9.25549927375684, position=(149 ; 201)} ->> x=150, y=200
Removing target
VoiceCommand(direction=SOUTH, speedLevel=L0_RUNNING_HUMAN)
Training is over in 79s
Training result COMPLETED
Clark {horizontal=0.0, vertical=0.0, position=(1 ; 1)} ->> x=100, y=200
VoiceCommand(direction=EAST, speedLevel=L3_SUPER_SONIC)
Clark {horizontal=0.7, vertical=0.0, position=(1 ; 1)} ->> x=100, y=200
VoiceCommand(direction=EAST, speedLevel=L3_SUPER_SONIC)
Clark {horizontal=1.3987749999999999, vertical=0.0, position=(2 ; 1)} ->> x=100, y=200
VoiceCommand(direction=EAST, speedLevel=L3_SUPER_SONIC)
Clark {horizontal=2.0938835712484374, vertical=0.0, position=(3 ; 1)} ->> x=100, y=200
VoiceCommand(direction=EAST, speedLevel=L3_SUPER_SONIC)
Clark {horizontal=2.782922700223577, vertical=0.0, position=(4 ; 1)} ->> x=100, y=200
VoiceCommand(direction=EAST, speedLevel=L3_SUPER_SONIC)
Clark {horizontal=3.463561053335028, vertical=0.0, position=(6 ; 1)} ->> x=100, y=200
VoiceCommand(direction=EAST, speedLevel=L3_SUPER_SONIC)
Clark {horizontal=4.133570415409579, vertical=0.0, position=(8 ; 1)} ->> x=100, y=200
VoiceCommand(direction=EAST, speedLevel=L3_SUPER_SONIC)
Clark {horizontal=4.790854404461706, vertical=0.0, position=(10 ; 1)} ->> x=100, y=200
VoiceCommand(direction=EAST, speedLevel=L3_SUPER_SONIC)
Clark {horizontal=5.433473689649831, vertical=0.0, position=(13 ; 1)} ->> x=100, y=200
VoiceCommand(direction=EAST, speedLevel=L3_SUPER_SONIC)
Clark {horizontal=6.0596670988095385, vertical=0.0, position=(16 ; 1)} ->> x=100, y=200
VoiceCommand(direction=EAST, speedLevel=L3_SUPER_SONIC)
Clark {horizontal=6.667868185438551, vertical=0.0, position=(19 ; 1)} ->> x=100, y=200
VoiceCommand(direction=EAST, speedLevel=L3_SUPER_SONIC)
Clark {horizontal=7.256717020092593, vertical=0.0, position=(22 ; 1)} ->> x=100, y=200
VoiceCommand(direction=EAST, speedLevel=L3_SUPER_SONIC)
Clark {horizontal=7.825067165318339, vertical=0.0, position=(26 ; 1)} ->> x=100, y=200
VoiceCommand(direction=EAST, speedLevel=L3_SUPER_SONIC)
Clark {horizontal=8.37198797496398, vertical=0.0, position=(30 ; 1)} ->> x=100, y=200
VoiceCommand(direction=EAST, speedLevel=L3_SUPER_SONIC)
Clark {horizontal=8.896762518331627, vertical=0.0, position=(34 ; 1)} ->> x=100, y=200
VoiceCommand(direction=EAST, speedLevel=L3_SUPER_SONIC)
Clark {horizontal=9.398881560062652, vertical=0.0, position=(39 ; 1)} ->> x=100, y=200
VoiceCommand(direction=EAST, speedLevel=L3_SUPER_SONIC)
Clark {horizontal=9.878034123612437, vertical=0.0, position=(44 ; 1)} ->> x=100, y=200
VoiceCommand(direction=EAST, speedLevel=L3_SUPER_SONIC)
Clark {horizontal=10.334095228244308, vertical=0.0, position=(49 ; 1)} ->> x=100, y=200
VoiceCommand(direction=EAST, speedLevel=L3_SUPER_SONIC)
Clark {horizontal=10.767111417778255, vertical=0.0, position=(54 ; 1)} ->> x=100, y=200
VoiceCommand(direction=EAST, speedLevel=L3_SUPER_SONIC)
Clark {horizontal=11.177284697071126, vertical=0.0, position=(59 ; 1)} ->> x=100, y=200
VoiceCommand(direction=EAST, speedLevel=L2_SUB_SONIC)
Clark {horizontal=11.064955464072675, vertical=0.0, position=(65 ; 1)} ->> x=100, y=200
VoiceCommand(direction=EAST, speedLevel=L2_SUB_SONIC)
Clark {horizontal=10.958872365517895, vertical=0.0, position=(71 ; 1)} ->> x=100, y=200
VoiceCommand(direction=EAST, speedLevel=L2_SUB_SONIC)
Clark {horizontal=10.858630156708616, vertical=0.0, position=(76 ; 1)} ->> x=100, y=200
VoiceCommand(direction=EAST, speedLevel=L2_SUB_SONIC)
Clark {horizontal=10.763855534508162, vertical=0.0, position=(81 ; 1)} ->> x=100, y=200
VoiceCommand(direction=EAST, speedLevel=L2_SUB_SONIC)
Clark {horizontal=10.674204069588757, vertical=0.0, position=(86 ; 1)} ->> x=100, y=200
VoiceCommand(direction=EAST, speedLevel=L4_MACH_9350)
Clark {horizontal=11.589357488290695, vertical=0.0, position=(92 ; 1)} ->> x=100, y=200
VoiceCommand(direction=EAST, speedLevel=L4_MACH_9350)
Clark {horizontal=12.453574470812196, vertical=0.0, position=(98 ; 1)} ->> x=100, y=200
VoiceCommand(direction=NORTH, speedLevel=L3_SUPER_SONIC)
Clark {horizontal=11.265845678062032, vertical=0.7, position=(104 ; 1)} ->> x=100, y=200
VoiceCommand(direction=WEST, speedLevel=L4_MACH_9350)
Clark {horizontal=8.148547480957259, vertical=0.0, position=(109 ; 1)} ->> x=100, y=200
VoiceCommand(direction=WEST, speedLevel=L4_MACH_9350)
Clark {horizontal=5.182550415833721, vertical=0.0, position=(112 ; 1)} ->> x=100, y=200
VoiceCommand(direction=WEST, speedLevel=L4_MACH_9350)
Clark {horizontal=2.3154033438020756, vertical=0.0, position=(114 ; 1)} ->> x=100, y=200
VoiceCommand(direction=WEST, speedLevel=L4_MACH_9350)
Clark {horizontal=-0.4979993878091493, vertical=0.0, position=(114 ; 1)} ->> x=100, y=200
VoiceCommand(direction=WEST, speedLevel=L4_MACH_9350)
Clark {horizontal=-1.6973793793335035, vertical=0.0, position=(113 ; 1)} ->> x=100, y=200
VoiceCommand(direction=WEST, speedLevel=L4_MACH_9350)
Clark {horizontal=-2.890176637440037, vertical=0.0, position=(112 ; 1)} ->> x=100, y=200
VoiceCommand(direction=WEST, speedLevel=L4_MACH_9350)
Clark {horizontal=-4.069293834951027, vertical=0.0, position=(110 ; 1)} ->> x=100, y=200
VoiceCommand(direction=WEST, speedLevel=L4_MACH_9350)
Clark {horizontal=-5.227895954163101, vertical=0.0, position=(108 ; 1)} ->> x=100, y=200
VoiceCommand(direction=WEST, speedLevel=L4_MACH_9350)
Clark {horizontal=-6.359568713894213, vertical=0.0, position=(105 ; 1)} ->> x=100, y=200
VoiceCommand(direction=WEST, speedLevel=L4_MACH_9350)
Clark {horizontal=-7.458458428327358, vertical=0.0, position=(102 ; 1)} ->> x=100, y=200
VoiceCommand(direction=NORTH, speedLevel=L3_SUPER_SONIC)
Clark {horizontal=-6.519386923009639, vertical=0.7, position=(99 ; 1)} ->> x=100, y=200
VoiceCommand(direction=NORTH, speedLevel=L3_SUPER_SONIC)
Clark {horizontal=-5.613130908379866, vertical=1.3987749999999999, position=(96 ; 2)} ->> x=100, y=200
VoiceCommand(direction=EAST, speedLevel=L4_MACH_9350)
Clark {horizontal=-2.7343628118933427, vertical=0.5938835712484374, position=(94 ; 2)} ->> x=100, y=200
VoiceCommand(direction=EAST, speedLevel=L4_MACH_9350)
Clark {horizontal=0.08432903807432046, vertical=0.0, position=(93 ; 2)} ->> x=100, y=200
VoiceCommand(direction=EAST, speedLevel=L4_MACH_9350)
Clark {horizontal=1.284311259607664, vertical=0.0, position=(93 ; 2)} ->> x=100, y=200
VoiceCommand(direction=EAST, speedLevel=L4_MACH_9350)
Clark {horizontal=2.4801876210787763, vertical=0.0, position=(94 ; 2)} ->> x=100, y=200
VoiceCommand(direction=EAST, speedLevel=L4_MACH_9350)
Clark {horizontal=3.6648092944893955, vertical=0.0, position=(96 ; 2)} ->> x=100, y=200
VoiceCommand(direction=EAST, speedLevel=L4_MACH_9350)
Clark {horizontal=4.831232226576956, vertical=0.0, position=(98 ; 2)} ->> x=100, y=200
VoiceCommand(direction=NORTH, speedLevel=L3_SUPER_SONIC)
Clark {horizontal=3.972880214509167, vertical=0.7, position=(100 ; 2)} ->> x=100, y=200
VoiceCommand(direction=NORTH, speedLevel=L3_SUPER_SONIC)
Clark {horizontal=3.1334207715120708, vertical=1.3987749999999999, position=(102 ; 3)} ->> x=100, y=200
VoiceCommand(direction=NORTH, speedLevel=L3_SUPER_SONIC)
Clark {horizontal=2.3088749571837126, vertical=2.0938835712484374, position=(103 ; 4)} ->> x=100, y=200
VoiceCommand(direction=WEST, speedLevel=L4_MACH_9350)
Clark {horizontal=-0.5044523017360629, vertical=1.282922700223577, position=(103 ; 5)} ->> x=100, y=200
VoiceCommand(direction=WEST, speedLevel=L4_MACH_9350)
Clark {horizontal=-1.703816121424246, vertical=0.47880797358670457, position=(102 ; 5)} ->> x=100, y=200
VoiceCommand(direction=NORTH, speedLevel=L3_SUPER_SONIC)
Clark {horizontal=-0.896558647985183, vertical=1.178234830897779, position=(101 ; 5)} ->> x=100, y=200
VoiceCommand(direction=NORTH, speedLevel=L3_SUPER_SONIC)
Clark {horizontal=-0.09454910446199039, vertical=1.8747642376059273, position=(101 ; 6)} ->> x=100, y=200
VoiceCommand(direction=NORTH, speedLevel=L3_SUPER_SONIC)
Clark {horizontal=0.0, vertical=2.565977385239412, position=(101 ; 7)} ->> x=100, y=200
VoiceCommand(direction=NORTH, speedLevel=L3_SUPER_SONIC)
Clark {horizontal=0.0, vertical=3.249516785385512, position=(101 ; 8)} ->> x=100, y=200
VoiceCommand(direction=NORTH, speedLevel=L3_SUPER_SONIC)
Clark {horizontal=0.0, vertical=3.9231183870392563, position=(101 ; 10)} ->> x=100, y=200
VoiceCommand(direction=NORTH, speedLevel=L3_SUPER_SONIC)
Clark {horizontal=0.0, vertical=4.5846412423424425, position=(101 ; 12)} ->> x=100, y=200
VoiceCommand(direction=NORTH, speedLevel=L3_SUPER_SONIC)
Clark {horizontal=0.0, vertical=5.232093904039974, position=(101 ; 14)} ->> x=100, y=200
VoiceCommand(direction=NORTH, speedLevel=L3_SUPER_SONIC)
Clark {horizontal=0.0, vertical=5.8636568874882435, position=(101 ; 17)} ->> x=100, y=200
VoiceCommand(direction=NORTH, speedLevel=L3_SUPER_SONIC)
Clark {horizontal=0.0, vertical=6.477700707252772, position=(101 ; 20)} ->> x=100, y=200
VoiceCommand(direction=NORTH, speedLevel=L3_SUPER_SONIC)
Clark {horizontal=0.0, vertical=7.0727991911209145, position=(101 ; 23)} ->> x=100, y=200
VoiceCommand(direction=NORTH, speedLevel=L3_SUPER_SONIC)
Clark {horizontal=0.0, vertical=7.647737970126113, position=(101 ; 27)} ->> x=100, y=200
VoiceCommand(direction=NORTH, speedLevel=L3_SUPER_SONIC)
Clark {horizontal=0.0, vertical=8.201518229976841, position=(101 ; 31)} ->> x=100, y=200
VoiceCommand(direction=NORTH, speedLevel=L3_SUPER_SONIC)
Clark {horizontal=0.0, vertical=8.733355976785235, position=(101 ; 35)} ->> x=100, y=200
VoiceCommand(direction=NORTH, speedLevel=L3_SUPER_SONIC)
Clark {horizontal=0.0, vertical=9.242677210242109, position=(101 ; 39)} ->> x=100, y=200
VoiceCommand(direction=NORTH, speedLevel=L3_SUPER_SONIC)
Clark {horizontal=0.0, vertical=9.729109505210287, position=(101 ; 44)} ->> x=100, y=200
VoiceCommand(direction=NORTH, speedLevel=L3_SUPER_SONIC)
Clark {horizontal=0.0, vertical=10.192470575799355, position=(101 ; 49)} ->> x=100, y=200
VoiceCommand(direction=NORTH, speedLevel=L3_SUPER_SONIC)
Clark {horizontal=0.0, vertical=10.632754434703015, position=(101 ; 54)} ->> x=100, y=200
VoiceCommand(direction=NORTH, speedLevel=L3_SUPER_SONIC)
Clark {horizontal=0.0, vertical=11.050115767531274, position=(101 ; 59)} ->> x=100, y=200
VoiceCommand(direction=NORTH, speedLevel=L3_SUPER_SONIC)
Clark {horizontal=0.0, vertical=11.444853121341666, position=(101 ; 65)} ->> x=100, y=200
VoiceCommand(direction=NORTH, speedLevel=L3_SUPER_SONIC)
Clark {horizontal=0.0, vertical=11.817391463918955, position=(101 ; 71)} ->> x=100, y=200
VoiceCommand(direction=NORTH, speedLevel=L3_SUPER_SONIC)
Clark {horizontal=0.0, vertical=12.168264611390194, position=(101 ; 77)} ->> x=100, y=200
VoiceCommand(direction=NORTH, speedLevel=L3_SUPER_SONIC)
Clark {horizontal=0.0, vertical=12.498097952258167, position=(101 ; 83)} ->> x=100, y=200
VoiceCommand(direction=NORTH, speedLevel=L3_SUPER_SONIC)
Clark {horizontal=0.0, vertical=12.807591821197567, position=(101 ; 89)} ->> x=100, y=200
VoiceCommand(direction=NORTH, speedLevel=L3_SUPER_SONIC)
Clark {horizontal=0.0, vertical=13.09750580055155, position=(101 ; 95)} ->> x=100, y=200
VoiceCommand(direction=NORTH, speedLevel=L3_SUPER_SONIC)
Clark {horizontal=0.0, vertical=13.368644155062846, position=(101 ; 102)} ->> x=100, y=200
VoiceCommand(direction=NORTH, speedLevel=L3_SUPER_SONIC)
Clark {horizontal=0.0, vertical=13.621842538701106, position=(101 ; 109)} ->> x=100, y=200
VoiceCommand(direction=NORTH, speedLevel=L3_SUPER_SONIC)
Clark {horizontal=0.0, vertical=13.857956053328188, position=(101 ; 116)} ->> x=100, y=200
VoiceCommand(direction=NORTH, speedLevel=L3_SUPER_SONIC)
Clark {horizontal=0.0, vertical=14.077848688388249, position=(101 ; 123)} ->> x=100, y=200
VoiceCommand(direction=NORTH, speedLevel=L3_SUPER_SONIC)
Clark {horizontal=0.0, vertical=14.282384129155362, position=(101 ; 130)} ->> x=100, y=200
VoiceCommand(direction=NORTH, speedLevel=L3_SUPER_SONIC)
Clark {horizontal=0.0, vertical=14.47241788812349, position=(101 ; 137)} ->> x=100, y=200
VoiceCommand(direction=NORTH, speedLevel=L3_SUPER_SONIC)
Clark {horizontal=0.0, vertical=14.648790689302297, position=(101 ; 144)} ->> x=100, y=200
VoiceCommand(direction=NORTH, speedLevel=L3_SUPER_SONIC)
Clark {horizontal=0.0, vertical=14.812323017654823, position=(101 ; 151)} ->> x=100, y=200
VoiceCommand(direction=NORTH, speedLevel=L3_SUPER_SONIC)
Clark {horizontal=0.0, vertical=14.963810734706456, position=(101 ; 158)} ->> x=100, y=200
VoiceCommand(direction=NORTH, speedLevel=L2_SUB_SONIC)
Clark {horizontal=0.0, vertical=14.604021655446166, position=(101 ; 165)} ->> x=100, y=200
VoiceCommand(direction=NORTH, speedLevel=L2_SUB_SONIC)
Clark {horizontal=0.0, vertical=14.270828034164314, position=(101 ; 172)} ->> x=100, y=200
VoiceCommand(direction=NORTH, speedLevel=L2_SUB_SONIC)
Clark {horizontal=0.0, vertical=13.961686702212589, position=(101 ; 179)} ->> x=100, y=200
VoiceCommand(direction=NORTH, speedLevel=L2_SUB_SONIC)
Clark {horizontal=0.0, vertical=13.67436496328574, position=(101 ; 186)} ->> x=100, y=200
VoiceCommand(direction=NORTH, speedLevel=L4_MACH_9350)
Clark {horizontal=0.0, vertical=14.4068943204129, position=(101 ; 193)} ->> x=100, y=200
VoiceCommand(direction=NORTH, speedLevel=L4_MACH_9350)
Clark {horizontal=0.0, vertical=15.087997810514036, position=(101 ; 200)} ->> x=100, y=200
Removing target
VoiceCommand(direction=SOUTH, speedLevel=L0_RUNNING_HUMAN)
Training is over in 45s
Training result COMPLETED
]]></system-out>
  <system-err><![CDATA[Target captured com.nortal.clark.training.assignment.model.Position@2509
Target captured com.nortal.clark.training.assignment.model.Position@2509
Target captured com.nortal.clark.training.assignment.model.Position@30c1
Target captured com.nortal.clark.training.assignment.model.Position@30c1
Target captured com.nortal.clark.training.assignment.model.Position@30c1
Target captured com.nortal.clark.training.assignment.model.Position@4831
Target captured com.nortal.clark.training.assignment.model.Position@3c79
Target captured com.nortal.clark.training.assignment.model.Position@256d
Target captured com.nortal.clark.training.assignment.model.Position@256d
Target captured com.nortal.clark.training.assignment.model.Position@30f3
Target captured com.nortal.clark.training.assignment.model.Position@24b9
Target captured com.nortal.clark.training.assignment.model.Position@24b9
Target captured com.nortal.clark.training.assignment.model.Position@256d
]]></system-err>
</testsuite>
